МиБ Mem :   9729,3 total,   7054,6 free,   1628,9 used,   1313,1 buff/cache     
МиБ Swap:      0,0 total,      0,0 free,      0,0 used.   8100,4 avail Mem 

МиБ Mem :   9729,3 total,   6854,5 free,   1828,8 used,   1316,2 buff/cache     
МиБ Swap:      0,0 total,      0,0 free,      0,0 used.   7900,5 avail Mem 

МиБ Mem :   9729,3 total,   6805,2 free,   1878,2 used,   1316,3 buff/cache     
МиБ Swap:      0,0 total,      0,0 free,      0,0 used.   7851,2 avail Mem 

МиБ Mem :   9729,3 total,   6792,3 free,   1891,0 used,   1313,4 buff/cache     
МиБ Swap:      0,0 total,      0,0 free,      0,0 used.   7838,4 avail Mem 

МиБ Mem :   9729,3 total,   6736,3 free,   1947,0 used,   1313,4 buff/cache     
МиБ Swap:      0,0 total,      0,0 free,      0,0 used.   7782,3 avail Mem 

МиБ Mem :   9729,3 total,   6680,9 free,   2002,4 used,   1313,4 buff/cache     
МиБ Swap:      0,0 total,      0,0 free,      0,0 used.   7727,0 avail Mem 

МиБ Mem :   9729,3 total,   6624,0 free,   2059,3 used,   1313,4 buff/cache     
МиБ Swap:      0,0 total,      0,0 free,      0,0 used.   7670,1 avail Mem 

МиБ Mem :   9729,3 total,   6565,2 free,   2118,1 used,   1313,4 buff/cache     
МиБ Swap:      0,0 total,      0,0 free,      0,0 used.   7611,3 avail Mem 

МиБ Mem :   9729,3 total,   6489,9 free,   2193,4 used,   1313,4 buff/cache     
МиБ Swap:      0,0 total,      0,0 free,      0,0 used.   7536,0 avail Mem 

МиБ Mem :   9729,3 total,   6437,9 free,   2245,3 used,   1313,4 buff/cache     
МиБ Swap:      0,0 total,      0,0 free,      0,0 used.   7484,0 avail Mem 

МиБ Mem :   9729,3 total,   6377,8 free,   2305,5 used,   1313,4 buff/cache     
МиБ Swap:      0,0 total,      0,0 free,      0,0 used.   7423,8 avail Mem 

МиБ Mem :   9729,3 total,   6318,6 free,   2364,7 used,   1313,4 buff/cache     
МиБ Swap:      0,0 total,      0,0 free,      0,0 used.   7364,6 avail Mem 

МиБ Mem :   9729,3 total,   6260,4 free,   2422,8 used,   1313,4 buff/cache     
МиБ Swap:      0,0 total,      0,0 free,      0,0 used.   7306,5 avail Mem 

МиБ Mem :   9729,3 total,   6200,9 free,   2482,3 used,   1313,4 buff/cache     
МиБ Swap:      0,0 total,      0,0 free,      0,0 used.   7247,0 avail Mem 

МиБ Mem :   9729,3 total,   6132,4 free,   2550,9 used,   1313,4 buff/cache     
МиБ Swap:      0,0 total,      0,0 free,      0,0 used.   7178,5 avail Mem 

МиБ Mem :   9729,3 total,   6070,6 free,   2612,6 used,   1313,4 buff/cache     
МиБ Swap:      0,0 total,      0,0 free,      0,0 used.   7116,7 avail Mem 

МиБ Mem :   9729,3 total,   6009,0 free,   2674,3 used,   1313,4 buff/cache     
МиБ Swap:      0,0 total,      0,0 free,      0,0 used.   7055,1 avail Mem 

МиБ Mem :   9729,3 total,   5946,0 free,   2737,3 used,   1313,4 buff/cache     
МиБ Swap:      0,0 total,      0,0 free,      0,0 used.   6992,1 avail Mem 

МиБ Mem :   9729,3 total,   5883,3 free,   2800,0 used,   1313,4 buff/cache     
МиБ Swap:      0,0 total,      0,0 free,      0,0 used.   6929,4 avail Mem 

МиБ Mem :   9729,3 total,   5820,3 free,   2863,0 used,   1313,4 buff/cache     
МиБ Swap:      0,0 total,      0,0 free,      0,0 used.   6866,4 avail Mem 

МиБ Mem :   9729,3 total,   5739,9 free,   2943,3 used,   1313,4 buff/cache     
МиБ Swap:      0,0 total,      0,0 free,      0,0 used.   6786,0 avail Mem 

МиБ Mem :   9729,3 total,   5676,9 free,   3006,3 used,   1313,4 buff/cache     
МиБ Swap:      0,0 total,      0,0 free,      0,0 used.   6723,0 avail Mem 

МиБ Mem :   9729,3 total,   5614,4 free,   3068,9 used,   1313,4 buff/cache     
МиБ Swap:      0,0 total,      0,0 free,      0,0 used.   6660,5 avail Mem 

МиБ Mem :   9729,3 total,   5551,7 free,   3131,6 used,   1313,4 buff/cache     
МиБ Swap:      0,0 total,      0,0 free,      0,0 used.   6597,8 avail Mem 

МиБ Mem :   9729,3 total,   5489,0 free,   3194,2 used,   1313,4 buff/cache     
МиБ Swap:      0,0 total,      0,0 free,      0,0 used.   6535,1 avail Mem 

МиБ Mem :   9729,3 total,   5426,7 free,   3256,5 used,   1313,5 buff/cache     
МиБ Swap:      0,0 total,      0,0 free,      0,0 used.   6472,8 avail Mem 

МиБ Mem :   9729,3 total,   5363,0 free,   3320,2 used,   1313,5 buff/cache     
МиБ Swap:      0,0 total,      0,0 free,      0,0 used.   6409,1 avail Mem 

МиБ Mem :   9729,3 total,   5299,9 free,   3383,3 used,   1313,5 buff/cache     
МиБ Swap:      0,0 total,      0,0 free,      0,0 used.   6346,1 avail Mem 

МиБ Mem :   9729,3 total,   5229,4 free,   3453,9 used,   1313,5 buff/cache     
МиБ Swap:      0,0 total,      0,0 free,      0,0 used.   6275,5 avail Mem 

МиБ Mem :   9729,3 total,   5158,2 free,   3525,0 used,   1313,5 buff/cache     
МиБ Swap:      0,0 total,      0,0 free,      0,0 used.   6204,4 avail Mem 

МиБ Mem :   9729,3 total,   5087,6 free,   3595,6 used,   1313,4 buff/cache     
МиБ Swap:      0,0 total,      0,0 free,      0,0 used.   6133,8 avail Mem 

МиБ Mem :   9729,3 total,   5032,0 free,   3651,2 used,   1313,5 buff/cache     
МиБ Swap:      0,0 total,      0,0 free,      0,0 used.   6078,1 avail Mem 

МиБ Mem :   9729,3 total,   4961,1 free,   3722,1 used,   1313,5 buff/cache     
МиБ Swap:      0,0 total,      0,0 free,      0,0 used.   6007,3 avail Mem 

МиБ Mem :   9729,3 total,   4897,9 free,   3785,3 used,   1313,5 buff/cache     
МиБ Swap:      0,0 total,      0,0 free,      0,0 used.   5944,0 avail Mem 

МиБ Mem :   9729,3 total,   4827,0 free,   3856,2 used,   1313,5 buff/cache     
МиБ Swap:      0,0 total,      0,0 free,      0,0 used.   5873,1 avail Mem 

МиБ Mem :   9729,3 total,   4764,0 free,   3919,2 used,   1313,5 buff/cache     
МиБ Swap:      0,0 total,      0,0 free,      0,0 used.   5810,2 avail Mem 

МиБ Mem :   9729,3 total,   4701,3 free,   3981,9 used,   1313,5 buff/cache     
МиБ Swap:      0,0 total,      0,0 free,      0,0 used.   5747,4 avail Mem 

МиБ Mem :   9729,3 total,   4637,7 free,   4045,5 used,   1313,5 buff/cache     
МиБ Swap:      0,0 total,      0,0 free,      0,0 used.   5683,8 avail Mem 

МиБ Mem :   9729,3 total,   4574,3 free,   4108,9 used,   1313,5 buff/cache     
МиБ Swap:      0,0 total,      0,0 free,      0,0 used.   5620,4 avail Mem 

МиБ Mem :   9729,3 total,   4511,0 free,   4172,1 used,   1313,5 buff/cache     
МиБ Swap:      0,0 total,      0,0 free,      0,0 used.   5557,2 avail Mem 

МиБ Mem :   9729,3 total,   4448,0 free,   4235,1 used,   1313,5 buff/cache     
МиБ Swap:      0,0 total,      0,0 free,      0,0 used.   5494,2 avail Mem 

МиБ Mem :   9729,3 total,   4392,6 free,   4290,6 used,   1313,5 buff/cache     
МиБ Swap:      0,0 total,      0,0 free,      0,0 used.   5438,8 avail Mem 

МиБ Mem :   9729,3 total,   4338,4 free,   4344,8 used,   1313,5 buff/cache     
МиБ Swap:      0,0 total,      0,0 free,      0,0 used.   5384,6 avail Mem 

МиБ Mem :   9729,3 total,   4276,0 free,   4407,2 used,   1313,5 buff/cache     
МиБ Swap:      0,0 total,      0,0 free,      0,0 used.   5322,1 avail Mem 

МиБ Mem :   9729,3 total,   4210,8 free,   4472,4 used,   1313,5 buff/cache     
МиБ Swap:      0,0 total,      0,0 free,      0,0 used.   5256,9 avail Mem 

МиБ Mem :   9729,3 total,   4147,5 free,   4535,7 used,   1313,5 buff/cache     
МиБ Swap:      0,0 total,      0,0 free,      0,0 used.   5193,6 avail Mem 

МиБ Mem :   9729,3 total,   4095,8 free,   4587,4 used,   1313,5 buff/cache     
МиБ Swap:      0,0 total,      0,0 free,      0,0 used.   5142,0 avail Mem 

МиБ Mem :   9729,3 total,   4033,4 free,   4649,8 used,   1313,5 buff/cache     
МиБ Swap:      0,0 total,      0,0 free,      0,0 used.   5079,6 avail Mem 

МиБ Mem :   9729,3 total,   3971,1 free,   4712,1 used,   1313,5 buff/cache     
МиБ Swap:      0,0 total,      0,0 free,      0,0 used.   5017,3 avail Mem 

МиБ Mem :   9729,3 total,   3908,6 free,   4774,6 used,   1313,5 buff/cache     
МиБ Swap:      0,0 total,      0,0 free,      0,0 used.   4954,8 avail Mem 

МиБ Mem :   9729,3 total,   3830,4 free,   4852,8 used,   1313,5 buff/cache     
МиБ Swap:      0,0 total,      0,0 free,      0,0 used.   4876,6 avail Mem 

МиБ Mem :   9729,3 total,   3767,8 free,   4915,4 used,   1313,5 buff/cache     
МиБ Swap:      0,0 total,      0,0 free,      0,0 used.   4814,0 avail Mem 

МиБ Mem :   9729,3 total,   3704,5 free,   4978,7 used,   1313,5 buff/cache     
МиБ Swap:      0,0 total,      0,0 free,      0,0 used.   4750,7 avail Mem 

МиБ Mem :   9729,3 total,   3624,5 free,   5058,7 used,   1313,5 buff/cache     
МиБ Swap:      0,0 total,      0,0 free,      0,0 used.   4670,7 avail Mem 

МиБ Mem :   9729,3 total,   3561,4 free,   5121,8 used,   1313,5 buff/cache     
МиБ Swap:      0,0 total,      0,0 free,      0,0 used.   4607,6 avail Mem 

МиБ Mem :   9729,3 total,   3496,2 free,   5187,0 used,   1313,5 buff/cache     
МиБ Swap:      0,0 total,      0,0 free,      0,0 used.   4542,4 avail Mem 

МиБ Mem :   9729,3 total,   3425,3 free,   5257,8 used,   1313,5 buff/cache     
МиБ Swap:      0,0 total,      0,0 free,      0,0 used.   4471,6 avail Mem 

МиБ Mem :   9729,3 total,   3355,7 free,   5327,4 used,   1313,5 buff/cache     
МиБ Swap:      0,0 total,      0,0 free,      0,0 used.   4401,9 avail Mem 

МиБ Mem :   9729,3 total,   3293,7 free,   5389,4 used,   1313,5 buff/cache     
МиБ Swap:      0,0 total,      0,0 free,      0,0 used.   4339,9 avail Mem 

МиБ Mem :   9729,3 total,   3211,9 free,   5471,2 used,   1313,5 buff/cache     
МиБ Swap:      0,0 total,      0,0 free,      0,0 used.   4258,1 avail Mem 

МиБ Mem :   9729,3 total,   3146,6 free,   5536,5 used,   1313,5 buff/cache     
МиБ Swap:      0,0 total,      0,0 free,      0,0 used.   4192,9 avail Mem 

МиБ Mem :   9729,3 total,   3084,7 free,   5598,4 used,   1313,5 buff/cache     
МиБ Swap:      0,0 total,      0,0 free,      0,0 used.   4131,0 avail Mem 

МиБ Mem :   9729,3 total,   3000,3 free,   5682,8 used,   1313,6 buff/cache     
МиБ Swap:      0,0 total,      0,0 free,      0,0 used.   4046,6 avail Mem 

МиБ Mem :   9729,3 total,   2929,1 free,   5754,0 used,   1313,6 buff/cache     
МиБ Swap:      0,0 total,      0,0 free,      0,0 used.   3975,4 avail Mem 

МиБ Mem :   9729,3 total,   2850,1 free,   5833,1 used,   1313,6 buff/cache     
МиБ Swap:      0,0 total,      0,0 free,      0,0 used.   3896,3 avail Mem 

МиБ Mem :   9729,3 total,   2787,9 free,   5895,3 used,   1313,6 buff/cache     
МиБ Swap:      0,0 total,      0,0 free,      0,0 used.   3834,1 avail Mem 

МиБ Mem :   9729,3 total,   2725,6 free,   5957,5 used,   1313,6 buff/cache     
МиБ Swap:      0,0 total,      0,0 free,      0,0 used.   3771,8 avail Mem 

МиБ Mem :   9729,3 total,   2661,4 free,   6021,7 used,   1313,6 buff/cache     
МиБ Swap:      0,0 total,      0,0 free,      0,0 used.   3707,7 avail Mem 

МиБ Mem :   9729,3 total,   2590,2 free,   6092,9 used,   1313,6 buff/cache     
МиБ Swap:      0,0 total,      0,0 free,      0,0 used.   3636,4 avail Mem 

МиБ Mem :   9729,3 total,   2519,7 free,   6163,4 used,   1313,6 buff/cache     
МиБ Swap:      0,0 total,      0,0 free,      0,0 used.   3565,9 avail Mem 

МиБ Mem :   9729,3 total,   2465,3 free,   6217,8 used,   1313,6 buff/cache     
МиБ Swap:      0,0 total,      0,0 free,      0,0 used.   3511,5 avail Mem 

МиБ Mem :   9729,3 total,   2393,8 free,   6289,3 used,   1313,6 buff/cache     
МиБ Swap:      0,0 total,      0,0 free,      0,0 used.   3440,0 avail Mem 

МиБ Mem :   9729,3 total,   2322,8 free,   6360,3 used,   1313,6 buff/cache     
МиБ Swap:      0,0 total,      0,0 free,      0,0 used.   3369,0 avail Mem 

МиБ Mem :   9729,3 total,   2250,9 free,   6432,2 used,   1313,6 buff/cache     
МиБ Swap:      0,0 total,      0,0 free,      0,0 used.   3297,2 avail Mem 

МиБ Mem :   9729,3 total,   2172,2 free,   6510,9 used,   1313,6 buff/cache     
МиБ Swap:      0,0 total,      0,0 free,      0,0 used.   3218,5 avail Mem 

МиБ Mem :   9729,3 total,   2101,2 free,   6581,9 used,   1313,6 buff/cache     
МиБ Swap:      0,0 total,      0,0 free,      0,0 used.   3147,5 avail Mem 

МиБ Mem :   9729,3 total,   2024,9 free,   6658,2 used,   1313,6 buff/cache     
МиБ Swap:      0,0 total,      0,0 free,      0,0 used.   3071,1 avail Mem 

МиБ Mem :   9729,3 total,   1963,4 free,   6719,7 used,   1313,6 buff/cache     
МиБ Swap:      0,0 total,      0,0 free,      0,0 used.   3009,7 avail Mem 

МиБ Mem :   9729,3 total,   1900,6 free,   6782,4 used,   1313,6 buff/cache     
МиБ Swap:      0,0 total,      0,0 free,      0,0 used.   2946,9 avail Mem 

МиБ Mem :   9729,3 total,   1821,9 free,   6861,2 used,   1313,6 buff/cache     
МиБ Swap:      0,0 total,      0,0 free,      0,0 used.   2868,2 avail Mem 

МиБ Mem :   9729,3 total,   1743,6 free,   6939,5 used,   1313,6 buff/cache     
МиБ Swap:      0,0 total,      0,0 free,      0,0 used.   2789,8 avail Mem 

МиБ Mem :   9729,3 total,   1680,1 free,   7002,9 used,   1313,6 buff/cache     
МиБ Swap:      0,0 total,      0,0 free,      0,0 used.   2726,4 avail Mem 

МиБ Mem :   9729,3 total,   1604,2 free,   7078,8 used,   1313,6 buff/cache     
МиБ Swap:      0,0 total,      0,0 free,      0,0 used.   2650,5 avail Mem 

МиБ Mem :   9729,3 total,   1538,9 free,   7144,1 used,   1313,6 buff/cache     
МиБ Swap:      0,0 total,      0,0 free,      0,0 used.   2585,2 avail Mem 

МиБ Mem :   9729,3 total,   1468,8 free,   7214,2 used,   1313,6 buff/cache     
МиБ Swap:      0,0 total,      0,0 free,      0,0 used.   2515,1 avail Mem 

МиБ Mem :   9729,3 total,   1396,8 free,   7286,2 used,   1313,6 buff/cache     
МиБ Swap:      0,0 total,      0,0 free,      0,0 used.   2443,1 avail Mem 

МиБ Mem :   9729,3 total,   1325,9 free,   7357,2 used,   1313,6 buff/cache     
МиБ Swap:      0,0 total,      0,0 free,      0,0 used.   2372,2 avail Mem 

МиБ Mem :   9729,3 total,   1261,8 free,   7421,3 used,   1313,6 buff/cache     
МиБ Swap:      0,0 total,      0,0 free,      0,0 used.   2308,1 avail Mem 

МиБ Mem :   9729,3 total,   1198,0 free,   7485,0 used,   1313,6 buff/cache     
МиБ Swap:      0,0 total,      0,0 free,      0,0 used.   2244,3 avail Mem 

МиБ Mem :   9729,3 total,   1152,0 free,   7531,1 used,   1313,6 buff/cache     
МиБ Swap:      0,0 total,      0,0 free,      0,0 used.   2198,3 avail Mem 

МиБ Mem :   9729,3 total,   1081,4 free,   7601,7 used,   1313,6 buff/cache     
МиБ Swap:      0,0 total,      0,0 free,      0,0 used.   2127,7 avail Mem 

МиБ Mem :   9729,3 total,   1002,0 free,   7681,0 used,   1313,6 buff/cache     
МиБ Swap:      0,0 total,      0,0 free,      0,0 used.   2048,3 avail Mem 

МиБ Mem :   9729,3 total,    939,7 free,   7743,3 used,   1313,6 buff/cache     
МиБ Swap:      0,0 total,      0,0 free,      0,0 used.   1986,0 avail Mem 

МиБ Mem :   9729,3 total,    876,9 free,   7806,1 used,   1313,6 buff/cache     
МиБ Swap:      0,0 total,      0,0 free,      0,0 used.   1923,3 avail Mem 

МиБ Mem :   9729,3 total,    812,7 free,   7870,3 used,   1313,7 buff/cache     
МиБ Swap:      0,0 total,      0,0 free,      0,0 used.   1859,1 avail Mem 

МиБ Mem :   9729,3 total,    635,8 free,   8047,2 used,   1313,7 buff/cache     
МиБ Swap:      0,0 total,      0,0 free,      0,0 used.   1682,1 avail Mem 

МиБ Mem :   9729,3 total,    558,2 free,   8124,8 used,   1313,7 buff/cache     
МиБ Swap:      0,0 total,      0,0 free,      0,0 used.   1604,5 avail Mem 

МиБ Mem :   9729,3 total,    494,9 free,   8188,1 used,   1313,7 buff/cache     
МиБ Swap:      0,0 total,      0,0 free,      0,0 used.   1541,3 avail Mem 

МиБ Mem :   9729,3 total,    407,9 free,   8275,1 used,   1313,7 buff/cache     
МиБ Swap:      0,0 total,      0,0 free,      0,0 used.   1454,2 avail Mem 

МиБ Mem :   9729,3 total,    344,9 free,   8338,1 used,   1313,7 buff/cache     
МиБ Swap:      0,0 total,      0,0 free,      0,0 used.   1391,2 avail Mem 

МиБ Mem :   9729,3 total,    281,6 free,   8401,4 used,   1313,7 buff/cache     
МиБ Swap:      0,0 total,      0,0 free,      0,0 used.   1327,9 avail Mem 

МиБ Mem :   9729,3 total,    211,0 free,   8472,0 used,   1313,7 buff/cache     
МиБ Swap:      0,0 total,      0,0 free,      0,0 used.   1257,4 avail Mem 

МиБ Mem :   9729,3 total,    149,4 free,   8533,6 used,   1313,7 buff/cache     
МиБ Swap:      0,0 total,      0,0 free,      0,0 used.   1195,8 avail Mem 

МиБ Mem :   9729,3 total,    201,8 free,   8580,2 used,   1214,6 buff/cache     
МиБ Swap:      0,0 total,      0,0 free,      0,0 used.   1149,2 avail Mem 

МиБ Mem :   9729,3 total,    158,3 free,   8642,5 used,   1195,7 buff/cache     
МиБ Swap:      0,0 total,      0,0 free,      0,0 used.   1086,8 avail Mem 

МиБ Mem :   9729,3 total,    166,9 free,   8697,6 used,   1131,9 buff/cache     
МиБ Swap:      0,0 total,      0,0 free,      0,0 used.   1031,8 avail Mem 

МиБ Mem :   9729,3 total,    151,5 free,   8795,7 used,   1049,1 buff/cache     
МиБ Swap:      0,0 total,      0,0 free,      0,0 used.    933,6 avail Mem 

МиБ Mem :   9729,3 total,    155,6 free,   8860,5 used,    980,2 buff/cache     
МиБ Swap:      0,0 total,      0,0 free,      0,0 used.    868,8 avail Mem 

МиБ Mem :   9729,3 total,    192,4 free,   8923,0 used,    880,8 buff/cache     
МиБ Swap:      0,0 total,      0,0 free,      0,0 used.    806,4 avail Mem 

МиБ Mem :   9729,3 total,    228,1 free,   8986,4 used,    781,8 buff/cache     
МиБ Swap:      0,0 total,      0,0 free,      0,0 used.    743,0 avail Mem 

МиБ Mem :   9729,3 total,    163,9 free,   9050,6 used,    781,8 buff/cache     
МиБ Swap:      0,0 total,      0,0 free,      0,0 used.    678,8 avail Mem 

МиБ Mem :   9729,3 total,    193,9 free,   9119,8 used,    682,5 buff/cache     
МиБ Swap:      0,0 total,      0,0 free,      0,0 used.    609,6 avail Mem 

МиБ Mem :   9729,3 total,    214,6 free,   9198,2 used,    583,4 buff/cache     
МиБ Swap:      0,0 total,      0,0 free,      0,0 used.    531,1 avail Mem 

МиБ Mem :   9729,3 total,    166,3 free,   9246,5 used,    583,4 buff/cache     
МиБ Swap:      0,0 total,      0,0 free,      0,0 used.    482,9 avail Mem 

МиБ Mem :   9729,3 total,    146,0 free,   9312,5 used,    537,6 buff/cache     
МиБ Swap:      0,0 total,      0,0 free,      0,0 used.    416,8 avail Mem 

МиБ Mem :   9729,3 total,    149,2 free,   9367,8 used,    479,1 buff/cache     
МиБ Swap:      0,0 total,      0,0 free,      0,0 used.    361,5 avail Mem 

МиБ Mem :   9729,3 total,    195,4 free,   9430,0 used,    370,5 buff/cache     
МиБ Swap:      0,0 total,      0,0 free,      0,0 used.    299,3 avail Mem 

МиБ Mem :   9729,3 total,    178,7 free,   9483,0 used,    334,2 buff/cache     
МиБ Swap:      0,0 total,      0,0 free,      0,0 used.    246,3 avail Mem 

МиБ Mem :   9729,3 total,    164,2 free,   9549,3 used,    282,4 buff/cache     
МиБ Swap:      0,0 total,      0,0 free,      0,0 used.    180,0 avail Mem 

МиБ Mem :   9729,3 total,    145,2 free,   9615,9 used,    234,5 buff/cache     
МиБ Swap:      0,0 total,      0,0 free,      0,0 used.    113,4 avail Mem 

МиБ Mem :   9729,3 total,    143,5 free,   9648,6 used,    172,7 buff/cache     
МиБ Swap:      0,0 total,      0,0 free,      0,0 used.     80,7 avail Mem 

МиБ Mem :   9729,3 total,    153,2 free,   9667,7 used,    115,1 buff/cache     
МиБ Swap:      0,0 total,      0,0 free,      0,0 used.     61,6 avail Mem 

МиБ Mem :   9729,3 total,    139,9 free,   9705,0 used,     67,1 buff/cache     
МиБ Swap:      0,0 total,      0,0 free,      0,0 used.     24,4 avail Mem 

МиБ Mem :   9729,3 total,     74,6 free,   9654,8 used,     59,0 buff/cache     
МиБ Swap:      0,0 total,      0,0 free,      0,0 used.     74,6 avail Mem 

МиБ Mem :   9729,3 total,   4240,1 free,   5583,6 used,    109,5 buff/cache     
МиБ Swap:      0,0 total,      0,0 free,      0,0 used.   4145,8 avail Mem 

МиБ Mem :   9729,3 total,   4196,7 free,   5626,2 used,    111,0 buff/cache     
МиБ Swap:      0,0 total,      0,0 free,      0,0 used.   4103,1 avail Mem 

МиБ Mem :   9729,3 total,   4160,7 free,   5662,2 used,    111,0 buff/cache     
МиБ Swap:      0,0 total,      0,0 free,      0,0 used.   4067,2 avail Mem 

МиБ Mem :   9729,3 total,   4115,6 free,   5707,3 used,    111,0 buff/cache     
МиБ Swap:      0,0 total,      0,0 free,      0,0 used.   4022,0 avail Mem 

МиБ Mem :   9729,3 total,   4080,7 free,   5742,2 used,    111,1 buff/cache     
МиБ Swap:      0,0 total,      0,0 free,      0,0 used.   3987,2 avail Mem 

МиБ Mem :   9729,3 total,   4043,2 free,   5779,7 used,    111,1 buff/cache     
МиБ Swap:      0,0 total,      0,0 free,      0,0 used.   3949,7 avail Mem 

МиБ Mem :   9729,3 total,   4005,3 free,   5817,6 used,    111,1 buff/cache     
МиБ Swap:      0,0 total,      0,0 free,      0,0 used.   3911,7 avail Mem 

МиБ Mem :   9729,3 total,   3968,7 free,   5854,2 used,    111,1 buff/cache     
МиБ Swap:      0,0 total,      0,0 free,      0,0 used.   3875,1 avail Mem 

МиБ Mem :   9729,3 total,   3928,7 free,   5894,1 used,    111,2 buff/cache     
МиБ Swap:      0,0 total,      0,0 free,      0,0 used.   3835,2 avail Mem 

МиБ Mem :   9729,3 total,   3881,5 free,   5941,3 used,    111,2 buff/cache     
МиБ Swap:      0,0 total,      0,0 free,      0,0 used.   3788,1 avail Mem 

МиБ Mem :   9729,3 total,   3834,6 free,   5988,0 used,    111,7 buff/cache     
МиБ Swap:      0,0 total,      0,0 free,      0,0 used.   3741,4 avail Mem 

МиБ Mem :   9729,3 total,   3795,3 free,   6025,9 used,    114,5 buff/cache     
МиБ Swap:      0,0 total,      0,0 free,      0,0 used.   3703,5 avail Mem 

МиБ Mem :   9729,3 total,   3755,7 free,   6064,7 used,    116,0 buff/cache     
МиБ Swap:      0,0 total,      0,0 free,      0,0 used.   3664,6 avail Mem 

МиБ Mem :   9729,3 total,   3715,8 free,   6104,6 used,    116,0 buff/cache     
МиБ Swap:      0,0 total,      0,0 free,      0,0 used.   3624,8 avail Mem 

МиБ Mem :   9729,3 total,   3668,8 free,   6149,0 used,    121,4 buff/cache     
МиБ Swap:      0,0 total,      0,0 free,      0,0 used.   3580,4 avail Mem 

МиБ Mem :   9729,3 total,   3628,4 free,   6189,3 used,    121,4 buff/cache     
МиБ Swap:      0,0 total,      0,0 free,      0,0 used.   3540,1 avail Mem 

МиБ Mem :   9729,3 total,   3589,3 free,   6228,4 used,    121,4 buff/cache     
МиБ Swap:      0,0 total,      0,0 free,      0,0 used.   3500,9 avail Mem 

МиБ Mem :   9729,3 total,   3541,6 free,   6276,1 used,    121,4 buff/cache     
МиБ Swap:      0,0 total,      0,0 free,      0,0 used.   3453,2 avail Mem 

МиБ Mem :   9729,3 total,   3500,2 free,   6316,7 used,    123,1 buff/cache     
МиБ Swap:      0,0 total,      0,0 free,      0,0 used.   3412,7 avail Mem 

МиБ Mem :   9729,3 total,   3470,9 free,   6343,8 used,    127,4 buff/cache     
МиБ Swap:      0,0 total,      0,0 free,      0,0 used.   3385,6 avail Mem 

МиБ Mem :   9729,3 total,   3438,4 free,   6374,2 used,    131,8 buff/cache     
МиБ Swap:      0,0 total,      0,0 free,      0,0 used.   3355,2 avail Mem 

МиБ Mem :   9729,3 total,   3388,8 free,   6423,2 used,    132,8 buff/cache     
МиБ Swap:      0,0 total,      0,0 free,      0,0 used.   3306,2 avail Mem 

МиБ Mem :   9729,3 total,   3349,3 free,   6462,7 used,    132,8 buff/cache     
МиБ Swap:      0,0 total,      0,0 free,      0,0 used.   3266,7 avail Mem 

МиБ Mem :   9729,3 total,   3310,2 free,   6501,8 used,    132,8 buff/cache     
МиБ Swap:      0,0 total,      0,0 free,      0,0 used.   3227,5 avail Mem 

МиБ Mem :   9729,3 total,   3270,6 free,   6541,4 used,    132,8 buff/cache     
МиБ Swap:      0,0 total,      0,0 free,      0,0 used.   3188,0 avail Mem 

МиБ Mem :   9729,3 total,   3175,9 free,   6607,3 used,    190,4 buff/cache     
МиБ Swap:      0,0 total,      0,0 free,      0,0 used.   3122,0 avail Mem 

МиБ Mem :   9729,3 total,   3113,6 free,   6642,1 used,    228,1 buff/cache     
МиБ Swap:      0,0 total,      0,0 free,      0,0 used.   3087,3 avail Mem 

МиБ Mem :   9729,3 total,   3043,4 free,   6675,8 used,    264,4 buff/cache     
МиБ Swap:      0,0 total,      0,0 free,      0,0 used.   3053,6 avail Mem 

МиБ Mem :   9729,3 total,   2997,7 free,   6711,2 used,    274,6 buff/cache     
МиБ Swap:      0,0 total,      0,0 free,      0,0 used.   3018,1 avail Mem 

МиБ Mem :   9729,3 total,   2966,0 free,   6741,8 used,    275,8 buff/cache     
МиБ Swap:      0,0 total,      0,0 free,      0,0 used.   2987,6 avail Mem 

МиБ Mem :   9729,3 total,   2915,3 free,   6783,3 used,    285,1 buff/cache     
МиБ Swap:      0,0 total,      0,0 free,      0,0 used.   2946,0 avail Mem 

МиБ Mem :   9729,3 total,   2705,9 free,   6893,0 used,    384,9 buff/cache     
МиБ Swap:      0,0 total,      0,0 free,      0,0 used.   2836,4 avail Mem 

МиБ Mem :   9729,3 total,   2603,2 free,   6981,9 used,    401,4 buff/cache     
МиБ Swap:      0,0 total,      0,0 free,      0,0 used.   2747,5 avail Mem 

МиБ Mem :   9729,3 total,   2577,0 free,   7008,0 used,    401,6 buff/cache     
МиБ Swap:      0,0 total,      0,0 free,      0,0 used.   2721,4 avail Mem 

МиБ Mem :   9729,3 total,   2529,6 free,   7052,6 used,    404,4 buff/cache     
МиБ Swap:      0,0 total,      0,0 free,      0,0 used.   2676,8 avail Mem 

МиБ Mem :   9729,3 total,   2506,0 free,   7076,1 used,    404,5 buff/cache     
МиБ Swap:      0,0 total,      0,0 free,      0,0 used.   2653,2 avail Mem 

МиБ Mem :   9729,3 total,   2474,5 free,   7107,6 used,    404,5 buff/cache     
МиБ Swap:      0,0 total,      0,0 free,      0,0 used.   2621,7 avail Mem 

МиБ Mem :   9729,3 total,   2435,2 free,   7146,8 used,    404,5 buff/cache     
МиБ Swap:      0,0 total,      0,0 free,      0,0 used.   2582,5 avail Mem 

МиБ Mem :   9729,3 total,   2402,7 free,   7179,3 used,    404,6 buff/cache     
МиБ Swap:      0,0 total,      0,0 free,      0,0 used.   2550,0 avail Mem 

МиБ Mem :   9729,3 total,   2362,5 free,   7219,5 used,    404,6 buff/cache     
МиБ Swap:      0,0 total,      0,0 free,      0,0 used.   2509,8 avail Mem 

МиБ Mem :   9729,3 total,   2307,8 free,   7274,1 used,    404,7 buff/cache     
МиБ Swap:      0,0 total,      0,0 free,      0,0 used.   2455,2 avail Mem 

МиБ Mem :   9729,3 total,   2284,0 free,   7297,7 used,    404,8 buff/cache     
МиБ Swap:      0,0 total,      0,0 free,      0,0 used.   2431,6 avail Mem 

МиБ Mem :   9729,3 total,   2262,7 free,   7318,5 used,    405,4 buff/cache     
МиБ Swap:      0,0 total,      0,0 free,      0,0 used.   2410,9 avail Mem 

МиБ Mem :   9729,3 total,   2238,2 free,   7342,9 used,    405,5 buff/cache     
МиБ Swap:      0,0 total,      0,0 free,      0,0 used.   2386,5 avail Mem 

МиБ Mem :   9729,3 total,   2210,8 free,   7370,2 used,    405,6 buff/cache     
МиБ Swap:      0,0 total,      0,0 free,      0,0 used.   2359,2 avail Mem 

МиБ Mem :   9729,3 total,   2176,1 free,   7404,9 used,    405,6 buff/cache     
МиБ Swap:      0,0 total,      0,0 free,      0,0 used.   2324,5 avail Mem 

МиБ Mem :   9729,3 total,   2147,1 free,   7433,8 used,    405,6 buff/cache     
МиБ Swap:      0,0 total,      0,0 free,      0,0 used.   2295,5 avail Mem 

МиБ Mem :   9729,3 total,   2116,9 free,   7464,1 used,    405,6 buff/cache     
МиБ Swap:      0,0 total,      0,0 free,      0,0 used.   2265,3 avail Mem 

МиБ Mem :   9729,3 total,   2085,7 free,   7495,2 used,    405,6 buff/cache     
МиБ Swap:      0,0 total,      0,0 free,      0,0 used.   2234,1 avail Mem 

МиБ Mem :   9729,3 total,   2047,4 free,   7533,5 used,    405,6 buff/cache     
МиБ Swap:      0,0 total,      0,0 free,      0,0 used.   2195,8 avail Mem 

МиБ Mem :   9729,3 total,   2016,6 free,   7564,4 used,    405,6 buff/cache     
МиБ Swap:      0,0 total,      0,0 free,      0,0 used.   2165,0 avail Mem 

МиБ Mem :   9729,3 total,   1977,6 free,   7603,4 used,    405,6 buff/cache     
МиБ Swap:      0,0 total,      0,0 free,      0,0 used.   2126,0 avail Mem 

МиБ Mem :   9729,3 total,   1938,8 free,   7642,1 used,    405,6 buff/cache     
МиБ Swap:      0,0 total,      0,0 free,      0,0 used.   2087,2 avail Mem 

МиБ Mem :   9729,3 total,   1898,5 free,   7682,4 used,    405,6 buff/cache     
МиБ Swap:      0,0 total,      0,0 free,      0,0 used.   2046,9 avail Mem 

МиБ Mem :   9729,3 total,   1867,5 free,   7713,4 used,    405,6 buff/cache     
МиБ Swap:      0,0 total,      0,0 free,      0,0 used.   2015,9 avail Mem 

МиБ Mem :   9729,3 total,   1835,3 free,   7745,7 used,    405,6 buff/cache     
МиБ Swap:      0,0 total,      0,0 free,      0,0 used.   1983,7 avail Mem 

МиБ Mem :   9729,3 total,   1796,8 free,   7784,1 used,    405,6 buff/cache     
МиБ Swap:      0,0 total,      0,0 free,      0,0 used.   1945,2 avail Mem 

МиБ Mem :   9729,3 total,   1756,4 free,   7824,6 used,    405,6 buff/cache     
МиБ Swap:      0,0 total,      0,0 free,      0,0 used.   1904,8 avail Mem 

МиБ Mem :   9729,3 total,   1709,4 free,   7871,5 used,    405,6 buff/cache     
МиБ Swap:      0,0 total,      0,0 free,      0,0 used.   1857,8 avail Mem 

МиБ Mem :   9729,3 total,   1686,4 free,   7894,5 used,    405,7 buff/cache     
МиБ Swap:      0,0 total,      0,0 free,      0,0 used.   1834,9 avail Mem 

МиБ Mem :   9729,3 total,   1646,1 free,   7934,8 used,    405,7 buff/cache     
МиБ Swap:      0,0 total,      0,0 free,      0,0 used.   1794,6 avail Mem 

МиБ Mem :   9729,3 total,   1607,1 free,   7973,7 used,    405,7 buff/cache     
МиБ Swap:      0,0 total,      0,0 free,      0,0 used.   1755,6 avail Mem 

МиБ Mem :   9729,3 total,   1549,0 free,   8031,9 used,    405,7 buff/cache     
МиБ Swap:      0,0 total,      0,0 free,      0,0 used.   1697,5 avail Mem 

МиБ Mem :   9729,3 total,   1499,7 free,   8081,2 used,    405,7 buff/cache     
МиБ Swap:      0,0 total,      0,0 free,      0,0 used.   1648,2 avail Mem 

МиБ Mem :   9729,3 total,   1448,6 free,   8132,2 used,    405,7 buff/cache     
МиБ Swap:      0,0 total,      0,0 free,      0,0 used.   1597,1 avail Mem 

МиБ Mem :   9729,3 total,   1408,9 free,   8171,9 used,    405,7 buff/cache     
МиБ Swap:      0,0 total,      0,0 free,      0,0 used.   1557,4 avail Mem 

МиБ Mem :   9729,3 total,   1368,1 free,   8212,7 used,    405,7 buff/cache     
МиБ Swap:      0,0 total,      0,0 free,      0,0 used.   1516,6 avail Mem 

МиБ Mem :   9729,3 total,   1318,9 free,   8261,6 used,    406,0 buff/cache     
МиБ Swap:      0,0 total,      0,0 free,      0,0 used.   1467,7 avail Mem 

МиБ Mem :   9729,3 total,   1271,4 free,   8309,1 used,    406,0 buff/cache     
МиБ Swap:      0,0 total,      0,0 free,      0,0 used.   1420,2 avail Mem 

МиБ Mem :   9729,3 total,   1231,4 free,   8349,1 used,    406,0 buff/cache     
МиБ Swap:      0,0 total,      0,0 free,      0,0 used.   1380,2 avail Mem 

МиБ Mem :   9729,3 total,   1183,5 free,   8397,1 used,    406,0 buff/cache     
МиБ Swap:      0,0 total,      0,0 free,      0,0 used.   1332,2 avail Mem 

МиБ Mem :   9729,3 total,   1295,8 free,   8284,4 used,    403,4 buff/cache     
МиБ Swap:      0,0 total,      0,0 free,      0,0 used.   1444,9 avail Mem 

МиБ Mem :   9729,3 total,   1256,3 free,   8323,9 used,    403,4 buff/cache     
МиБ Swap:      0,0 total,      0,0 free,      0,0 used.   1405,4 avail Mem 

МиБ Mem :   9729,3 total,   1099,1 free,   8480,4 used,    407,1 buff/cache     
МиБ Swap:      0,0 total,      0,0 free,      0,0 used.   1248,9 avail Mem 

МиБ Mem :   9729,3 total,   1185,8 free,   8393,7 used,    404,2 buff/cache     
МиБ Swap:      0,0 total,      0,0 free,      0,0 used.   1335,6 avail Mem 

МиБ Mem :   9729,3 total,   1147,3 free,   8432,1 used,    404,2 buff/cache     
МиБ Swap:      0,0 total,      0,0 free,      0,0 used.   1297,2 avail Mem 

МиБ Mem :   9729,3 total,    981,3 free,   8598,0 used,    407,2 buff/cache     
МиБ Swap:      0,0 total,      0,0 free,      0,0 used.   1131,4 avail Mem 

МиБ Mem :   9729,3 total,    936,3 free,   8643,0 used,    407,3 buff/cache     
МиБ Swap:      0,0 total,      0,0 free,      0,0 used.   1086,4 avail Mem 

МиБ Mem :   9729,3 total,    888,1 free,   8691,2 used,    407,4 buff/cache     
МиБ Swap:      0,0 total,      0,0 free,      0,0 used.   1038,2 avail Mem 

МиБ Mem :   9729,3 total,    854,9 free,   8724,3 used,    407,4 buff/cache     
МиБ Swap:      0,0 total,      0,0 free,      0,0 used.   1005,1 avail Mem 

МиБ Mem :   9729,3 total,    820,5 free,   8758,7 used,    407,4 buff/cache     
МиБ Swap:      0,0 total,      0,0 free,      0,0 used.    970,6 avail Mem 

МиБ Mem :   9729,3 total,    788,9 free,   8790,2 used,    407,4 buff/cache     
МиБ Swap:      0,0 total,      0,0 free,      0,0 used.    939,1 avail Mem 

МиБ Mem :   9729,3 total,    764,6 free,   8814,6 used,    407,4 buff/cache     
МиБ Swap:      0,0 total,      0,0 free,      0,0 used.    914,8 avail Mem 

МиБ Mem :   9729,3 total,    729,6 free,   8849,3 used,    407,7 buff/cache     
МиБ Swap:      0,0 total,      0,0 free,      0,0 used.    880,0 avail Mem 

МиБ Mem :   9729,3 total,    696,3 free,   8882,5 used,    407,7 buff/cache     
МиБ Swap:      0,0 total,      0,0 free,      0,0 used.    846,8 avail Mem 

МиБ Mem :   9729,3 total,    665,3 free,   8913,5 used,    407,8 buff/cache     
МиБ Swap:      0,0 total,      0,0 free,      0,0 used.    815,8 avail Mem 

МиБ Mem :   9729,3 total,    635,4 free,   8943,5 used,    407,8 buff/cache     
МиБ Swap:      0,0 total,      0,0 free,      0,0 used.    785,9 avail Mem 

МиБ Mem :   9729,3 total,    614,8 free,   8964,1 used,    407,8 buff/cache     
МиБ Swap:      0,0 total,      0,0 free,      0,0 used.    765,3 avail Mem 

МиБ Mem :   9729,3 total,    585,2 free,   8993,6 used,    407,8 buff/cache     
МиБ Swap:      0,0 total,      0,0 free,      0,0 used.    735,7 avail Mem 

МиБ Mem :   9729,3 total,    565,5 free,   9013,3 used,    407,8 buff/cache     
МиБ Swap:      0,0 total,      0,0 free,      0,0 used.    716,0 avail Mem 

МиБ Mem :   9729,3 total,    535,2 free,   9043,3 used,    408,1 buff/cache     
МиБ Swap:      0,0 total,      0,0 free,      0,0 used.    686,1 avail Mem 

МиБ Mem :   9729,3 total,    505,9 free,   9072,5 used,    408,1 buff/cache     
МиБ Swap:      0,0 total,      0,0 free,      0,0 used.    656,8 avail Mem 

МиБ Mem :   9729,3 total,    472,8 free,   9105,6 used,    408,2 buff/cache     
МиБ Swap:      0,0 total,      0,0 free,      0,0 used.    623,8 avail Mem 

МиБ Mem :   9729,3 total,    433,8 free,   9144,6 used,    408,2 buff/cache     
МиБ Swap:      0,0 total,      0,0 free,      0,0 used.    584,8 avail Mem 

МиБ Mem :   9729,3 total,    394,8 free,   9183,6 used,    408,2 buff/cache     
МиБ Swap:      0,0 total,      0,0 free,      0,0 used.    545,8 avail Mem 

МиБ Mem :   9729,3 total,    347,7 free,   9230,7 used,    408,2 buff/cache     
МиБ Swap:      0,0 total,      0,0 free,      0,0 used.    498,6 avail Mem 

МиБ Mem :   9729,3 total,    307,1 free,   9271,3 used,    408,2 buff/cache     
МиБ Swap:      0,0 total,      0,0 free,      0,0 used.    458,1 avail Mem 

МиБ Mem :   9729,3 total,    261,6 free,   9316,8 used,    408,2 buff/cache     
МиБ Swap:      0,0 total,      0,0 free,      0,0 used.    412,6 avail Mem 

МиБ Mem :   9729,3 total,    230,1 free,   9348,3 used,    408,2 buff/cache     
МиБ Swap:      0,0 total,      0,0 free,      0,0 used.    381,1 avail Mem 

МиБ Mem :   9729,3 total,    199,8 free,   9378,5 used,    408,2 buff/cache     
МиБ Swap:      0,0 total,      0,0 free,      0,0 used.    350,8 avail Mem 

МиБ Mem :   9729,3 total,    161,3 free,   9417,0 used,    408,2 buff/cache     
МиБ Swap:      0,0 total,      0,0 free,      0,0 used.    312,3 avail Mem 

МиБ Mem :   9729,3 total,    121,8 free,   9456,5 used,    408,2 buff/cache     
МиБ Swap:      0,0 total,      0,0 free,      0,0 used.    272,8 avail Mem 

МиБ Mem :   9729,3 total,    112,2 free,   9474,9 used,    399,5 buff/cache     
МиБ Swap:      0,0 total,      0,0 free,      0,0 used.    254,5 avail Mem 

МиБ Mem :   9729,3 total,    115,7 free,   9497,1 used,    373,8 buff/cache     
МиБ Swap:      0,0 total,      0,0 free,      0,0 used.    232,3 avail Mem 

МиБ Mem :   9729,3 total,    129,8 free,   9529,8 used,    326,9 buff/cache     
МиБ Swap:      0,0 total,      0,0 free,      0,0 used.    199,5 avail Mem 

МиБ Mem :   9729,3 total,    117,5 free,   9561,9 used,    307,2 buff/cache     
МиБ Swap:      0,0 total,      0,0 free,      0,0 used.    167,4 avail Mem 

МиБ Mem :   9729,3 total,    136,4 free,   9597,1 used,    253,0 buff/cache     
МиБ Swap:      0,0 total,      0,0 free,      0,0 used.    132,2 avail Mem 

МиБ Mem :   9729,3 total,    121,0 free,   9630,7 used,    234,7 buff/cache     
МиБ Swap:      0,0 total,      0,0 free,      0,0 used.     98,6 avail Mem 

МиБ Mem :   9729,3 total,    117,8 free,   9661,6 used,    201,0 buff/cache     
МиБ Swap:      0,0 total,      0,0 free,      0,0 used.     67,7 avail Mem 

МиБ Mem :   9729,3 total,    129,8 free,   9672,4 used,    155,3 buff/cache     
МиБ Swap:      0,0 total,      0,0 free,      0,0 used.     56,9 avail Mem 

МиБ Mem :   9729,3 total,    118,1 free,   9698,4 used,    126,7 buff/cache     
МиБ Swap:      0,0 total,      0,0 free,      0,0 used.     30,9 avail Mem 

МиБ Mem :   9729,3 total,    120,5 free,   9716,8 used,     85,1 buff/cache     
МиБ Swap:      0,0 total,      0,0 free,      0,0 used.     12,5 avail Mem 

МиБ Mem :   9729,3 total,    114,8 free,   9614,5 used,     54,1 buff/cache     
МиБ Swap:      0,0 total,      0,0 free,      0,0 used.    114,8 avail Mem 

МиБ Mem :   9729,3 total,    109,8 free,   9619,6 used,     55,0 buff/cache     
МиБ Swap:      0,0 total,      0,0 free,      0,0 used.    109,8 avail Mem 

МиБ Mem :   9729,3 total,     68,4 free,   9660,9 used,     51,7 buff/cache     
МиБ Swap:      0,0 total,      0,0 free,      0,0 used.     68,4 avail Mem 

МиБ Mem :   9729,3 total,   8472,2 free,   1348,0 used,    119,4 buff/cache     
МиБ Swap:      0,0 total,      0,0 free,      0,0 used.   8381,3 avail Mem 

