МиБ Mem :   9729,3 total,   7054,6 free,   1628,9 used,   1313,1 buff/cache     
МиБ Swap:      0,0 total,      0,0 free,      0,0 used.   8100,4 avail Mem 

МиБ Mem :   9729,3 total,   6854,5 free,   1828,8 used,   1316,2 buff/cache     
МиБ Swap:      0,0 total,      0,0 free,      0,0 used.   7900,6 avail Mem 

МиБ Mem :   9729,3 total,   6805,2 free,   1878,2 used,   1316,3 buff/cache     
МиБ Swap:      0,0 total,      0,0 free,      0,0 used.   7851,2 avail Mem 

МиБ Mem :   9729,3 total,   6792,3 free,   1891,0 used,   1313,4 buff/cache     
МиБ Swap:      0,0 total,      0,0 free,      0,0 used.   7838,4 avail Mem 

МиБ Mem :   9729,3 total,   6736,3 free,   1947,0 used,   1313,4 buff/cache     
МиБ Swap:      0,0 total,      0,0 free,      0,0 used.   7782,3 avail Mem 

МиБ Mem :   9729,3 total,   6680,9 free,   2002,4 used,   1313,4 buff/cache     
МиБ Swap:      0,0 total,      0,0 free,      0,0 used.   7727,0 avail Mem 

МиБ Mem :   9729,3 total,   6624,0 free,   2059,3 used,   1313,4 buff/cache     
МиБ Swap:      0,0 total,      0,0 free,      0,0 used.   7670,1 avail Mem 

МиБ Mem :   9729,3 total,   6565,2 free,   2118,1 used,   1313,4 buff/cache     
МиБ Swap:      0,0 total,      0,0 free,      0,0 used.   7611,3 avail Mem 

МиБ Mem :   9729,3 total,   6489,9 free,   2193,4 used,   1313,4 buff/cache     
МиБ Swap:      0,0 total,      0,0 free,      0,0 used.   7536,0 avail Mem 

МиБ Mem :   9729,3 total,   6437,9 free,   2245,3 used,   1313,4 buff/cache     
МиБ Swap:      0,0 total,      0,0 free,      0,0 used.   7484,0 avail Mem 

МиБ Mem :   9729,3 total,   6377,8 free,   2305,5 used,   1313,4 buff/cache     
МиБ Swap:      0,0 total,      0,0 free,      0,0 used.   7423,8 avail Mem 

МиБ Mem :   9729,3 total,   6318,6 free,   2364,7 used,   1313,4 buff/cache     
МиБ Swap:      0,0 total,      0,0 free,      0,0 used.   7364,6 avail Mem 

МиБ Mem :   9729,3 total,   6260,4 free,   2422,8 used,   1313,4 buff/cache     
МиБ Swap:      0,0 total,      0,0 free,      0,0 used.   7306,5 avail Mem 

МиБ Mem :   9729,3 total,   6200,9 free,   2482,3 used,   1313,4 buff/cache     
МиБ Swap:      0,0 total,      0,0 free,      0,0 used.   7247,0 avail Mem 

МиБ Mem :   9729,3 total,   6132,4 free,   2550,9 used,   1313,4 buff/cache     
МиБ Swap:      0,0 total,      0,0 free,      0,0 used.   7178,5 avail Mem 

МиБ Mem :   9729,3 total,   6070,6 free,   2612,6 used,   1313,4 buff/cache     
МиБ Swap:      0,0 total,      0,0 free,      0,0 used.   7116,7 avail Mem 

МиБ Mem :   9729,3 total,   6009,0 free,   2674,3 used,   1313,4 buff/cache     
МиБ Swap:      0,0 total,      0,0 free,      0,0 used.   7055,1 avail Mem 

МиБ Mem :   9729,3 total,   5946,0 free,   2737,3 used,   1313,4 buff/cache     
МиБ Swap:      0,0 total,      0,0 free,      0,0 used.   6992,1 avail Mem 

МиБ Mem :   9729,3 total,   5883,3 free,   2800,0 used,   1313,4 buff/cache     
МиБ Swap:      0,0 total,      0,0 free,      0,0 used.   6929,4 avail Mem 

МиБ Mem :   9729,3 total,   5818,5 free,   2864,8 used,   1313,4 buff/cache     
МиБ Swap:      0,0 total,      0,0 free,      0,0 used.   6864,6 avail Mem 

МиБ Mem :   9729,3 total,   5739,9 free,   2943,3 used,   1313,4 buff/cache     
МиБ Swap:      0,0 total,      0,0 free,      0,0 used.   6786,0 avail Mem 

МиБ Mem :   9729,3 total,   5676,9 free,   3006,3 used,   1313,4 buff/cache     
МиБ Swap:      0,0 total,      0,0 free,      0,0 used.   6723,0 avail Mem 

МиБ Mem :   9729,3 total,   5614,4 free,   3068,9 used,   1313,4 buff/cache     
МиБ Swap:      0,0 total,      0,0 free,      0,0 used.   6660,5 avail Mem 

МиБ Mem :   9729,3 total,   5551,7 free,   3131,6 used,   1313,4 buff/cache     
МиБ Swap:      0,0 total,      0,0 free,      0,0 used.   6597,8 avail Mem 

МиБ Mem :   9729,3 total,   5489,0 free,   3194,2 used,   1313,4 buff/cache     
МиБ Swap:      0,0 total,      0,0 free,      0,0 used.   6535,1 avail Mem 

МиБ Mem :   9729,3 total,   5426,7 free,   3256,5 used,   1313,5 buff/cache     
МиБ Swap:      0,0 total,      0,0 free,      0,0 used.   6472,8 avail Mem 

МиБ Mem :   9729,3 total,   5363,0 free,   3320,2 used,   1313,5 buff/cache     
МиБ Swap:      0,0 total,      0,0 free,      0,0 used.   6409,1 avail Mem 

МиБ Mem :   9729,3 total,   5299,9 free,   3383,3 used,   1313,5 buff/cache     
МиБ Swap:      0,0 total,      0,0 free,      0,0 used.   6346,1 avail Mem 

МиБ Mem :   9729,3 total,   5229,4 free,   3453,9 used,   1313,5 buff/cache     
МиБ Swap:      0,0 total,      0,0 free,      0,0 used.   6275,5 avail Mem 

МиБ Mem :   9729,3 total,   5158,2 free,   3525,0 used,   1313,5 buff/cache     
МиБ Swap:      0,0 total,      0,0 free,      0,0 used.   6204,4 avail Mem 

МиБ Mem :   9729,3 total,   5087,6 free,   3595,6 used,   1313,4 buff/cache     
МиБ Swap:      0,0 total,      0,0 free,      0,0 used.   6133,8 avail Mem 

МиБ Mem :   9729,3 total,   5032,0 free,   3651,2 used,   1313,5 buff/cache     
МиБ Swap:      0,0 total,      0,0 free,      0,0 used.   6078,1 avail Mem 

МиБ Mem :   9729,3 total,   4961,1 free,   3722,1 used,   1313,5 buff/cache     
МиБ Swap:      0,0 total,      0,0 free,      0,0 used.   6007,3 avail Mem 

МиБ Mem :   9729,3 total,   4897,9 free,   3785,3 used,   1313,5 buff/cache     
МиБ Swap:      0,0 total,      0,0 free,      0,0 used.   5944,0 avail Mem 

МиБ Mem :   9729,3 total,   4827,0 free,   3856,2 used,   1313,5 buff/cache     
МиБ Swap:      0,0 total,      0,0 free,      0,0 used.   5873,1 avail Mem 

МиБ Mem :   9729,3 total,   4764,0 free,   3919,2 used,   1313,5 buff/cache     
МиБ Swap:      0,0 total,      0,0 free,      0,0 used.   5810,2 avail Mem 

МиБ Mem :   9729,3 total,   4701,3 free,   3981,9 used,   1313,5 buff/cache     
МиБ Swap:      0,0 total,      0,0 free,      0,0 used.   5747,4 avail Mem 

МиБ Mem :   9729,3 total,   4637,7 free,   4045,5 used,   1313,5 buff/cache     
МиБ Swap:      0,0 total,      0,0 free,      0,0 used.   5683,8 avail Mem 

МиБ Mem :   9729,3 total,   4574,3 free,   4108,9 used,   1313,5 buff/cache     
МиБ Swap:      0,0 total,      0,0 free,      0,0 used.   5620,4 avail Mem 

МиБ Mem :   9729,3 total,   4511,0 free,   4172,1 used,   1313,5 buff/cache     
МиБ Swap:      0,0 total,      0,0 free,      0,0 used.   5557,2 avail Mem 

МиБ Mem :   9729,3 total,   4448,0 free,   4235,1 used,   1313,5 buff/cache     
МиБ Swap:      0,0 total,      0,0 free,      0,0 used.   5494,2 avail Mem 

МиБ Mem :   9729,3 total,   4400,4 free,   4282,8 used,   1313,5 buff/cache     
МиБ Swap:      0,0 total,      0,0 free,      0,0 used.   5446,5 avail Mem 

МиБ Mem :   9729,3 total,   4338,4 free,   4344,8 used,   1313,5 buff/cache     
МиБ Swap:      0,0 total,      0,0 free,      0,0 used.   5384,6 avail Mem 

МиБ Mem :   9729,3 total,   4276,0 free,   4407,2 used,   1313,5 buff/cache     
МиБ Swap:      0,0 total,      0,0 free,      0,0 used.   5322,1 avail Mem 

МиБ Mem :   9729,3 total,   4228,2 free,   4454,9 used,   1313,5 buff/cache     
МиБ Swap:      0,0 total,      0,0 free,      0,0 used.   5274,4 avail Mem 

МиБ Mem :   9729,3 total,   4147,5 free,   4535,7 used,   1313,5 buff/cache     
МиБ Swap:      0,0 total,      0,0 free,      0,0 used.   5193,6 avail Mem 

МиБ Mem :   9729,3 total,   4095,8 free,   4587,4 used,   1313,5 buff/cache     
МиБ Swap:      0,0 total,      0,0 free,      0,0 used.   5142,0 avail Mem 

МиБ Mem :   9729,3 total,   4033,5 free,   4649,7 used,   1313,5 buff/cache     
МиБ Swap:      0,0 total,      0,0 free,      0,0 used.   5079,6 avail Mem 

МиБ Mem :   9729,3 total,   3971,1 free,   4712,1 used,   1313,5 buff/cache     
МиБ Swap:      0,0 total,      0,0 free,      0,0 used.   5017,3 avail Mem 

МиБ Mem :   9729,3 total,   3908,6 free,   4774,6 used,   1313,5 buff/cache     
МиБ Swap:      0,0 total,      0,0 free,      0,0 used.   4954,8 avail Mem 

МиБ Mem :   9729,3 total,   3846,1 free,   4837,0 used,   1313,5 buff/cache     
МиБ Swap:      0,0 total,      0,0 free,      0,0 used.   4892,3 avail Mem 

МиБ Mem :   9729,3 total,   3768,0 free,   4915,1 used,   1313,5 buff/cache     
МиБ Swap:      0,0 total,      0,0 free,      0,0 used.   4814,2 avail Mem 

МиБ Mem :   9729,3 total,   3704,5 free,   4978,7 used,   1313,5 buff/cache     
МиБ Swap:      0,0 total,      0,0 free,      0,0 used.   4750,7 avail Mem 

МиБ Mem :   9729,3 total,   3640,0 free,   5043,1 used,   1313,5 buff/cache     
МиБ Swap:      0,0 total,      0,0 free,      0,0 used.   4686,2 avail Mem 

МиБ Mem :   9729,3 total,   3561,0 free,   5122,1 used,   1313,5 buff/cache     
МиБ Swap:      0,0 total,      0,0 free,      0,0 used.   4607,2 avail Mem 

МиБ Mem :   9729,3 total,   3497,1 free,   5186,0 used,   1313,5 buff/cache     
МиБ Swap:      0,0 total,      0,0 free,      0,0 used.   4543,4 avail Mem 

МиБ Mem :   9729,3 total,   3432,9 free,   5250,2 used,   1313,5 buff/cache     
МиБ Swap:      0,0 total,      0,0 free,      0,0 used.   4479,1 avail Mem 

МиБ Mem :   9729,3 total,   3355,4 free,   5327,7 used,   1313,5 buff/cache     
МиБ Swap:      0,0 total,      0,0 free,      0,0 used.   4401,6 avail Mem 

МиБ Mem :   9729,3 total,   3294,1 free,   5389,1 used,   1313,5 buff/cache     
МиБ Swap:      0,0 total,      0,0 free,      0,0 used.   4340,3 avail Mem 

МиБ Mem :   9729,3 total,   3231,1 free,   5452,1 used,   1313,5 buff/cache     
МиБ Swap:      0,0 total,      0,0 free,      0,0 used.   4277,3 avail Mem 

МиБ Mem :   9729,3 total,   3161,9 free,   5521,2 used,   1313,5 buff/cache     
МиБ Swap:      0,0 total,      0,0 free,      0,0 used.   4208,1 avail Mem 

МиБ Mem :   9729,3 total,   3100,0 free,   5583,1 used,   1313,5 buff/cache     
МиБ Swap:      0,0 total,      0,0 free,      0,0 used.   4146,2 avail Mem 

МиБ Mem :   9729,3 total,   3012,9 free,   5670,2 used,   1313,5 buff/cache     
МиБ Swap:      0,0 total,      0,0 free,      0,0 used.   4059,1 avail Mem 

МиБ Mem :   9729,3 total,   2937,0 free,   5746,1 used,   1313,6 buff/cache     
МиБ Swap:      0,0 total,      0,0 free,      0,0 used.   3983,2 avail Mem 

МиБ Mem :   9729,3 total,   2866,0 free,   5817,1 used,   1313,6 buff/cache     
МиБ Swap:      0,0 total,      0,0 free,      0,0 used.   3912,3 avail Mem 

МиБ Mem :   9729,3 total,   2803,6 free,   5879,5 used,   1313,6 buff/cache     
МиБ Swap:      0,0 total,      0,0 free,      0,0 used.   3849,8 avail Mem 

МиБ Mem :   9729,3 total,   2732,6 free,   5950,5 used,   1313,6 buff/cache     
МиБ Swap:      0,0 total,      0,0 free,      0,0 used.   3778,9 avail Mem 

МиБ Mem :   9729,3 total,   2670,0 free,   6013,1 used,   1313,6 buff/cache     
МиБ Swap:      0,0 total,      0,0 free,      0,0 used.   3716,2 avail Mem 

МиБ Mem :   9729,3 total,   2599,3 free,   6083,8 used,   1313,6 buff/cache     
МиБ Swap:      0,0 total,      0,0 free,      0,0 used.   3645,6 avail Mem 

МиБ Mem :   9729,3 total,   2527,5 free,   6155,6 used,   1313,6 buff/cache     
МиБ Swap:      0,0 total,      0,0 free,      0,0 used.   3573,8 avail Mem 

МиБ Mem :   9729,3 total,   2473,0 free,   6210,1 used,   1313,6 buff/cache     
МиБ Swap:      0,0 total,      0,0 free,      0,0 used.   3519,2 avail Mem 

МиБ Mem :   9729,3 total,   2402,6 free,   6280,5 used,   1313,6 buff/cache     
МиБ Swap:      0,0 total,      0,0 free,      0,0 used.   3448,8 avail Mem 

МиБ Mem :   9729,3 total,   2330,4 free,   6352,7 used,   1313,6 buff/cache     
МиБ Swap:      0,0 total,      0,0 free,      0,0 used.   3376,7 avail Mem 

МиБ Mem :   9729,3 total,   2259,2 free,   6423,9 used,   1313,6 buff/cache     
МиБ Swap:      0,0 total,      0,0 free,      0,0 used.   3305,4 avail Mem 

МиБ Mem :   9729,3 total,   2180,4 free,   6502,6 used,   1313,6 buff/cache     
МиБ Swap:      0,0 total,      0,0 free,      0,0 used.   3226,7 avail Mem 

МиБ Mem :   9729,3 total,   2109,7 free,   6573,4 used,   1313,6 buff/cache     
МиБ Swap:      0,0 total,      0,0 free,      0,0 used.   3156,0 avail Mem 

МиБ Mem :   9729,3 total,   2040,1 free,   6643,0 used,   1313,6 buff/cache     
МиБ Swap:      0,0 total,      0,0 free,      0,0 used.   3086,4 avail Mem 

МиБ Mem :   9729,3 total,   1979,5 free,   6703,5 used,   1313,6 buff/cache     
МиБ Swap:      0,0 total,      0,0 free,      0,0 used.   3025,8 avail Mem 

МиБ Mem :   9729,3 total,   1900,9 free,   6782,2 used,   1313,6 buff/cache     
МиБ Swap:      0,0 total,      0,0 free,      0,0 used.   2947,2 avail Mem 

МиБ Mem :   9729,3 total,   1838,2 free,   6844,9 used,   1313,6 buff/cache     
МиБ Swap:      0,0 total,      0,0 free,      0,0 used.   2884,5 avail Mem 

МиБ Mem :   9729,3 total,   1759,0 free,   6924,0 used,   1313,6 buff/cache     
МиБ Swap:      0,0 total,      0,0 free,      0,0 used.   2805,3 avail Mem 

МиБ Mem :   9729,3 total,   1695,9 free,   6987,1 used,   1313,6 buff/cache     
МиБ Swap:      0,0 total,      0,0 free,      0,0 used.   2742,2 avail Mem 

МиБ Mem :   9729,3 total,   1620,4 free,   7062,7 used,   1313,6 buff/cache     
МиБ Swap:      0,0 total,      0,0 free,      0,0 used.   2666,7 avail Mem 

МиБ Mem :   9729,3 total,   1556,3 free,   7126,7 used,   1313,6 buff/cache     
МиБ Swap:      0,0 total,      0,0 free,      0,0 used.   2602,6 avail Mem 

МиБ Mem :   9729,3 total,   1484,3 free,   7198,8 used,   1313,6 buff/cache     
МиБ Swap:      0,0 total,      0,0 free,      0,0 used.   2530,6 avail Mem 

МиБ Mem :   9729,3 total,   1413,1 free,   7269,9 used,   1313,6 buff/cache     
МиБ Swap:      0,0 total,      0,0 free,      0,0 used.   2459,4 avail Mem 

МиБ Mem :   9729,3 total,   1341,8 free,   7341,2 used,   1313,6 buff/cache     
МиБ Swap:      0,0 total,      0,0 free,      0,0 used.   2388,1 avail Mem 

МиБ Mem :   9729,3 total,   1278,5 free,   7404,5 used,   1313,6 buff/cache     
МиБ Swap:      0,0 total,      0,0 free,      0,0 used.   2324,8 avail Mem 

МиБ Mem :   9729,3 total,   1213,5 free,   7469,5 used,   1313,6 buff/cache     
МиБ Swap:      0,0 total,      0,0 free,      0,0 used.   2259,8 avail Mem 

МиБ Mem :   9729,3 total,   1159,0 free,   7524,0 used,   1313,6 buff/cache     
МиБ Swap:      0,0 total,      0,0 free,      0,0 used.   2205,3 avail Mem 

МиБ Mem :   9729,3 total,   1104,5 free,   7578,5 used,   1313,6 buff/cache     
МиБ Swap:      0,0 total,      0,0 free,      0,0 used.   2150,8 avail Mem 

МиБ Mem :   9729,3 total,   1017,2 free,   7665,8 used,   1313,6 buff/cache     
МиБ Swap:      0,0 total,      0,0 free,      0,0 used.   2063,5 avail Mem 

МиБ Mem :   9729,3 total,    954,7 free,   7728,3 used,   1313,6 buff/cache     
МиБ Swap:      0,0 total,      0,0 free,      0,0 used.   2001,0 avail Mem 

МиБ Mem :   9729,3 total,    892,6 free,   7790,4 used,   1313,6 buff/cache     
МиБ Swap:      0,0 total,      0,0 free,      0,0 used.   1939,0 avail Mem 

МиБ Mem :   9729,3 total,    829,6 free,   7853,4 used,   1313,7 buff/cache     
МиБ Swap:      0,0 total,      0,0 free,      0,0 used.   1876,0 avail Mem 

МиБ Mem :   9729,3 total,    635,8 free,   8047,2 used,   1313,7 buff/cache     
МиБ Swap:      0,0 total,      0,0 free,      0,0 used.   1682,1 avail Mem 

МиБ Mem :   9729,3 total,    574,0 free,   8109,1 used,   1313,7 buff/cache     
МиБ Swap:      0,0 total,      0,0 free,      0,0 used.   1620,3 avail Mem 

МиБ Mem :   9729,3 total,    494,9 free,   8188,1 used,   1313,7 buff/cache     
МиБ Swap:      0,0 total,      0,0 free,      0,0 used.   1541,3 avail Mem 

МиБ Mem :   9729,3 total,    423,6 free,   8259,4 used,   1313,7 buff/cache     
МиБ Swap:      0,0 total,      0,0 free,      0,0 used.   1470,0 avail Mem 

МиБ Mem :   9729,3 total,    360,6 free,   8322,4 used,   1313,7 buff/cache     
МиБ Swap:      0,0 total,      0,0 free,      0,0 used.   1407,0 avail Mem 

МиБ Mem :   9729,3 total,    290,1 free,   8392,9 used,   1313,7 buff/cache     
МиБ Swap:      0,0 total,      0,0 free,      0,0 used.   1336,4 avail Mem 

МиБ Mem :   9729,3 total,    218,8 free,   8464,2 used,   1313,7 buff/cache     
МиБ Swap:      0,0 total,      0,0 free,      0,0 used.   1265,2 avail Mem 

МиБ Mem :   9729,3 total,    148,1 free,   8534,9 used,   1313,7 buff/cache     
МиБ Swap:      0,0 total,      0,0 free,      0,0 used.   1194,5 avail Mem 

МиБ Mem :   9729,3 total,    219,7 free,   8562,2 used,   1214,6 buff/cache     
МиБ Swap:      0,0 total,      0,0 free,      0,0 used.   1167,1 avail Mem 

МиБ Mem :   9729,3 total,    144,6 free,   8637,3 used,   1214,6 buff/cache     
МиБ Swap:      0,0 total,      0,0 free,      0,0 used.   1092,0 avail Mem 

МиБ Mem :   9729,3 total,    151,1 free,   8694,1 used,   1151,2 buff/cache     
МиБ Swap:      0,0 total,      0,0 free,      0,0 used.   1035,2 avail Mem 

МиБ Mem :   9729,3 total,    144,0 free,   8793,2 used,   1059,2 buff/cache     
МиБ Swap:      0,0 total,      0,0 free,      0,0 used.    936,1 avail Mem 

МиБ Mem :   9729,3 total,    141,3 free,   8852,7 used,   1002,2 buff/cache     
МиБ Swap:      0,0 total,      0,0 free,      0,0 used.    876,6 avail Mem 

МиБ Mem :   9729,3 total,    193,3 free,   8922,1 used,    880,8 buff/cache     
МиБ Swap:      0,0 total,      0,0 free,      0,0 used.    807,2 avail Mem 

МиБ Mem :   9729,3 total,    231,1 free,   8983,3 used,    781,8 buff/cache     
МиБ Swap:      0,0 total,      0,0 free,      0,0 used.    746,0 avail Mem 

МиБ Mem :   9729,3 total,    164,5 free,   9050,0 used,    781,8 buff/cache     
МиБ Swap:      0,0 total,      0,0 free,      0,0 used.    679,4 avail Mem 

МиБ Mem :   9729,3 total,    195,2 free,   9118,4 used,    682,5 buff/cache     
МиБ Swap:      0,0 total,      0,0 free,      0,0 used.    610,9 avail Mem 

МиБ Mem :   9729,3 total,    231,9 free,   9180,9 used,    583,3 buff/cache     
МиБ Swap:      0,0 total,      0,0 free,      0,0 used.    548,5 avail Mem 

МиБ Mem :   9729,3 total,    167,2 free,   9245,6 used,    583,4 buff/cache     
МиБ Swap:      0,0 total,      0,0 free,      0,0 used.    483,8 avail Mem 

МиБ Mem :   9729,3 total,    152,7 free,   9305,8 used,    537,6 buff/cache     
МиБ Swap:      0,0 total,      0,0 free,      0,0 used.    423,5 avail Mem 

МиБ Mem :   9729,3 total,    167,3 free,   9349,7 used,    479,1 buff/cache     
МиБ Swap:      0,0 total,      0,0 free,      0,0 used.    379,7 avail Mem 

МиБ Mem :   9729,3 total,    213,4 free,   9412,0 used,    370,5 buff/cache     
МиБ Swap:      0,0 total,      0,0 free,      0,0 used.    317,3 avail Mem 

МиБ Mem :   9729,3 total,    147,5 free,   9477,6 used,    371,0 buff/cache     
МиБ Swap:      0,0 total,      0,0 free,      0,0 used.    251,8 avail Mem 

МиБ Mem :   9729,3 total,    172,0 free,   9541,5 used,    282,4 buff/cache     
МиБ Swap:      0,0 total,      0,0 free,      0,0 used.    187,9 avail Mem 

МиБ Mem :   9729,3 total,    153,2 free,   9608,0 used,    234,5 buff/cache     
МиБ Swap:      0,0 total,      0,0 free,      0,0 used.    121,4 avail Mem 

МиБ Mem :   9729,3 total,    151,3 free,   9640,9 used,    172,7 buff/cache     
МиБ Swap:      0,0 total,      0,0 free,      0,0 used.     88,5 avail Mem 

МиБ Mem :   9729,3 total,    153,2 free,   9667,7 used,    115,1 buff/cache     
МиБ Swap:      0,0 total,      0,0 free,      0,0 used.     61,6 avail Mem 

МиБ Mem :   9729,3 total,    139,9 free,   9705,0 used,     67,1 buff/cache     
МиБ Swap:      0,0 total,      0,0 free,      0,0 used.     24,4 avail Mem 

МиБ Mem :   9729,3 total,     74,6 free,   9654,8 used,     59,0 buff/cache     
МиБ Swap:      0,0 total,      0,0 free,      0,0 used.     74,6 avail Mem 

МиБ Mem :   9729,3 total,   4240,1 free,   5583,6 used,    109,5 buff/cache     
МиБ Swap:      0,0 total,      0,0 free,      0,0 used.   4145,8 avail Mem 

