  22379 vboxuser  20   0  196820 190424   3416 R 100,0   1,9   0:05.24
  22378 vboxuser  20   0  194312 187644   3196 R 100,0   1,9   0:05.23
      1 root      20   0   23360  10772   5908 S   0,0   0,1   0:05.48
      2 root      20   0       0      0      0 S   0,0   0,0   0:00.07
      3 root      20   0       0      0      0 S   0,0   0,0   0:00.00

  22378 vboxuser  20   0  230216 223484   3196 R 100,0   2,2   0:06.55
  22379 vboxuser  20   0  231932 225496   3416 R 100,0   2,3   0:06.57
  20179 vboxuser  20   0 4888972 392232 146328 R  69,2   3,9   0:49.36
  22406 vboxuser  20   0 2496524 237996 112924 R  23,1   2,4   0:00.87
  22443 vboxuser  20   0   12128   5000   3080 R  15,4   0,1   0:00.03

  22378 vboxuser  20   0  255824 249084   3196 R 100,0   2,5   0:07.88
  22379 vboxuser  20   0  257012 250584   3416 R  91,7   2,5   0:07.89
  22406 vboxuser  20   0 2459836 240300 112924 S  91,7   2,4   0:01.47
  20179 vboxuser  20   0 4888972 392232 146328 R  41,7   3,9   0:49.85
     17 root      20   0       0      0      0 I   8,3   0,0   0:14.21

  22379 vboxuser  20   0  287504 281048   3416 R 100,0   2,8   0:09.19
  22378 vboxuser  20   0  286580 279932   3196 R  90,9   2,8   0:09.17
  20709 vboxuser  20   0 2720596 238908 117984 S  45,5   2,4   0:06.91
  20179 vboxuser  20   0 4885980 389580 143420 R  27,3   3,9   0:50.18
  13712 root      20   0       0      0      0 I   9,1   0,0   0:01.33

  22378 vboxuser  20   0  319844 313212   3196 R 100,0   3,1   0:10.47
  22379 vboxuser  20   0  320900 314456   3416 R 100,0   3,2   0:10.48
  20179 vboxuser  20   0 4881820 389580 143420 S   9,1   3,9   0:50.32
  22501 vboxuser  20   0   12128   5260   3212 R   9,1   0,1   0:00.01
      1 root      20   0   23360  10772   5908 S   0,0   0,1   0:05.48

  22378 vboxuser  20   0  353504 346876   3196 R 100,0   3,5   0:11.76
  22379 vboxuser  20   0  355220 348760   3416 R 100,0   3,5   0:11.78
  20179 vboxuser  20   0 4885980 389580 143420 R  72,7   3,9   0:50.61
  22360 vboxuser  20   0  548980  51292  41432 R  18,2   0,5   0:00.66
  13712 root      20   0       0      0      0 R   9,1   0,0   0:01.38

  22378 vboxuser  20   0  389408 382716   3196 R 100,0   3,8   0:13.07
  22379 vboxuser  20   0  391256 384856   3416 R 100,0   3,9   0:13.09
      1 root      20   0   23360  10772   5908 S   0,0   0,1   0:05.48
      2 root      20   0       0      0      0 S   0,0   0,0   0:00.07
      3 root      20   0       0      0      0 S   0,0   0,0   0:00.00

  22378 vboxuser  20   0  425048 418428   3196 R 100,0   4,2   0:14.37
  22379 vboxuser  20   0  426368 419928   3416 R 100,0   4,2   0:14.38
  22550 vboxuser  20   0   12128   5264   3216 R   8,3   0,1   0:00.01
      1 root      20   0   23360  10772   5908 S   0,0   0,1   0:05.48
      2 root      20   0       0      0      0 S   0,0   0,0   0:00.07

  22378 vboxuser  20   0  461348 454652   3196 R  90,9   4,6   0:15.64
  22379 vboxuser  20   0  463064 456664   3416 R  90,9   4,6   0:15.66
  22360 vboxuser  20   0  548980  51292  41432 S   9,1   0,5   0:00.68
  22565 vboxuser  20   0   12128   5268   3220 R   9,1   0,1   0:00.01
      1 root      20   0   23360  10772   5908 S   0,0   0,1   0:05.48

  22378 vboxuser  20   0  493688 487036   3196 R 100,0   4,9   0:16.93
  22379 vboxuser  20   0  496064 489560   3416 R 100,0   4,9   0:16.96
  20179 vboxuser  20   0 4885980 389580 143420 S  18,2   3,9   0:50.83
  22360 vboxuser  20   0  548980  51292  41432 S   9,1   0,5   0:00.71
  22582 vboxuser  20   0   12128   5268   3220 R   9,1   0,1   0:00.01

  22379 vboxuser  20   0  528800 522456   3416 R 100,0   5,2   0:18.23
  22378 vboxuser  20   0  526028 519420   3196 R  90,9   5,2   0:18.21
  22598 vboxuser  20   0   12128   5268   3220 R   9,1   0,1   0:00.01
      1 root      20   0   23360  10772   5908 S   0,0   0,1   0:05.48
      2 root      20   0       0      0      0 S   0,0   0,0   0:00.07

  22379 vboxuser  20   0  563516 557016   3416 R 100,0   5,6   0:19.51
  22378 vboxuser  20   0  560744 554108   3196 R  91,7   5,6   0:19.48
      1 root      20   0   23360  10772   5908 S   0,0   0,1   0:05.48
      2 root      20   0       0      0      0 S   0,0   0,0   0:00.07
      3 root      20   0       0      0      0 S   0,0   0,0   0:00.00

  22378 vboxuser  20   0  592292 585724   3196 R  90,9   5,9   0:20.75
  22379 vboxuser  20   0  595064 588632   3416 R  90,9   5,9   0:20.77
  20179 vboxuser  20   0 4885980 389444 143420 S   9,1   3,9   0:51.04
  22630 vboxuser  20   0   12128   5268   3220 R   9,1   0,1   0:00.01
      1 root      20   0   23360  10772   5908 S   0,0   0,1   0:05.48

  22378 vboxuser  20   0  623576 616956   3196 R  90,9   6,2   0:22.02
  22379 vboxuser  20   0  625424 619096   3416 R  90,9   6,2   0:22.05
  20179 vboxuser  20   0 4885980 389444 143420 S  18,2   3,9   0:51.32
  22360 vboxuser  20   0  548980  51292  41432 S   9,1   0,5   0:00.79
  22650 vboxuser  20   0   11336   3852   2700 R   9,1   0,0   0:00.01

  22378 vboxuser  20   0  655520 648828   3196 R 100,0   6,5   0:23.32
  22379 vboxuser  20   0  657500 651096   3416 R 100,0   6,5   0:23.33
  20179 vboxuser  20   0 4881820 389444 143420 S  16,7   3,9   0:51.50
      1 root      20   0   23360  10772   5908 S   0,0   0,1   0:05.48
      2 root      20   0       0      0      0 S   0,0   0,0   0:00.07

  22379 vboxuser  20   0  689048 682584   3416 R 100,0   6,9   0:24.61
  22378 vboxuser  20   0  687992 681340   3196 R  90,9   6,8   0:24.59
  20179 vboxuser  20   0 4881820 389444 143420 S  18,2   3,9   0:51.67
  22360 vboxuser  20   0  548980  51292  41432 S   9,1   0,5   0:00.87
  22679 vboxuser  20   0   12128   5268   3220 R   9,1   0,1   0:00.01

  22378 vboxuser  20   0  720596 713980   3196 R 100,0   7,2   0:25.88
  22379 vboxuser  20   0  721256 714840   3416 R 100,0   7,2   0:25.89
  20179 vboxuser  20   0 4881820 389444 143420 S  20,0   3,9   0:51.82
  22381 vboxuser  20   0   10180   3536   3280 R  10,0   0,0   0:00.06
      1 root      20   0   23360  10772   5908 S   0,0   0,1   0:05.48

  22378 vboxuser  20   0  752936 746364   3196 R 100,0   7,5   0:27.15
  22379 vboxuser  20   0  752804 746456   3416 R 100,0   7,5   0:27.16
      1 root      20   0   23360  10772   5908 S   0,0   0,1   0:05.48
      2 root      20   0       0      0      0 S   0,0   0,0   0:00.07
      3 root      20   0       0      0      0 S   0,0   0,0   0:00.00

  22378 vboxuser  20   0  786068 779388   3196 R 100,0   7,8   0:28.41
  22379 vboxuser  20   0  785936 779480   3416 R 100,0   7,8   0:28.42
  20179 vboxuser  20   0 4881820 389444 143420 S  18,2   3,9   0:51.96
  22727 vboxuser  20   0   12128   5268   3220 R   9,1   0,1   0:00.01
      1 root      20   0   23360  10772   5908 S   0,0   0,1   0:05.48

  22379 vboxuser  20   0  821708 815192   3416 R 100,0   8,2   0:29.71
  22378 vboxuser  20   0  821444 814844   3196 R 100,0   8,2   0:29.69
  22742 vboxuser  20   0   12128   5268   3220 R  10,0   0,1   0:00.01
      1 root      20   0   23360  10772   5908 S   0,0   0,1   0:05.48
      2 root      20   0       0      0      0 S   0,0   0,0   0:00.07

  22378 vboxuser  20   0  856820 850172   3196 R 100,0   8,5   0:30.97
  22379 vboxuser  20   0  856688 850264   3416 R 100,0   8,5   0:30.99
  20179 vboxuser  20   0 4881820 389444 143420 S  20,0   3,9   0:52.07
  22360 vboxuser  20   0  548980  51292  41432 S  10,0   0,5   0:00.96
  22758 vboxuser  20   0   12128   5268   3220 R  10,0   0,1   0:00.01

  22379 vboxuser  20   0  890744 884312   3416 R 100,0   8,9   0:32.27
  22378 vboxuser  20   0  891536 884860   3196 R 100,0   8,9   0:32.26
  20179 vboxuser  20   0 4881820 389444 143420 S  18,2   3,9   0:52.19
  22774 vboxuser  20   0   12128   5188   3140 R   9,1   0,1   0:00.01
      1 root      20   0   23360  10772   5908 S   0,0   0,1   0:05.48

  22378 vboxuser  20   0  926516 919804   3196 R 100,0   9,2   0:33.54
  22379 vboxuser  20   0  925988 919512   3416 R 100,0   9,2   0:33.55
  22791 vboxuser  20   0   12128   5268   3220 R   9,1   0,1   0:00.01
      1 root      20   0   23360  10772   5908 S   0,0   0,1   0:05.48
      2 root      20   0       0      0      0 S   0,0   0,0   0:00.07

  22378 vboxuser  20   0  959252 952572   3196 R 100,0   9,6   0:34.83
  22379 vboxuser  20   0  958592 952152   3416 R  90,9   9,6   0:34.83
  20179 vboxuser  20   0 4881820 389444 143420 S  18,2   3,9   0:52.36
      1 root      20   0   23360  10772   5908 S   0,0   0,1   0:05.48
      2 root      20   0       0      0      0 S   0,0   0,0   0:00.07

  22378 vboxuser  20   0  991064 984444   3196 R 100,0   9,9   0:36.11
  22379 vboxuser  20   0  990800 984408   3416 R 100,0   9,9   0:36.12
      1 root      20   0   23360  10772   5908 S   0,0   0,1   0:05.48
      2 root      20   0       0      0      0 S   0,0   0,0   0:00.07
      3 root      20   0       0      0      0 S   0,0   0,0   0:00.00

  22379 vboxuser  20   0 1022084 991,8m   3416 R 100,0  10,2   0:37.40
  22378 vboxuser  20   0 1022876 992,5m   3196 R 100,0  10,2   0:37.39
  20179 vboxuser  20   0 4881820 389444 143420 S  10,0   3,9   0:52.65
      1 root      20   0   23360  10772   5908 S   0,0   0,1   0:05.48
      2 root      20   0       0      0      0 S   0,0   0,0   0:00.07

  22378 vboxuser  20   0 1055216   1,0g   3196 R  90,9  10,5   0:38.68
  22379 vboxuser  20   0 1055084   1,0g   3416 R  90,9  10,5   0:38.68
  22360 vboxuser  20   0  548980  51292  41432 S   9,1   0,5   0:01.16
  22858 vboxuser  20   0   12128   5268   3220 R   9,1   0,1   0:00.01
      1 root      20   0   23360  10772   5908 S   0,0   0,1   0:05.48

  22379 vboxuser  20   0 1087556   1,0g   3416 R 100,0  10,9   0:39.97
  22378 vboxuser  20   0 1089140   1,0g   3196 R  90,9  10,9   0:39.96
  20179 vboxuser  20   0 4885980 389444 143420 S  27,3   3,9   0:53.00
  22360 vboxuser  20   0  548980  51292  41432 S  18,2   0,5   0:01.22
  22874 vboxuser  20   0   12128   5268   3220 R   9,1   0,1   0:00.01

  22378 vboxuser  20   0 1122140   1,1g   3196 R 100,0  11,2   0:41.25
  22379 vboxuser  20   0 1120424   1,1g   3416 R 100,0  11,2   0:41.24
  20179 vboxuser  20   0 4885980 389444 143420 S   9,1   3,9   0:53.16
  22360 vboxuser  20   0  548980  51292  41432 S   9,1   0,5   0:01.27
  22891 vboxuser  20   0   12128   5268   3220 R   9,1   0,1   0:00.01

  22379 vboxuser  20   0 1153952   1,1g   3416 R 100,0  11,5   0:42.52
  22378 vboxuser  20   0 1156064   1,1g   3196 R  90,9  11,5   0:42.52
  22360 vboxuser  20   0  548980  51292  41432 S   9,1   0,5   0:01.31
  22907 vboxuser  20   0   12128   5256   3208 R   9,1   0,1   0:00.01
      1 root      20   0   23360  10772   5908 S   0,0   0,1   0:05.48

  22379 vboxuser  20   0 1186424   1,1g   3416 R 100,0  11,8   0:43.81
  22378 vboxuser  20   0 1189328   1,1g   3196 R 100,0  11,9   0:43.81
  20179 vboxuser  20   0 4881820 389444 143420 S  20,0   3,9   0:53.49
  22381 vboxuser  20   0   10180   3536   3280 S  10,0   0,0   0:00.11
      1 root      20   0   23360  10772   5908 S   0,0   0,1   0:05.48

  22378 vboxuser  20   0 1222592   1,2g   3196 R 100,0  12,2   0:45.09
  22379 vboxuser  20   0 1216652   1,2g   3416 R  90,9  12,1   0:45.09
  20179 vboxuser  20   0 4881820 389444 143420 S  18,2   3,9   0:53.68
  22939 vboxuser  20   0   12128   5264   3216 R   9,1   0,1   0:00.01
      1 root      20   0   23360  10772   5908 S   0,0   0,1   0:05.48

  22378 vboxuser  20   0 1257836   1,2g   3196 R 100,0  12,6   0:46.35
  22379 vboxuser  20   0 1251104   1,2g   3416 R 100,0  12,5   0:46.35
  20179 vboxuser  20   0 4881820 389444 143420 S  20,0   3,9   0:53.82
  22955 vboxuser  20   0   12128   5268   3220 R  10,0   0,1   0:00.01
      1 root      20   0   23360  10772   5908 S   0,0   0,1   0:05.48

  22378 vboxuser  20   0 1290440   1,2g   3196 R 100,0  12,9   0:47.63
  22379 vboxuser  20   0 1284104   1,2g   3416 R 100,0  12,8   0:47.65
  20179 vboxuser  20   0 4881820 389444 143420 S   9,1   3,9   0:53.91
  22971 vboxuser  20   0   12128   5268   3220 R   9,1   0,1   0:00.01
      1 root      20   0   23360  10772   5908 S   0,0   0,1   0:05.48

  22378 vboxuser  20   0 1325816   1,3g   3196 R 100,0  13,2   0:48.88
  22379 vboxuser  20   0 1320140   1,3g   3416 R 100,0  13,2   0:48.92
  22381 vboxuser  20   0   10180   3536   3280 S  10,0   0,0   0:00.13
      1 root      20   0   23360  10772   5908 S   0,0   0,1   0:05.48
      2 root      20   0       0      0      0 S   0,0   0,0   0:00.07

  22378 vboxuser  20   0 1360004   1,3g   3196 R 100,0  13,6   0:50.14
  22379 vboxuser  20   0 1354592   1,3g   3416 R 100,0  13,5   0:50.20
  20179 vboxuser  20   0 4881820 389444 143420 S   9,1   3,9   0:54.14
  23003 vboxuser  20   0   12128   5268   3220 R   9,1   0,1   0:00.01
      1 root      20   0   23360  10772   5908 S   0,0   0,1   0:05.48

  22378 vboxuser  20   0 1391816   1,3g   3196 R 100,0  13,9   0:51.43
  22379 vboxuser  20   0 1385876   1,3g   3416 R 100,0  13,8   0:51.48
  20179 vboxuser  20   0 4881820 389444 143420 S   9,1   3,9   0:54.40
  23019 vboxuser  20   0   12128   5268   3220 R   9,1   0,1   0:00.01
  23022 vboxuser  20   0   10692   3344   2700 R   9,1   0,0   0:00.01

  22378 vboxuser  20   0 1423892   1,4g   3196 R 100,0  14,2   0:52.72
  22379 vboxuser  20   0 1417688   1,3g   3416 R 100,0  14,2   0:52.77
  20179 vboxuser  20   0 4885980 389444 143420 S  30,0   3,9   0:54.66
  16529 root      20   0       0      0      0 I  10,0   0,0   0:02.49
  20709 vboxuser  20   0 2720596 238908 117984 S  10,0   2,4   0:07.48

  22378 vboxuser  20   0 1456628   1,4g   3196 R 100,0  14,6   0:54.01
  22379 vboxuser  20   0 1450160   1,4g   3416 R 100,0  14,5   0:54.06
  20179 vboxuser  20   0 4881820 389444 143420 S  27,3   3,9   0:54.92
  23051 vboxuser  20   0   12128   5268   3220 R   9,1   0,1   0:00.01
  23054 vboxuser  20   0   11336   3980   2700 R   9,1   0,0   0:00.01

  22378 vboxuser  20   0 1490288   1,4g   3196 R  90,9  14,9   0:55.29
  22379 vboxuser  20   0 1483292   1,4g   3416 R  90,9  14,8   0:55.34
  20179 vboxuser  20   0 4881820 389444 143420 S  18,2   3,9   0:55.13
  23067 vboxuser  20   0   12128   5268   3220 R   9,1   0,1   0:00.01
      1 root      20   0   23360  10772   5908 S   0,0   0,1   0:05.48

  22379 vboxuser  20   0 1514048   1,4g   3416 R 100,0  15,1   0:56.62
  22378 vboxuser  20   0 1520516   1,4g   3196 R  90,9  15,2   0:56.56
  20179 vboxuser  20   0 4881820 389444 143420 S  54,5   3,9   0:55.31
  22360 vboxuser  20   0  548980  51292  41432 S  18,2   0,5   0:01.75
  16529 root      20   0       0      0      0 I   9,1   0,0   0:02.54

  22378 vboxuser  20   0 1546388   1,5g   3196 R  90,9  15,5   0:57.89
  22379 vboxuser  20   0 1540052   1,5g   3416 R  90,9  15,4   0:57.94
  20179 vboxuser  20   0 4881820 389444 143420 S  18,2   3,9   0:55.53
  23099 vboxuser  20   0   12128   5268   3220 R  18,2   0,1   0:00.02
  22360 vboxuser  20   0  548980  51292  41432 S   9,1   0,5   0:01.80

  22378 vboxuser  20   0 1575560   1,5g   3196 R 100,0  15,7   0:59.20
  22379 vboxuser  20   0 1568564   1,5g   3416 R 100,0  15,7   0:59.26
  20179 vboxuser  20   0 4885980 389444 143420 R  36,4   3,9   0:55.82
  22360 vboxuser  20   0  548980  51292  41432 S  18,2   0,5   0:01.88
     49 root      20   0       0      0      0 R   9,1   0,0   0:11.14

  22378 vboxuser  20   0 1608692   1,5g   3196 R  90,9  16,1   1:00.50
  22379 vboxuser  20   0 1602884   1,5g   3416 R  90,9  16,0   1:00.56
  20709 vboxuser  20   0 2720596 238908 117984 S   9,1   2,4   0:07.58
      1 root      20   0   23360  10772   5908 S   0,0   0,1   0:05.48
      2 root      20   0       0      0      0 S   0,0   0,0   0:00.07

  22378 vboxuser  20   0 1637732   1,6g   3196 R 100,0  16,4   1:01.79
  22379 vboxuser  20   0 1630736   1,5g   3416 R  90,9  16,3   1:01.84
  20179 vboxuser  20   0 4881820 389444 143420 S  18,2   3,9   0:56.16
     49 root      20   0       0      0      0 R   9,1   0,0   0:11.20
  20709 vboxuser  20   0 2720596 238908 117984 S   9,1   2,4   0:07.60

  22378 vboxuser  20   0 1671656   1,6g   3196 R 100,0  16,7   1:03.05
  22379 vboxuser  20   0 1664924   1,6g   3416 R 100,0  16,6   1:03.11
  20179 vboxuser  20   0 4881820 389444 143420 S  10,0   3,9   0:56.32
  22360 vboxuser  20   0  548980  51292  41432 R  10,0   0,5   0:02.01
  23163 vboxuser  20   0   12128   5268   3220 R  10,0   0,1   0:00.01

  22378 vboxuser  20   0 1703468   1,6g   3196 R 100,0  17,0   1:04.35
  22379 vboxuser  20   0 1697000   1,6g   3416 R 100,0  17,0   1:04.40
  20179 vboxuser  20   0 4881820 389444 143420 R  18,2   3,9   0:56.54
  22360 vboxuser  20   0  548980  51292  41432 S   9,1   0,5   0:02.06
      1 root      20   0   23360  10772   5908 S   0,0   0,1   0:05.48

  22378 vboxuser  20   0 1736732   1,6g   3196 R 100,0  17,4   1:05.62
  22379 vboxuser  20   0 1730264   1,6g   3416 R  90,9  17,3   1:05.67
  20179 vboxuser  20   0 4881820 389444 143420 S  18,2   3,9   0:56.66
  22381 vboxuser  20   0   10180   3536   3280 S   9,1   0,0   0:00.18
      1 root      20   0   23360  10772   5908 S   0,0   0,1   0:05.48

  22378 vboxuser  20   0 1770128   1,7g   3196 R  90,9  17,7   1:06.89
  22379 vboxuser  20   0 1763264   1,7g   3416 R  90,9  17,6   1:06.94
  20179 vboxuser  20   0 4881820 389444 143420 S  18,2   3,9   0:56.84
      1 root      20   0   23360  10772   5908 S   0,0   0,1   0:05.48
      2 root      20   0       0      0      0 S   0,0   0,0   0:00.07

  22379 vboxuser  20   0 1797056   1,7g   3416 R 100,0  18,0   1:08.22
  22378 vboxuser  20   0 1804316   1,7g   3196 R  90,9  18,0   1:08.16
  20179 vboxuser  20   0 4881820 389444 143420 S   9,1   3,9   0:57.01
  20709 vboxuser  20   0 2720596 238908 117984 S   9,1   2,4   0:07.67
  23228 vboxuser  20   0   12128   5268   3220 R   9,1   0,1   0:00.01

  22378 vboxuser  20   0 1838768   1,7g   3196 R 100,0  18,4   1:09.45
  22379 vboxuser  20   0 1831376   1,7g   3416 R 100,0  18,3   1:09.50
  22381 vboxuser  20   0   10180   3536   3280 S  10,0   0,0   0:00.19
  23244 vboxuser  20   0   12128   5268   3220 R  10,0   0,1   0:00.01
      1 root      20   0   23360  10772   5908 S   0,0   0,1   0:05.48

  22378 vboxuser  20   0 1874540   1,8g   3196 R 100,0  18,7   1:10.73
  22379 vboxuser  20   0 1867016   1,8g   3416 R 100,0  18,7   1:10.78
  20179 vboxuser  20   0 4881820 389444 143420 R  18,2   3,9   0:57.29
      1 root      20   0   23360  10772   5908 S   0,0   0,1   0:05.48
      2 root      20   0       0      0      0 S   0,0   0,0   0:00.07

  22378 vboxuser  20   0 1908464   1,8g   3196 R 100,0  19,1   1:12.01
  22379 vboxuser  20   0 1901600   1,8g   3416 R  90,9  19,0   1:12.06
  20179 vboxuser  20   0 4881820 389444 143420 S   9,1   3,9   0:57.40
  23277 vboxuser  20   0   12128   5264   3216 R   9,1   0,1   0:00.01
      1 root      20   0   23360  10772   5908 S   0,0   0,1   0:05.48

  22379 vboxuser  20   0 1938428   1,8g   3416 R 100,0  19,4   1:13.32
  22378 vboxuser  20   0 1944764   1,8g   3196 R  90,9  19,5   1:13.26
  23293 vboxuser  20   0   12128   5268   3220 R   9,1   0,1   0:00.01
      1 root      20   0   23360  10772   5908 S   0,0   0,1   0:05.48
      2 root      20   0       0      0      0 S   0,0   0,0   0:00.07

  22379 vboxuser  20   0 1971824   1,9g   3416 R 100,0  19,7   1:14.59
  22378 vboxuser  20   0 1978292   1,9g   3196 R  90,9  19,8   1:14.53
  17232 root      20   0       0      0      0 I   9,1   0,0   0:00.05
  20179 vboxuser  20   0 4881820 389316 143420 S   9,1   3,9   0:57.62
  20709 vboxuser  20   0 2720596 238908 117984 S   9,1   2,4   0:07.75

  22378 vboxuser  20   0 2013140   1,9g   3196 R 100,0  20,1   1:15.81
  22379 vboxuser  20   0 2006408   1,9g   3416 R  90,9  20,1   1:15.87
  20179 vboxuser  20   0 4881820 389316 143420 S  18,2   3,9   0:57.77
  23325 vboxuser  20   0   12128   5260   3212 R   9,1   0,1   0:00.01
      1 root      20   0   23360  10772   5908 S   0,0   0,1   0:05.48

  22379 vboxuser  20   0 2040596   1,9g   3416 R 100,0  20,4   1:17.14
  22378 vboxuser  20   0 2047328   1,9g   3196 R 100,0  20,5   1:17.08
  23341 vboxuser  20   0   12128   5268   3220 R  10,0   0,1   0:00.01
      1 root      20   0   23360  10772   5908 S   0,0   0,1   0:05.48
      2 root      20   0       0      0      0 S   0,0   0,0   0:00.07

  22379 vboxuser  20   0 2077028   2,0g   3416 R 100,0  20,8   1:18.40
  22378 vboxuser  20   0 2083892   2,0g   3196 R  90,9  20,8   1:18.34
  20709 vboxuser  20   0 2720596 238908 117984 S   9,1   2,4   0:07.80
  23357 vboxuser  20   0   12128   5268   3220 R   9,1   0,1   0:00.01
      1 root      20   0   23360  10772   5908 S   0,0   0,1   0:05.48

  22378 vboxuser  20   0 2119004   2,0g   3196 R 100,0  21,2   1:19.62
  22379 vboxuser  20   0 2112008   2,0g   3416 R  90,9  21,1   1:19.67
  20179 vboxuser  20   0 4881820 389316 143420 R   9,1   3,9   0:58.12
  20709 vboxuser  20   0 2720596 238908 117984 S   9,1   2,4   0:07.81
  22360 vboxuser  20   0  548980  51292  41432 R   9,1   0,5   0:02.42

  22378 vboxuser  20   0 2153324   2,0g   3196 R 100,0  21,5   1:20.89
  22379 vboxuser  20   0 2145536   2,0g   3416 R 100,0  21,5   1:20.94
  20179 vboxuser  20   0 4881820 389316 143420 S   9,1   3,9   0:58.25
  22360 vboxuser  20   0  548980  51292  41432 S   9,1   0,5   0:02.45
  23389 vboxuser  20   0   12128   5264   3216 R   9,1   0,1   0:00.01

  22378 vboxuser  20   0 2186324   2,1g   3196 R 100,0  21,9   1:22.15
  22379 vboxuser  20   0 2177876   2,1g   3416 R 100,0  21,8   1:22.21
  20179 vboxuser  20   0 4881820 389316 143420 S   9,1   3,9   0:58.46
  23405 vboxuser  20   0   12128   5268   3220 R   9,1   0,1   0:00.01
      1 root      20   0   23360  10772   5908 S   0,0   0,1   0:05.48

  22378 vboxuser  20   0 2219852   2,1g   3196 R 100,0  22,2   1:23.43
  22379 vboxuser  20   0 2211008   2,1g   3416 R 100,0  22,1   1:23.49
  20179 vboxuser  20   0 4881820 389316 143420 S  18,2   3,9   0:58.64
  23421 vboxuser  20   0   12128   5268   3220 R   9,1   0,1   0:00.01
      1 root      20   0   23360  10772   5908 S   0,0   0,1   0:05.48

  22378 vboxuser  20   0 2255360   2,1g   3196 R 100,0  22,6   1:24.74
  22379 vboxuser  20   0 2247176   2,1g   3416 R 100,0  22,5   1:24.80
  23437 vboxuser  20   0   12128   5268   3220 R   7,7   0,1   0:00.01
      1 root      20   0   23360  10772   5908 S   0,0   0,1   0:05.48
      2 root      20   0       0      0      0 S   0,0   0,0   0:00.07

  22378 vboxuser  20   0 2290604   2,2g   3196 R 100,0  22,9   1:26.01
  22379 vboxuser  20   0 2281628   2,2g   3416 R 100,0  22,8   1:26.06
  20179 vboxuser  20   0 4881820 389316 143420 S  10,0   3,9   0:58.86
      1 root      20   0   23360  10772   5908 S   0,0   0,1   0:05.48
      2 root      20   0       0      0      0 S   0,0   0,0   0:00.07

  22378 vboxuser  20   0 2324396   2,2g   3196 R 100,0  23,3   1:27.28
  22379 vboxuser  20   0 2315420   2,2g   3416 R 100,0  23,2   1:27.34
  20179 vboxuser  20   0 4881820 389316 143420 S  18,2   3,9   0:59.03
  22360 vboxuser  20   0  548980  51292  41432 S   9,1   0,5   0:02.60
      1 root      20   0   23360  10772   5908 S   0,0   0,1   0:05.48

  22378 vboxuser  20   0 2358584   2,2g   3196 R  91,7  23,6   1:28.57
  22379 vboxuser  20   0 2349608   2,2g   3416 R  91,7  23,5   1:28.62
  20179 vboxuser  20   0 4881820 389316 143420 S  16,7   3,9   0:59.20
  20709 vboxuser  20   0 2720596 238908 117984 S   8,3   2,4   0:07.92
  23485 vboxuser  20   0   12128   5264   3216 R   8,3   0,1   0:00.01

  22378 vboxuser  20   0 2391980   2,3g   3196 R 100,0  23,9   1:29.84
  22379 vboxuser  20   0 2383136   2,3g   3416 R  90,9  23,9   1:29.89
  20179 vboxuser  20   0 4881820 389316 143420 R  18,2   3,9   0:59.37
     49 root      20   0       0      0      0 I   9,1   0,0   0:11.25
  20709 vboxuser  20   0 2720596 238908 117984 S   9,1   2,4   0:07.93

  22378 vboxuser  20   0 2424848   2,3g   3196 R 100,0  24,3   1:31.10
  22379 vboxuser  20   0 2415608   2,3g   3416 R 100,0  24,2   1:31.16
  20179 vboxuser  20   0 4881820 389316 143420 S  20,0   3,9   0:59.55
  23517 vboxuser  20   0   12128   5196   3148 R  10,0   0,1   0:00.01
      1 root      20   0   23360  10772   5908 S   0,0   0,1   0:05.48

  22378 vboxuser  20   0 2459432   2,3g   3196 R 100,0  24,6   1:32.38
  22379 vboxuser  20   0 2450456   2,3g   3416 R 100,0  24,5   1:32.45
  23534 vboxuser  20   0   12128   5260   3212 R   9,1   0,1   0:00.01
      1 root      20   0   23360  10772   5908 S   0,0   0,1   0:05.48
      2 root      20   0       0      0      0 S   0,0   0,0   0:00.07

  22378 vboxuser  20   0 2493488   2,4g   3196 R  90,9  25,0   1:33.65
  22379 vboxuser  20   0 2485304   2,4g   3416 R  90,9  24,9   1:33.71
  20179 vboxuser  20   0 4881820 389316 143420 S  27,3   3,9   0:59.73
  20709 vboxuser  20   0 2720596 238908 117984 S   9,1   2,4   0:07.98
  23550 vboxuser  20   0   12128   5268   3220 R   9,1   0,1   0:00.01

  22378 vboxuser  20   0 2525696   2,4g   3196 R 100,0  25,3   1:34.94
  22379 vboxuser  20   0 2517512   2,4g   3416 R  90,9  25,2   1:35.00
  20179 vboxuser  20   0 4881820 389316 143420 R  18,2   3,9   0:59.91
  22360 vboxuser  20   0  548980  51292  41432 S   9,1   0,5   0:02.78
  23566 vboxuser  20   0   12128   5260   3212 R   9,1   0,1   0:00.01

  22379 vboxuser  20   0 2552096   2,4g   3416 R 100,0  25,6   1:36.29
  22378 vboxuser  20   0 2560676   2,4g   3196 R 100,0  25,6   1:36.23
      1 root      20   0   23360  10772   5908 S   0,0   0,1   0:05.48
      2 root      20   0       0      0      0 S   0,0   0,0   0:00.07
      3 root      20   0       0      0      0 S   0,0   0,0   0:00.00

  22378 vboxuser  20   0 2597504   2,5g   3196 R  91,7  26,0   1:37.50
  22379 vboxuser  20   0 2588396   2,5g   3416 R  91,7  25,9   1:37.56
  23598 vboxuser  20   0   12128   5268   3220 R   8,3   0,1   0:00.01
      1 root      20   0   23360  10772   5908 S   0,0   0,1   0:05.48
      2 root      20   0       0      0      0 S   0,0   0,0   0:00.07

  22378 vboxuser  20   0 2634728   2,5g   3196 R 100,0  26,4   1:38.79
  22379 vboxuser  20   0 2626412   2,5g   3416 R 100,0  26,3   1:38.84
  20709 vboxuser  20   0 2720596 238908 117984 S   9,1   2,4   0:08.05
      1 root      20   0   23360  10772   5908 S   0,0   0,1   0:05.48
      2 root      20   0       0      0      0 S   0,0   0,0   0:00.07

  22379 vboxuser  20   0 2665748   2,5g   3416 R 100,0  26,7   1:40.11
  22378 vboxuser  20   0 2672348   2,5g   3196 R  91,7  26,8   1:40.05
  23630 vboxuser  20   0   12128   5268   3220 R   8,3   0,1   0:00.01
      1 root      20   0   23360  10772   5908 S   0,0   0,1   0:05.48
      2 root      20   0       0      0      0 S   0,0   0,0   0:00.07

  22378 vboxuser  20   0 2711156   2,6g   3196 R 100,0  27,1   1:41.35
  22379 vboxuser  20   0 2705348   2,6g   3416 R 100,0  27,1   1:41.41
  20709 vboxuser  20   0 2720596 238908 117984 S   8,3   2,4   0:08.08
      1 root      20   0   23360  10772   5908 S   0,0   0,1   0:05.48
      2 root      20   0       0      0      0 S   0,0   0,0   0:00.07

  22379 vboxuser  20   0 2742308   2,6g   3416 R 100,0  27,5   1:42.67
  22378 vboxuser  20   0 2747852   2,6g   3196 R  90,9  27,5   1:42.62
  20179 vboxuser  20   0 4881820 389316 143420 S   9,1   3,9   1:00.15
  22360 vboxuser  20   0  548980  51292  41432 S   9,1   0,5   0:02.84
      1 root      20   0   23360  10772   5908 S   0,0   0,1   0:05.48

  22378 vboxuser  20   0 2781776   2,6g   3196 R 100,0  27,9   1:43.90
  22379 vboxuser  20   0 2776364   2,6g   3416 R  91,7  27,8   1:43.95
  20179 vboxuser  20   0 4881820 389316 143420 R  16,7   3,9   1:00.27
  23681 vboxuser  20   0   12128   5268   3220 R   8,3   0,1   0:00.01
      1 root      20   0   23360  10772   5908 S   0,0   0,1   0:05.48

  22379 vboxuser  20   0 2811740   2,7g   3416 R 100,0  28,2   1:45.23
  22378 vboxuser  20   0 2816360   2,7g   3196 R 100,0  28,2   1:45.18
      1 root      20   0   23360  10772   5908 S   0,0   0,1   0:05.48
      2 root      20   0       0      0      0 S   0,0   0,0   0:00.07
      3 root      20   0       0      0      0 S   0,0   0,0   0:00.00

  22379 vboxuser  20   0 2849888   2,7g   3416 R 100,0  28,5   1:46.50
  22378 vboxuser  20   0 2853848   2,7g   3196 R 100,0  28,6   1:46.44
  20179 vboxuser  20   0 4881820 389316 143420 S  10,0   3,9   1:00.35
      1 root      20   0   23360  10772   5908 S   0,0   0,1   0:05.48
      2 root      20   0       0      0      0 S   0,0   0,0   0:00.07

  22378 vboxuser  20   0 2889884   2,7g   3196 R 100,0  28,9   1:47.74
  22379 vboxuser  20   0 2886056   2,7g   3416 R 100,0  28,9   1:47.79
      1 root      20   0   23360  10772   5908 S   0,0   0,1   0:05.48
      2 root      20   0       0      0      0 S   0,0   0,0   0:00.07
      3 root      20   0       0      0      0 S   0,0   0,0   0:00.00

  22379 vboxuser  20   0 2924072   2,8g   3416 R 100,0  29,3   1:49.07
  22378 vboxuser  20   0 2926580   2,8g   3196 R  90,9  29,3   1:49.00
      1 root      20   0   23360  10772   5908 S   0,0   0,1   0:05.48
      2 root      20   0       0      0      0 S   0,0   0,0   0:00.07
      3 root      20   0       0      0      0 S   0,0   0,0   0:00.00

  22378 vboxuser  20   0 2961560   2,8g   3196 R 100,0  29,7   1:50.28
  22379 vboxuser  20   0 2959712   2,8g   3416 R  90,9  29,6   1:50.32
  22360 vboxuser  20   0  548980  51292  41432 S   9,1   0,5   0:02.94
  23765 vboxuser  20   0   12128   5268   3220 R   9,1   0,1   0:00.01
      1 root      20   0   23360  10772   5908 S   0,0   0,1   0:05.48

  22378 vboxuser  20   0 2997992   2,9g   3196 R 100,0  30,0   1:51.56
  22379 vboxuser  20   0 2996672   2,9g   3416 R 100,0  30,0   1:51.60
     49 root      20   0       0      0      0 I   9,1   0,0   0:11.27
      1 root      20   0   23360  10772   5908 S   0,0   0,1   0:05.48
      2 root      20   0       0      0      0 S   0,0   0,0   0:00.07

  22378 vboxuser  20   0 3032444   2,9g   3196 R 100,0  30,4   1:52.83
  22379 vboxuser  20   0 3031784   2,9g   3416 R 100,0  30,4   1:52.87
  20179 vboxuser  20   0 4881820 389316 143420 S   9,1   3,9   1:00.58
      1 root      20   0   23360  10772   5908 S   0,0   0,1   0:05.48
      2 root      20   0       0      0      0 S   0,0   0,0   0:00.07

  22378 vboxuser  20   0 3068480   2,9g   3196 R 100,0  30,7   1:54.10
  22379 vboxuser  20   0 3069140   2,9g   3416 R  90,9  30,7   1:54.14
  23813 vboxuser  20   0   12128   5268   3220 R   9,1   0,1   0:00.01
      1 root      20   0   23360  10772   5908 S   0,0   0,1   0:05.48
      2 root      20   0       0      0      0 S   0,0   0,0   0:00.07

  22378 vboxuser  20   0 3103988   3,0g   3196 R 100,0  31,1   1:55.37
  22379 vboxuser  20   0 3105968   3,0g   3416 R 100,0  31,1   1:55.41
      1 root      20   0   23360  10772   5908 S   0,0   0,1   0:05.48
      2 root      20   0       0      0      0 S   0,0   0,0   0:00.07
      3 root      20   0       0      0      0 S   0,0   0,0   0:00.00

  22378 vboxuser  20   0 3137252   3,0g   3196 R  90,9  31,4   1:56.64
  22379 vboxuser  20   0 3139892   3,0g   3416 R  90,9  31,5   1:56.68
  23845 vboxuser  20   0   12128   5268   3220 R   9,1   0,1   0:00.01
      1 root      20   0   23360  10772   5908 S   0,0   0,1   0:05.48
      2 root      20   0       0      0      0 S   0,0   0,0   0:00.07

  22378 vboxuser  20   0 3167744   3,0g   3196 R 100,0  31,7   1:57.93
  22379 vboxuser  20   0 3171176   3,0g   3416 R 100,0  31,8   1:57.97
      1 root      20   0   23360  10772   5908 S   0,0   0,1   0:05.48
      2 root      20   0       0      0      0 S   0,0   0,0   0:00.07
      3 root      20   0       0      0      0 S   0,0   0,0   0:00.00

  22379 vboxuser  20   0 3198632   3,0g   3416 R 100,0  32,0   1:59.26
  22378 vboxuser  20   0 3194804   3,0g   3196 R 100,0  32,0   1:59.21
      1 root      20   0   23360  10772   5908 S   0,0   0,1   0:05.48
      2 root      20   0       0      0      0 S   0,0   0,0   0:00.07
      3 root      20   0       0      0      0 S   0,0   0,0   0:00.00

  22378 vboxuser  20   0 3227276   3,1g   3196 R 100,0  32,3   2:00.50
  22379 vboxuser  20   0 3231500   3,1g   3416 R  90,9  32,4   2:00.53
  23893 vboxuser  20   0   12128   5268   3220 R   9,1   0,1   0:00.01
      1 root      20   0   23360  10772   5908 S   0,0   0,1   0:05.48
      2 root      20   0       0      0      0 S   0,0   0,0   0:00.07

  22378 vboxuser  20   0 3262916   3,1g   3196 R 100,0  32,7   2:01.77
  22379 vboxuser  20   0 3268064   3,1g   3416 R 100,0  32,7   2:01.81
      1 root      20   0   23360  10772   5908 S   0,0   0,1   0:05.48
      2 root      20   0       0      0      0 S   0,0   0,0   0:00.07
      3 root      20   0       0      0      0 S   0,0   0,0   0:00.00

  22379 vboxuser  20   0 3301988   3,1g   3416 R 100,0  33,1   2:03.08
  22378 vboxuser  20   0 3296708   3,1g   3196 R  90,9  33,0   2:03.04
  20179 vboxuser  20   0 4881820 389316 143420 S  18,2   3,9   1:00.84
  23926 vboxuser  20   0   12128   5268   3220 R   9,1   0,1   0:00.01
      1 root      20   0   23360  10772   5908 S   0,0   0,1   0:05.48

  22378 vboxuser  20   0 3329708   3,2g   3196 R 100,0  33,4   2:04.33
  22379 vboxuser  20   0 3334460   3,2g   3416 R  90,9  33,4   2:04.36
  20179 vboxuser  20   0 4881820 389316 143420 S   9,1   3,9   1:00.94
      1 root      20   0   23360  10772   5908 S   0,0   0,1   0:05.48
      2 root      20   0       0      0      0 S   0,0   0,0   0:00.07

  22378 vboxuser  20   0 3362972   3,2g   3196 R 100,0  33,7   2:05.61
  22379 vboxuser  20   0 3367196   3,2g   3416 R  90,9  33,7   2:05.64
  20179 vboxuser  20   0 4881820 389316 143420 S   9,1   3,9   1:01.05
  22360 vboxuser  20   0  548980  51292  41432 S   9,1   0,5   0:03.11
      1 root      20   0   23360  10772   5908 S   0,0   0,1   0:05.48

  22379 vboxuser  20   0 3453392   3,3g   3416 R  90,9  34,6   2:08.27
  22378 vboxuser  20   0 3446264   3,3g   3196 R  81,8  34,5   2:08.21
  20179 vboxuser  20   0 4881820 389316 143420 S  18,2   3,9   1:01.17
      1 root      20   0   23360  10772   5908 S   0,0   0,1   0:05.48
      2 root      20   0       0      0      0 S   0,0   0,0   0:00.07

  22378 vboxuser  20   0 3480848   3,3g   3196 R 100,0  34,9   2:09.48
  22379 vboxuser  20   0 3488900   3,3g   3416 R  90,9  35,0   2:09.54
      1 root      20   0   23360  10772   5908 S   0,0   0,1   0:05.48
      2 root      20   0       0      0      0 S   0,0   0,0   0:00.07
      3 root      20   0       0      0      0 S   0,0   0,0   0:00.00

  22378 vboxuser  20   0 3517676   3,3g   3196 R 100,0  35,2   2:10.74
  22379 vboxuser  20   0 3526124   3,4g   3416 R 100,0  35,3   2:10.81
      1 root      20   0   23360  10772   5908 S   0,0   0,1   0:05.48
      2 root      20   0       0      0      0 S   0,0   0,0   0:00.07
      3 root      20   0       0      0      0 S   0,0   0,0   0:00.00

  22378 vboxuser  20   0 3552392   3,4g   3196 R 100,0  35,6   2:11.99
  22379 vboxuser  20   0 3561896   3,4g   3416 R  90,9  35,7   2:12.07
  20179 vboxuser  20   0 4881820 389316 143420 S   9,1   3,9   1:01.31
  24015 vboxuser  20   0   12128   5268   3220 R   9,1   0,1   0:00.01
      1 root      20   0   23360  10772   5908 S   0,0   0,1   0:05.48

  22378 vboxuser  20   0 3584468   3,4g   3196 R 100,0  35,9   2:13.24
  22379 vboxuser  20   0 3595556   3,4g   3416 R  90,9  36,0   2:13.34
  22381 vboxuser  20   0   10180   3536   3280 S   9,1   0,0   0:00.38
      1 root      20   0   23360  10772   5908 S   0,0   0,1   0:05.48
      2 root      20   0       0      0      0 S   0,0   0,0   0:00.07

  22378 vboxuser  20   0 3619448   3,4g   3196 R 100,0  36,3   2:14.50
  22379 vboxuser  20   0 3631856   3,5g   3416 R 100,0  36,4   2:14.61
      1 root      20   0   23360  10772   5908 S   0,0   0,1   0:05.48
      2 root      20   0       0      0      0 S   0,0   0,0   0:00.07
      3 root      20   0       0      0      0 S   0,0   0,0   0:00.00

  22378 vboxuser  20   0 3654956   3,5g   3196 R 100,0  36,6   2:15.77
  22379 vboxuser  20   0 3667232   3,5g   3416 R 100,0  36,7   2:15.88
  20179 vboxuser  20   0 4881820 389316 143420 S  18,2   3,9   1:01.52
  20709 vboxuser  20   0 2720596 238908 117984 S   9,1   2,4   0:08.45
  22360 vboxuser  20   0  548980  51292  41432 S   9,1   0,5   0:03.24

  22379 vboxuser  20   0 3701816   3,5g   3416 R 100,0  37,1   2:17.17
  22378 vboxuser  20   0 3689276   3,5g   3196 R 100,0  37,0   2:17.06
     76 root      20   0       0      0      0 R  16,7   0,0   0:44.87
  20179 vboxuser  20   0 4881820 389316 143420 S   8,3   3,9   1:01.61
  24082 vboxuser  20   0   12128   5268   3220 R   8,3   0,1   0:00.01

  22378 vboxuser  20   0 3723464   3,5g   3196 R 100,0  37,3   2:18.33
  22379 vboxuser  20   0 3737324   3,6g   3416 R  90,9  37,4   2:18.44
  20709 vboxuser  20   0 2720596 238908 117984 S   9,1   2,4   0:08.48
  24098 vboxuser  20   0   12128   5268   3220 R   9,1   0,1   0:00.01
      1 root      20   0   23360  10772   5908 S   0,0   0,1   0:05.48

  22378 vboxuser  20   0 3756860   3,6g   3196 R  90,9  37,6   2:19.60
  22379 vboxuser  20   0 3771776   3,6g   3416 R  90,9  37,8   2:19.71
  20179 vboxuser  20   0 4881820 389316 143420 S   9,1   3,9   1:01.74
  20709 vboxuser  20   0 2720596 238908 117984 S   9,1   2,4   0:08.50
  24114 vboxuser  20   0   12128   5268   3220 R   9,1   0,1   0:00.01

  22378 vboxuser  20   0 3790784   3,6g   3196 R 100,0  38,0   2:20.88
  22379 vboxuser  20   0 3805436   3,6g   3416 R 100,0  38,1   2:20.98
  20179 vboxuser  20   0 4881820 389316 143420 S  20,0   3,9   1:01.85
  20709 vboxuser  20   0 2720596 238908 117984 S  10,0   2,4   0:08.51
  24130 vboxuser  20   0   12128   5268   3220 R  10,0   0,1   0:00.01

  22378 vboxuser  20   0 3839360   3,7g   3196 R 100,0  38,5   2:22.54
  22379 vboxuser  20   0 3855332   3,7g   3416 R 100,0  38,6   2:22.66
  20179 vboxuser  20   0 4881820 389316 143420 S   9,1   3,9   1:01.94
  20709 vboxuser  20   0 2720596 238908 117984 S   9,1   2,4   0:08.53
      1 root      20   0   23360  10772   5908 S   0,0   0,1   0:05.48

  22378 vboxuser  20   0 3873548   3,7g   3196 R  90,9  38,8   2:23.79
  22379 vboxuser  20   0 3888596   3,7g   3416 R  90,9  39,0   2:23.92
  20179 vboxuser  20   0 4881820 389316 143420 S   9,1   3,9   1:02.07
  20709 vboxuser  20   0 2720596 238908 117984 S   9,1   2,4   0:08.54
      1 root      20   0   23360  10772   5908 S   0,0   0,1   0:05.48

  22378 vboxuser  20   0 3906944   3,7g   3196 R  90,9  39,1   2:25.06
  22379 vboxuser  20   0 3921992   3,7g   3416 R  90,9  39,3   2:25.19
    182 root      20   0       0      0      0 I   9,1   0,0   0:01.18
  20709 vboxuser  20   0 2720596 238908 117984 S   9,1   2,4   0:08.57
      1 root      20   0   23360  10772   5908 S   0,0   0,1   0:05.48

  22378 vboxuser  20   0 3941000   3,8g   3196 R 100,0  39,5   2:26.36
  22379 vboxuser  20   0 3955652   3,8g   3416 R 100,0  39,6   2:26.48
  20179 vboxuser  20   0 4881820 387652 141756 S   9,1   3,9   1:02.32
      1 root      20   0   23360  10772   5908 S   0,0   0,1   0:05.48
      2 root      20   0       0      0      0 S   0,0   0,0   0:00.07

  22378 vboxuser  20   0 3973340   3,8g   3196 R 100,0  39,8   2:27.64
  22379 vboxuser  20   0 3987596   3,8g   3416 R 100,0  40,0   2:27.76
  20179 vboxuser  20   0 4881820 387652 141756 S  20,0   3,9   1:02.48
  24210 vboxuser  20   0   12128   5268   3220 R  10,0   0,1   0:00.01
      1 root      20   0   23360  10772   5908 S   0,0   0,1   0:05.48

  22378 vboxuser  20   0 4007264   3,8g   3196 R 100,0  40,2   2:28.92
  22379 vboxuser  20   0 4020464   3,8g   3416 R 100,0  40,3   2:29.04
  20179 vboxuser  20   0 4881820 387396 141500 S   9,1   3,9   1:02.64
  22360 vboxuser  20   0  548980  51292  41432 S   9,1   0,5   0:03.51
      1 root      20   0   23360  10772   5908 S   0,0   0,1   0:05.48

  22378 vboxuser  20   0 4041980   3,8g   3196 R 100,0  40,5   2:30.19
  22379 vboxuser  20   0 4054652   3,9g   3416 R  90,9  40,6   2:30.31
      1 root      20   0   23360  10772   5908 S   0,0   0,1   0:05.48
      2 root      20   0       0      0      0 S   0,0   0,0   0:00.07
      3 root      20   0       0      0      0 S   0,0   0,0   0:00.00

  22379 vboxuser  20   0 4084748   3,9g   3416 R 100,0  40,9   2:31.58
  22378 vboxuser  20   0 4072736   3,9g   3196 R  90,9  40,8   2:31.45
  20179 vboxuser  20   0 4881820 384324 138428 R   9,1   3,9   1:02.91
  24258 vboxuser  20   0   12128   5264   3216 R   9,1   0,1   0:00.01
      1 root      20   0   23360  10772   5908 S   0,0   0,1   0:05.48

  22378 vboxuser  20   0 4105868   3,9g   3196 R 100,0  41,1   2:32.73
  22379 vboxuser  20   0 4117748   3,9g   3416 R 100,0  41,3   2:32.85
     76 root      20   0       0      0      0 S  10,0   0,0   0:45.08
  20179 vboxuser  20   0 4881820 384196 138300 S  10,0   3,9   1:03.05
  21082 root      20   0       0      0      0 I  10,0   0,0   0:00.21

  22378 vboxuser  20   0 4139000   3,9g   3196 R 100,0  41,5   2:34.01
  22379 vboxuser  20   0 4150352   4,0g   3416 R 100,0  41,6   2:34.14
  20179 vboxuser  20   0 4881820 384196 138300 S   9,1   3,9   1:03.20
  24290 vboxuser  20   0   12128   5268   3220 R   9,1   0,1   0:00.01
      1 root      20   0   23360  10772   5908 S   0,0   0,1   0:05.48

  22378 vboxuser  20   0 4169492   4,0g   3068 R 100,0  41,8   2:35.30
  22379 vboxuser  20   0 4180580   4,0g   3288 R 100,0  41,9   2:35.43
  20179 vboxuser  20   0 4885980 349452 103556 S  45,5   3,5   1:03.62
     17 root      20   0       0      0      0 I   9,1   0,0   0:14.37
  24306 vboxuser  20   0   12128   5268   3220 R   9,1   0,1   0:00.01

  22379 vboxuser  20   0 4209752   4,0g   3288 R 100,0  42,2   2:36.72
  22378 vboxuser  20   0 4199060   4,0g   3068 R  90,9  42,1   2:36.58
  20179 vboxuser  20   0 4881820 335532  89636 R  27,3   3,4   1:04.04
  20709 vboxuser  20   0 2720596 202556  81632 R   9,1   2,0   0:08.70
  24323 vboxuser  20   0   12128   5268   3220 R   9,1   0,1   0:00.01

  22378 vboxuser  20   0 4232588   4,0g   3068 R 100,0  42,4   2:37.87
  22379 vboxuser  20   0 4243280   4,0g   3288 R 100,0  42,5   2:38.00
  20709 vboxuser  20   0 2720596 169660  48736 S   9,1   1,7   0:08.73
  22360 vboxuser  20   0  548980  32988  23128 S   9,1   0,3   0:03.83
  22381 vboxuser  20   0   10180   3408   3152 S   9,1   0,0   0:00.45

  22378 vboxuser  20   0 4265588   4,1g   3068 R 100,0  42,7   2:39.16
  22379 vboxuser  20   0 4277204   4,1g   3288 R 100,0  42,9   2:39.28
  20709 vboxuser  20   0 2720596 151740  30816 S  10,0   1,5   0:08.74
      1 root      20   0   23360   8980   4116 S   0,0   0,1   0:05.48
      2 root      20   0       0      0      0 S   0,0   0,0   0:00.07

  22378 vboxuser  20   0 4298456   4,1g   3068 R  90,9  43,1   2:40.44
  22379 vboxuser  20   0 4309544   4,1g   3288 R  90,9  43,2   2:40.56
  20179 vboxuser  20   0 4890140 274092  28196 S  27,3   2,8   1:04.78
     76 root      20   0       0      0      0 S  18,2   0,0   0:45.27
  20709 vboxuser  20   0 2720596 140476  19552 S   9,1   1,4   0:08.76

  22378 vboxuser  20   0 4330796   4,1g   2172 R 100,0  43,4   2:41.75
  22379 vboxuser  20   0 4342544   4,1g   2264 R  90,9  43,5   2:41.87
     76 root      20   0       0      0      0 R   9,1   0,0   0:45.43
  20179 vboxuser  20   0 4885980 272976  27080 S   9,1   2,7   1:05.02
  22360 vboxuser  20   0  548980  18740   8880 S   9,1   0,2   0:03.98

  22378 vboxuser  20   0 4362740   4,2g    508 R 100,0  43,7   2:43.29
  22379 vboxuser  20   0 4375544   4,2g    728 R 100,0  43,8   2:43.41
     76 root      20   0       0      0      0 R  61,5   0,0   0:45.94
  20179 vboxuser  20   0 4885980 256444  10548 R  61,5   2,6   1:05.56
  24402 vboxuser  20   0   12128   2784    864 R  15,4   0,0   0:00.06

  22378 vboxuser  20   0 4408016   4,2g    676 R 100,0  44,2   2:47.21
     76 root      20   0       0      0      0 S  86,7   0,0   0:50.02
  22379 vboxuser  20   0 4424516   4,2g    732 R  80,0  44,3   2:47.09
  20709 vboxuser  20   0 2720596 125352   4428 S  46,7   1,3   0:10.97
  20179 vboxuser  20   0 4886012 258312  12416 R  40,0   2,6   1:09.43

  22378 vboxuser  20   0 4461344   4,2g    632 R 100,0  44,7   2:49.55
  20179 vboxuser  20   0 4881820 276480  30584 S   7,7   2,8   1:10.35
  22360 vboxuser  20   0  548980  17040   7180 S   7,7   0,2   0:04.40
  24434 vboxuser  20   0   12128   5180   3132 R   7,7   0,1   0:00.01
      1 root      20   0   23360   8076   3212 S   0,0   0,1   0:05.61

  22378 vboxuser  20   0 4507544   4,3g   1132 R  92,9  45,2   2:50.83
      1 root      20   0   23360   8076   3212 S   0,0   0,1   0:05.61
      2 root      20   0       0      0      0 S   0,0   0,0   0:00.07
      3 root      20   0       0      0      0 S   0,0   0,0   0:00.00
      4 root       0 -20       0      0      0 I   0,0   0,0   0:00.00

  22378 vboxuser  20   0 4554272   4,3g   1132 R  92,9  45,6   2:52.13
      1 root      20   0   23360   8076   3212 S   0,0   0,1   0:05.61
      2 root      20   0       0      0      0 S   0,0   0,0   0:00.07
      3 root      20   0       0      0      0 S   0,0   0,0   0:00.00
      4 root       0 -20       0      0      0 I   0,0   0,0   0:00.00

  22378 vboxuser  20   0 4596512   4,4g   1132 R 100,0  46,0   2:53.37
  20179 vboxuser  20   0 4881820 276480  30584 S  18,2   2,8   1:10.53
  24465 vboxuser  20   0   12128   5268   3220 R   9,1   0,1   0:00.01
      1 root      20   0   23360   8076   3212 S   0,0   0,1   0:05.61
      2 root      20   0       0      0      0 S   0,0   0,0   0:00.07

  22378 vboxuser  20   0 4639016   4,4g   1132 R 100,0  46,5   2:54.65
  20179 vboxuser  20   0 4881820 276480  30584 S  15,4   2,8   1:10.68
  22360 vboxuser  20   0  548980  17040   7180 S   7,7   0,2   0:04.51
  24473 vboxuser  20   0   12128   5264   3216 R   7,7   0,1   0:00.01
      1 root      20   0   23360   8076   3212 S   0,0   0,1   0:05.61

  22378 vboxuser  20   0 4679540   4,5g   1132 R 100,0  46,9   2:55.92
      1 root      20   0   23360   8076   3212 S   0,0   0,1   0:05.61
      2 root      20   0       0      0      0 S   0,0   0,0   0:00.07
      3 root      20   0       0      0      0 S   0,0   0,0   0:00.00
      4 root       0 -20       0      0      0 I   0,0   0,0   0:00.00

  22378 vboxuser  20   0 4720724   4,5g   1132 R 100,0  47,3   2:57.26
  20179 vboxuser  20   0 4881820 276480  30584 S   9,1   2,8   1:10.82
  22360 vboxuser  20   0  548980  17040   7180 S   9,1   0,2   0:04.55
  24489 vboxuser  20   0   12128   5272   3224 R   9,1   0,1   0:00.01
      1 root      20   0   23360   8076   3212 S   0,0   0,1   0:05.61

  22378 vboxuser  20   0 4761908   4,5g   1132 R  90,9  47,7   2:58.56
  20179 vboxuser  20   0 4881820 276480  30584 S   9,1   2,8   1:10.94
  22360 vboxuser  20   0  548980  17040   7180 S   9,1   0,2   0:04.58
      1 root      20   0   23360   8076   3212 S   0,0   0,1   0:05.61
      2 root      20   0       0      0      0 S   0,0   0,0   0:00.07

  22378 vboxuser  20   0 4801640   4,6g   1132 R 100,0  48,1   2:59.82
  20179 vboxuser  20   0 4881820 276648  30752 S   9,1   2,8   1:11.05
  24505 vboxuser  20   0   12128   5272   3224 R   9,1   0,1   0:00.01
      1 root      20   0   23360   8076   3212 S   0,0   0,1   0:05.61
      2 root      20   0       0      0      0 S   0,0   0,0   0:00.07

  22378 vboxuser  20   0 4847048   4,6g   1132 R  90,9  48,6   3:01.12
      1 root      20   0   23360   8208   3344 S   0,0   0,1   0:05.61
      2 root      20   0       0      0      0 S   0,0   0,0   0:00.07
      3 root      20   0       0      0      0 S   0,0   0,0   0:00.00
      4 root       0 -20       0      0      0 I   0,0   0,0   0:00.00

  22378 vboxuser  20   0 4892984   4,7g   1132 R 100,0  49,0   3:02.44
  20179 vboxuser  20   0 4881820 276648  30752 S   7,7   2,8   1:11.18
  24521 vboxuser  20   0   12128   5272   3224 R   7,7   0,1   0:00.01
      1 root      20   0   23360   8208   3344 S   0,0   0,1   0:05.61
      2 root      20   0       0      0      0 S   0,0   0,0   0:00.07

  22378 vboxuser  20   0 4934696   4,7g   1132 R 100,0  49,4   3:03.70
  20179 vboxuser  20   0 4881820 276648  30752 S   8,3   2,8   1:11.31
      1 root      20   0   23360   8208   3344 S   0,0   0,1   0:05.61
      2 root      20   0       0      0      0 S   0,0   0,0   0:00.07
      3 root      20   0       0      0      0 S   0,0   0,0   0:00.00

  22378 vboxuser  20   0 4977068   4,7g   1132 R 100,0  49,9   3:04.97
      1 root      20   0   23360   8208   3344 S   0,0   0,1   0:05.61
      2 root      20   0       0      0      0 S   0,0   0,0   0:00.07
      3 root      20   0       0      0      0 S   0,0   0,0   0:00.00
      4 root       0 -20       0      0      0 I   0,0   0,0   0:00.00

  22378 vboxuser  20   0 5019968   4,8g   1132 R 100,0  50,3   3:06.24
  20179 vboxuser  20   0 4881820 276648  30752 S   8,3   2,8   1:11.54
  22360 vboxuser  20   0  548980  17040   7180 S   8,3   0,2   0:04.73
  24545 vboxuser  20   0   12128   5272   3224 R   8,3   0,1   0:00.01
      1 root      20   0   23360   8208   3344 S   0,0   0,1   0:05.61

  22378 vboxuser  20   0 5064320   4,8g   1132 R  90,9  50,7   3:07.50
  20179 vboxuser  20   0 4881820 276648  30752 S   9,1   2,8   1:11.61
      1 root      20   0   23360   8208   3344 S   0,0   0,1   0:05.61
      2 root      20   0       0      0      0 S   0,0   0,0   0:00.07
      3 root      20   0       0      0      0 S   0,0   0,0   0:00.00

  22378 vboxuser  20   0 5106164   4,9g   1132 R 100,0  51,2   3:08.76
  20179 vboxuser  20   0 4881820 276648  30752 S   9,1   2,8   1:11.74
  20709 vboxuser  20   0 2720596 133284  12360 S   9,1   1,3   0:11.68
      1 root      20   0   23360   8208   3344 S   0,0   0,1   0:05.61
      2 root      20   0       0      0      0 S   0,0   0,0   0:00.07

  22378 vboxuser  20   0 5150648   4,9g   1132 R 100,0  51,6   3:10.06
  20179 vboxuser  20   0 4881820 276648  30752 S   9,1   2,8   1:11.84
      1 root      20   0   23360   8208   3344 S   0,0   0,1   0:05.61
      2 root      20   0       0      0      0 S   0,0   0,0   0:00.07
      3 root      20   0       0      0      0 S   0,0   0,0   0:00.00

  22378 vboxuser  20   0 5194076   4,9g   1132 R  90,9  52,0   3:11.31
  20179 vboxuser  20   0 4881820 276648  30752 S   9,1   2,8   1:11.94
      1 root      20   0   23360   8208   3344 S   0,0   0,1   0:05.61
      2 root      20   0       0      0      0 S   0,0   0,0   0:00.07
      3 root      20   0       0      0      0 S   0,0   0,0   0:00.00

  22378 vboxuser  20   0 5235392   5,0g   1132 R 100,0  52,5   3:12.59
      1 root      20   0   23360   8208   3344 S   0,0   0,1   0:05.61
      2 root      20   0       0      0      0 S   0,0   0,0   0:00.07
      3 root      20   0       0      0      0 S   0,0   0,0   0:00.00
      4 root       0 -20       0      0      0 I   0,0   0,0   0:00.00

  22378 vboxuser  20   0 5258096   5,0g   1132 R 100,0  52,7   3:13.86
  20179 vboxuser  20   0 4881820 280724  34828 S   9,1   2,8   1:12.35
  22360 vboxuser  20   0  548980  17220   7360 S   9,1   0,2   0:04.89
  24595 vboxuser  20   0   12128   5272   3224 R   9,1   0,1   0:00.01
      1 root      20   0   23360   8208   3344 S   0,0   0,1   0:05.61

  22378 vboxuser  20   0 5293472   5,0g   1132 R 100,0  53,0   3:15.14
  20179 vboxuser  20   0 4885980 280724  34828 S   9,1   2,8   1:12.56
  22360 vboxuser  20   0  548980  18508   8648 S   9,1   0,2   0:04.92
      1 root      20   0   23360   8208   3344 S   0,0   0,1   0:05.61
      2 root      20   0       0      0      0 S   0,0   0,0   0:00.07

  22378 vboxuser  20   0 5337164   5,1g   1132 R 100,0  53,5   3:16.43
      1 root      20   0   23360   8208   3344 S   0,0   0,1   0:05.61
      2 root      20   0       0      0      0 S   0,0   0,0   0:00.07
      3 root      20   0       0      0      0 S   0,0   0,0   0:00.00
      4 root       0 -20       0      0      0 I   0,0   0,0   0:00.00

  22378 vboxuser  20   0 5379008   5,1g   1132 R 100,0  53,9   3:17.69
  20179 vboxuser  20   0 4885996 280724  34828 S   9,1   2,8   1:12.79
      1 root      20   0   23360   8208   3344 S   0,0   0,1   0:05.61
      2 root      20   0       0      0      0 S   0,0   0,0   0:00.07
      3 root      20   0       0      0      0 S   0,0   0,0   0:00.00

  22378 vboxuser  20   0 5420588   5,2g   1132 R  90,9  54,3   3:18.95
  20179 vboxuser  20   0 4881820 280724  34828 S   9,1   2,8   1:12.92
  22360 vboxuser  20   0  548980  18508   8648 S   9,1   0,2   0:04.94
      1 root      20   0   23360   8208   3344 S   0,0   0,1   0:05.61
      2 root      20   0       0      0      0 S   0,0   0,0   0:00.07

  22378 vboxuser  20   0 5461772   5,2g   1132 R  90,9  54,7   3:20.21
  20179 vboxuser  20   0 4885980 280724  34828 S  18,2   2,8   1:13.06
  22360 vboxuser  20   0  548980  18508   8648 S   9,1   0,2   0:04.96
      1 root      20   0   23360   8208   3344 S   0,0   0,1   0:05.61
      2 root      20   0       0      0      0 S   0,0   0,0   0:00.07

  22378 vboxuser  20   0 5494904   5,2g   1132 R  91,7  55,1   3:21.49
  24649 root      20   0     572    160    160 R  25,0   0,0   0:00.84
  20179 vboxuser  20   0 4885980 280724  34828 S   8,3   2,8   1:13.15
      1 root      20   0   23360   9940   5076 S   0,0   0,1   0:05.65
      2 root      20   0       0      0      0 S   0,0   0,0   0:00.07

  13716 root      20   0 1995852  13560    952 S 100,0   0,1   0:03.65
  22378 vboxuser  20   0 5527112   5,3g   1132 R  90,9  55,4   3:22.77
  15406 root      20   0       0      0      0 I   9,1   0,0   0:03.22
  20179 vboxuser  20   0 4885980 280724  34828 S   9,1   2,8   1:13.26
      1 root      20   0   23360   9940   5076 S   0,0   0,1   0:05.65

  22378 vboxuser  20   0 5560640   5,3g   1132 R 100,0  55,7   3:24.06
  20179 vboxuser  20   0 4885980 281300  35276 S   9,1   2,8   1:13.42
  20709 vboxuser  20   0 2720596 133608  12684 S   9,1   1,3   0:11.77
  22360 vboxuser  20   0  548980  19572   9712 S   9,1   0,2   0:05.04
      1 root      20   0   23360   9940   5076 S   0,0   0,1   0:05.65

  22378 vboxuser  20   0 5593508   5,3g   1132 R  90,9  56,1   3:25.31
  20179 vboxuser  20   0 4885980 284688  38664 S   9,1   2,9   1:14.07
      1 root      20   0   23360   9940   5076 S   0,0   0,1   0:05.65
      2 root      20   0       0      0      0 S   0,0   0,0   0:00.07
      3 root      20   0       0      0      0 S   0,0   0,0   0:00.00

  22378 vboxuser  20   0 5631788   5,4g   1132 R 100,0  56,4   3:26.57
  20709 vboxuser  20   0 2719888 139744  19396 S   9,1   1,4   0:11.90
      1 root      20   0   23360   9940   5076 S   0,0   0,1   0:05.65
      2 root      20   0       0      0      0 S   0,0   0,0   0:00.07
      3 root      20   0       0      0      0 S   0,0   0,0   0:00.00

  22378 vboxuser  20   0 5670068   5,4g   1132 R  90,9  56,8   3:27.83
  24775 vboxuser  20   0  177652  23984  20656 R  63,6   0,2   0:00.11
      1 root      20   0   23360   9940   5076 S   0,0   0,1   0:05.65
      2 root      20   0       0      0      0 S   0,0   0,0   0:00.07
      3 root      20   0       0      0      0 S   0,0   0,0   0:00.00

  22378 vboxuser  20   0 5702936   5,4g   1132 R  91,7  57,2   3:29.17
  20179 vboxuser  20   0 4885984 285272  38992 R  83,3   2,9   1:14.75
  24775 vboxuser  20   0 2517544 193848  95492 S  58,3   1,9   0:00.98
  17232 root      20   0       0      0      0 I   8,3   0,0   0:00.06
  19872 vboxuser  20   0    8448   4000   2208 S   8,3   0,0   0:01.14

  24775 vboxuser  20   0 2542792 240632 111300 R 145,5   2,4   0:02.25
  22378 vboxuser  20   0 5728280   5,5g   1132 R  90,9  57,4   3:30.47
  20179 vboxuser  20   0 4888972 288696  42416 S  36,4   2,9   1:15.42
  24830 vboxuser  20   0   12128   5276   3228 R   9,1   0,1   0:00.01
      1 root      20   0   23360   9940   5076 S   0,0   0,1   0:05.65

  22378 vboxuser  20   0 5758508   5,5g   1132 R  90,9  57,7   3:31.79
  20179 vboxuser  20   0 4893144 288696  42416 S  36,4   2,9   1:15.81
  24775 vboxuser  20   0 2528212 242816 111300 S  27,3   2,4   0:03.22
  24838 vboxuser  20   0   12128   5284   3236 R   9,1   0,1   0:00.01
      1 root      20   0   23360   9940   5076 S   0,0   0,1   0:05.65

  20709 vboxuser  20   0 2728084 144404  24056 S 100,0   1,4   0:13.09
  22378 vboxuser  20   0 5787152   5,5g   1132 R 100,0  58,0   3:33.06
  20179 vboxuser  20   0 4893144 288696  42416 R  63,6   2,9   1:16.41
  24775 vboxuser  20   0 2528796 243328 111300 S  18,2   2,4   0:03.84
  21474 vboxuser  20   0  389420   3684   2660 S   9,1   0,0   0:00.07

  24775 vboxuser  20   0 2529288 243448 111300 S 133,3   2,4   0:04.98
  22378 vboxuser  20   0 5811044   5,5g   1132 R  91,7  58,2   3:34.37
  20179 vboxuser  20   0 4888984 288696  42416 R  58,3   2,9   1:17.10
  18935 root      20   0       0      0      0 I   8,3   0,0   0:00.42
  24876 vboxuser  20   0   12128   5284   3236 R   8,3   0,1   0:00.02

  22378 vboxuser  20   0 5846816   5,6g   1132 R  83,3  58,6   3:35.72
  20179 vboxuser  20   0 4893144 288696  42416 R  33,3   2,9   1:17.48
  24775 vboxuser  20   0 2528776 243160 111300 S  25,0   2,4   0:05.45
      1 root      20   0   23360   9940   5076 S   0,0   0,1   0:05.65
      2 root      20   0       0      0      0 S   0,0   0,0   0:00.07

  22378 vboxuser  20   0 5884436   5,6g   1132 R 100,0  59,0   3:37.00
  24775 vboxuser  20   0 2528776 243160 111300 S  40,0   2,4   0:05.61
  20179 vboxuser  20   0 4888984 288696  42416 R  30,0   2,9   1:17.67
  18935 root      20   0       0      0      0 I  10,0   0,0   0:00.50
  24892 vboxuser  20   0   12128   5284   3236 R  10,0   0,1   0:00.01

  22378 vboxuser  20   0 5919416   5,6g   1132 R  90,9  59,3   3:38.27
  20179 vboxuser  20   0 4888984 288696  42416 S  27,3   2,9   1:17.95
  15376 root      20   0       0      0      0 I   9,1   0,0   0:01.56
  24775 vboxuser  20   0 2528776 243160 111300 S   9,1   2,4   0:05.85
      1 root      20   0   23360   9940   5076 S   0,0   0,1   0:05.65

  22378 vboxuser  20   0 5956508   5,7g   1132 R  90,9  59,7   3:39.53
  24775 vboxuser  20   0 2528796 243416 111300 S  90,9   2,4   0:06.14
  20179 vboxuser  20   0 4888984 288696  42416 S  18,2   2,9   1:18.13
  20278 vboxuser  20   0  389300   8504   3488 S  18,2   0,1   0:00.48
      1 root      20   0   23360   9940   5076 S   0,0   0,1   0:05.65

  22378 vboxuser  20   0 5986604   5,7g   1132 R 100,0  60,0   3:40.83
  24775 vboxuser  20   0 2536628 249424 111300 S  63,6   2,5   0:07.00
  20179 vboxuser  20   0 4888984 288696  42416 R  45,5   2,9   1:18.53
      1 root      20   0   23360   9940   5076 S   0,0   0,1   0:05.65
      2 root      20   0       0      0      0 S   0,0   0,0   0:00.07

  22378 vboxuser  20   0 6017624   5,7g   1132 R  90,9  60,3   3:42.11
  20179 vboxuser  20   0 4893144 288696  42416 S  63,6   2,9   1:18.91
  24775 vboxuser  20   0 2536628 249552 111300 S  54,5   2,5   0:07.47
  20676 vboxuser  20   0  237404   3744   3104 S  18,2   0,0   0:00.09
  20278 vboxuser  20   0  389300   8504   3488 S   9,1   0,1   0:00.51

  24775 vboxuser  20   0 2536640 249552 111300 R 181,8   2,5   0:08.64
  22378 vboxuser  20   0 6042308   5,8g   1132 R 100,0  60,6   3:43.43
  20179 vboxuser  20   0 4888984 288696  42416 S  36,4   2,9   1:19.46
  24936 vboxuser  20   0   12128   5184   3136 R   9,1   0,1   0:00.01
      1 root      20   0   23360   9940   5076 S   0,0   0,1   0:05.65

  22378 vboxuser  20   0 6071876   5,8g   1132 R 100,0  60,9   3:44.75
  20179 vboxuser  20   0 4893144 288696  42416 R  10,0   2,9   1:19.92
  24775 vboxuser  20   0 2536640 249680 111300 S  10,0   2,5   0:09.04
      1 root      20   0   23360   9940   5076 S   0,0   0,1   0:05.65
      2 root      20   0       0      0      0 S   0,0   0,0   0:00.07

  22378 vboxuser  20   0 6104480   5,8g   1132 R 100,0  61,2   3:46.04
  20179 vboxuser  20   0 4888984 288696  42416 R  50,0   2,9   1:20.29
  24775 vboxuser  20   0 2536640 249680 111300 S  20,0   2,5   0:09.32
  18935 root      20   0       0      0      0 I  10,0   0,0   0:00.88
  24953 vboxuser  20   0   12128   5276   3228 R  10,0   0,1   0:00.01

  22378 vboxuser  20   0 6140516   5,8g   1132 R 100,0  61,5   3:47.33
  20179 vboxuser  20   0 4888984 288696  42416 S  27,3   2,9   1:20.50
  24775 vboxuser  20   0 2536640 249680 111300 S  18,2   2,5   0:09.48
  18935 root      20   0       0      0      0 I   9,1   0,0   0:00.93
  24961 vboxuser  20   0   12128   5284   3236 R   9,1   0,1   0:00.01

  22378 vboxuser  20   0 6174836   5,9g   1132 R 100,0  61,9   3:48.60
  20179 vboxuser  20   0 4893144 288696  42416 S  40,0   2,9   1:20.78
  24775 vboxuser  20   0 2536640 249680 111300 S  40,0   2,5   0:09.71
  18935 root      20   0       0      0      0 I  10,0   0,0   0:00.98
      1 root      20   0   23360   9940   5076 S   0,0   0,1   0:05.65

  22378 vboxuser  20   0 6209288   5,9g   1132 R 100,0  62,2   3:49.89
  20179 vboxuser  20   0 4888984 288696  42416 S  18,2   2,9   1:21.08
  24775 vboxuser  20   0 2537672 250704 111300 S  18,2   2,5   0:09.87
  24939 root       0 -20       0      0      0 I  18,2   0,0   0:00.02
  18935 root      20   0       0      0      0 I   9,1   0,0   0:01.03

  22378 vboxuser  20   0 6238592   5,9g   1132 R 100,0  62,5   3:51.16
  20179 vboxuser  20   0 4893144 288696  42416 S  18,2   2,9   1:21.44
  24775 vboxuser  20   0 2537672 250704 111300 S  18,2   2,5   0:10.32
  18935 root      20   0       0      0      0 I   9,1   0,0   0:01.11
      1 root      20   0   23360   9940   5076 S   0,0   0,1   0:05.65

  22378 vboxuser  20   0 6272516   6,0g   1132 R  91,7  62,9   3:52.44
      1 root      20   0   23360   9940   5076 S   0,0   0,1   0:05.65
      2 root      20   0       0      0      0 S   0,0   0,0   0:00.07
      3 root      20   0       0      0      0 S   0,0   0,0   0:00.00
      4 root       0 -20       0      0      0 I   0,0   0,0   0:00.00

  22378 vboxuser  20   0 6308552   6,0g   1132 R  90,9  63,2   3:53.69
  25001 vboxuser  20   0   12128   5280   3232 R   9,1   0,1   0:00.01
      1 root      20   0   23360   9940   5076 S   0,0   0,1   0:05.65
      2 root      20   0       0      0      0 S   0,0   0,0   0:00.07
      3 root      20   0       0      0      0 S   0,0   0,0   0:00.00

  22378 vboxuser  20   0 6344984   6,0g   1132 R  90,9  63,6   3:54.95
  18935 root      20   0       0      0      0 I   9,1   0,0   0:01.25
  24775 vboxuser  20   0 2537672 250704 111300 R   9,1   2,5   0:10.77
      1 root      20   0   23360   9940   5076 S   0,0   0,1   0:05.65
      2 root      20   0       0      0      0 S   0,0   0,0   0:00.07

  22378 vboxuser  20   0 6386036   6,1g   1132 R  91,7  64,0   3:56.24
      1 root      20   0   23360   9940   5076 S   0,0   0,1   0:05.65
      2 root      20   0       0      0      0 S   0,0   0,0   0:00.07
      3 root      20   0       0      0      0 S   0,0   0,0   0:00.00
      4 root       0 -20       0      0      0 I   0,0   0,0   0:00.00

  22378 vboxuser  20   0 6423788   6,1g   1132 R 100,0  64,4   3:57.50
  25025 vboxuser  20   0   12128   5284   3236 R   9,1   0,1   0:00.01
      1 root      20   0   23360   9940   5076 S   0,0   0,1   0:05.65
      2 root      20   0       0      0      0 S   0,0   0,0   0:00.07
      3 root      20   0       0      0      0 S   0,0   0,0   0:00.00

  22378 vboxuser  20   0 6462332   6,2g   1132 R 100,0  64,8   3:58.76
      1 root      20   0   23360   9940   5076 S   0,0   0,1   0:05.65
      2 root      20   0       0      0      0 S   0,0   0,0   0:00.07
      3 root      20   0       0      0      0 S   0,0   0,0   0:00.00
      4 root       0 -20       0      0      0 I   0,0   0,0   0:00.00

  22378 vboxuser  20   0 6494936   6,2g   1132 R 100,0  65,1   4:00.03
  25041 vboxuser  20   0   12128   5276   3228 R  10,0   0,1   0:00.01
      1 root      20   0   23360   9940   5076 S   0,0   0,1   0:05.65
      2 root      20   0       0      0      0 S   0,0   0,0   0:00.07
      3 root      20   0       0      0      0 S   0,0   0,0   0:00.00

  22378 vboxuser  20   0 6534932   6,2g   1132 R 100,0  65,5   4:01.30
  20179 vboxuser  20   0 4888984 288696  42416 S  30,0   2,9   1:22.38
  24775 vboxuser  20   0 2529476 250704 111300 S  30,0   2,5   0:11.18
  18935 root      20   0       0      0      0 I  10,0   0,0   0:01.34
      1 root      20   0   23360   9940   5076 S   0,0   0,1   0:05.65

  22378 vboxuser  20   0 6576248   6,3g   1132 R 100,0  65,9   4:02.58
      1 root      20   0   23360   9940   5076 S   0,0   0,1   0:05.65
      2 root      20   0       0      0      0 S   0,0   0,0   0:00.07
      3 root      20   0       0      0      0 S   0,0   0,0   0:00.00
      4 root       0 -20       0      0      0 I   0,0   0,0   0:00.00

  22378 vboxuser  20   0 6617564   6,3g   1132 R 100,0  66,3   4:03.83
  20179 vboxuser  20   0 4893144 288696  42416 S  40,0   2,9   1:22.54
  24775 vboxuser  20   0 2529476 250704 111300 S  30,0   2,5   0:11.35
      1 root      20   0   23360   9940   5076 S   0,0   0,1   0:05.65
      2 root      20   0       0      0      0 S   0,0   0,0   0:00.07

  22378 vboxuser  20   0 6646736   6,3g   1132 R 100,0  66,6   4:05.12
  20179 vboxuser  20   0 4888984 288696  42416 S  18,2   2,9   1:22.98
  25073 vboxuser  20   0   12128   5284   3236 R   9,1   0,1   0:00.01
      1 root      20   0   23360   9940   5076 S   0,0   0,1   0:05.65
      2 root      20   0       0      0      0 S   0,0   0,0   0:00.07

  22378 vboxuser  20   0 6683168   6,4g   1132 R 100,0  67,0   4:06.37
  20179 vboxuser  20   0 4888984 288696  42416 S  20,0   2,9   1:23.20
  24775 vboxuser  20   0 2529476 250704 111300 S  20,0   2,5   0:11.94
  18935 root      20   0       0      0      0 I  10,0   0,0   0:01.49
      1 root      20   0   23360   9940   5076 S   0,0   0,1   0:05.65

  22378 vboxuser  20   0 6727916   6,4g   1132 R 100,0  67,4   4:07.63
  20179 vboxuser  20   0 4893144 288696  42416 S  10,0   2,9   1:23.23
      1 root      20   0   23360   9940   5076 S   0,0   0,1   0:05.65
      2 root      20   0       0      0      0 S   0,0   0,0   0:00.07
      3 root      20   0       0      0      0 S   0,0   0,0   0:00.00

  22378 vboxuser  20   0 6774380   6,5g   1132 R 100,0  67,9   4:08.89
      1 root      20   0   23360   9940   5076 S   0,0   0,1   0:05.65
      2 root      20   0       0      0      0 S   0,0   0,0   0:00.07
      3 root      20   0       0      0      0 S   0,0   0,0   0:00.00
      4 root       0 -20       0      0      0 I   0,0   0,0   0:00.00

  22378 vboxuser  20   0 6822428   6,5g   1132 R  91,7  68,4   4:10.19
      1 root      20   0   23360   9940   5076 S   0,0   0,1   0:05.65
      2 root      20   0       0      0      0 S   0,0   0,0   0:00.07
      3 root      20   0       0      0      0 S   0,0   0,0   0:00.00
      4 root       0 -20       0      0      0 I   0,0   0,0   0:00.00

  22378 vboxuser  20   0 6869288   6,5g   1132 R 100,0  68,9   4:11.44
  25114 vboxuser  20   0   12128   5284   3236 R  10,0   0,1   0:00.01
      1 root      20   0   23360   9940   5076 S   0,0   0,1   0:05.65
      2 root      20   0       0      0      0 S   0,0   0,0   0:00.07
      3 root      20   0       0      0      0 S   0,0   0,0   0:00.00

  22378 vboxuser  20   0 6913376   6,6g   1132 R 100,0  69,3   4:12.72
      1 root      20   0   23360   9940   5076 S   0,0   0,1   0:05.65
      2 root      20   0       0      0      0 S   0,0   0,0   0:00.07
      3 root      20   0       0      0      0 S   0,0   0,0   0:00.00
      4 root       0 -20       0      0      0 I   0,0   0,0   0:00.00

  22378 vboxuser  20   0 6952580   6,6g   1132 R 100,0  69,7   4:13.98
  20179 vboxuser  20   0 4893144 288696  42416 S  36,4   2,9   1:23.41
  24775 vboxuser  20   0 2529476 250704 111300 S  27,3   2,5   0:12.12
  18935 root      20   0       0      0      0 R   9,1   0,0   0:01.52
  25131 vboxuser  20   0   12128   5276   3228 R   9,1   0,1   0:00.01

  22378 vboxuser  20   0 6997328   6,7g   1132 R  90,9  70,1   4:15.24
      1 root      20   0   23360   9940   5076 S   0,0   0,1   0:05.65
      2 root      20   0       0      0      0 S   0,0   0,0   0:00.07
      3 root      20   0       0      0      0 S   0,0   0,0   0:00.00
      4 root       0 -20       0      0      0 I   0,0   0,0   0:00.00

  22378 vboxuser  20   0 7043660   6,7g   1132 R 100,0  70,6   4:16.50
      1 root      20   0   23360   9940   5076 S   0,0   0,1   0:05.65
      2 root      20   0       0      0      0 S   0,0   0,0   0:00.07
      3 root      20   0       0      0      0 S   0,0   0,0   0:00.00
      4 root       0 -20       0      0      0 I   0,0   0,0   0:00.00

  22378 vboxuser  20   0 7089992   6,8g   1132 R 100,0  71,1   4:17.77
  24775 vboxuser  20   0 2529476 250704 111300 S  10,0   2,5   0:12.13
  25155 vboxuser  20   0   12128   5284   3236 R  10,0   0,1   0:00.01
      1 root      20   0   23360   9940   5076 S   0,0   0,1   0:05.65
      2 root      20   0       0      0      0 S   0,0   0,0   0:00.07

  22378 vboxuser  20   0 7131968   6,8g   1132 R 100,0  71,5   4:19.02
  24775 vboxuser  20   0 2529476 250704 111300 S  10,0   2,5   0:12.19
      1 root      20   0   23360   9940   5076 S   0,0   0,1   0:05.65
      2 root      20   0       0      0      0 S   0,0   0,0   0:00.07
      3 root      20   0       0      0      0 S   0,0   0,0   0:00.00

  22378 vboxuser  20   0 7173548   6,8g   1132 R  90,9  71,9   4:20.28
      1 root      20   0   23360   9940   5076 S   0,0   0,1   0:05.65
      2 root      20   0       0      0      0 S   0,0   0,0   0:00.07
      3 root      20   0       0      0      0 S   0,0   0,0   0:00.00
      4 root       0 -20       0      0      0 I   0,0   0,0   0:00.00

  22378 vboxuser  20   0 7214732   6,9g   1132 R 100,0  72,3   4:21.54
  20179 vboxuser  20   0 4890140 286036  39628 S  20,0   2,9   1:23.81
  20709 vboxuser  20   0 2718888 143396  24056 S  20,0   1,4   0:13.85
  15406 root      20   0       0      0      0 I  10,0   0,0   0:03.25
      1 root      20   0   23360   9940   5076 S   0,0   0,1   0:05.65

  20709 vboxuser  20   0 2719260 143652  24056 S 118,2   1,4   0:14.28
  22378 vboxuser  20   0 7245488   6,9g   1132 R 100,0  72,6   4:22.80
  20179 vboxuser  20   0 4888972 288864  42456 S  36,4   2,9   1:24.25
  25227 vboxuser  20   0   12128   5284   3236 R   9,1   0,1   0:00.01
      1 root      20   0   23360   9940   5076 S   0,0   0,1   0:05.65

  22378 vboxuser  20   0 7275848   6,9g   1132 R 100,0  72,9   4:24.11
  20709 vboxuser  20   0 2719732 144164  24056 S  10,0   1,4   0:14.60
      1 root      20   0   23360   9940   5076 S   0,0   0,1   0:05.65
      2 root      20   0       0      0      0 S   0,0   0,0   0:00.07
      3 root      20   0       0      0      0 S   0,0   0,0   0:00.00

  22378 vboxuser  20   0 7318484   7,0g   1132 R 100,0  73,4   4:25.37
  20709 vboxuser  20   0 2719732 144164  24056 S  45,5   1,4   0:14.71
  20179 vboxuser  20   0 4890140 285864  39484 S  18,2   2,9   1:24.90
      1 root      20   0   23360   9940   5076 S   0,0   0,1   0:05.65
      2 root      20   0       0      0      0 S   0,0   0,0   0:00.07

  25247 vboxuser  20   0 2502276 242900 112124 S 108,3   2,4   0:01.36
  22378 vboxuser  20   0 7349372   7,0g   1132 R 100,0  73,7   4:26.66
  20179 vboxuser  20   0 4888972 288824  42444 S   8,3   2,9   1:25.51
  25288 vboxuser  20   0   12128   5284   3236 R   8,3   0,1   0:00.02
      1 root      20   0   23360   9940   5076 S   0,0   0,1   0:05.65

  22378 vboxuser  20   0 7389500   7,0g   1132 R 100,0  74,1   4:27.97
  25247 vboxuser  20   0 2473800 252204 112124 R  70,0   2,5   0:01.57
  20179 vboxuser  20   0 4888972 288824  42444 S  20,0   2,9   1:25.73
  25296 vboxuser  20   0   12128   5284   3236 R  10,0   0,1   0:00.01
      1 root      20   0   23360   9940   5076 S   0,0   0,1   0:05.65

  22378 vboxuser  20   0 7426328   7,1g   1132 R 100,0  74,4   4:29.26
      1 root      20   0   23360   9940   5076 S   0,0   0,1   0:05.65
      2 root      20   0       0      0      0 S   0,0   0,0   0:00.07
      3 root      20   0       0      0      0 S   0,0   0,0   0:00.00
      4 root       0 -20       0      0      0 I   0,0   0,0   0:00.00

  25247 vboxuser  20   0 2476400 257648 112124 S 116,7   2,6   0:03.21
  22378 vboxuser  20   0 7452464   7,1g   1132 R  91,7  74,7   4:30.54
  20179 vboxuser  20   0 4888984 288824  42444 S  16,7   2,9   1:26.46
      1 root      20   0   23360   9940   5076 S   0,0   0,1   0:05.65
      2 root      20   0       0      0      0 S   0,0   0,0   0:00.07

  22378 vboxuser  20   0 7487180   7,1g   1132 R 100,0  75,1   4:31.86
  20179 vboxuser  20   0 4888984 288824  42444 S  10,0   2,9   1:26.82
  20709 vboxuser  20   0 2719868 144164  24056 S  10,0   1,4   0:15.16
      1 root      20   0   23360   9940   5076 S   0,0   0,1   0:05.65
      2 root      20   0       0      0      0 S   0,0   0,0   0:00.07

  25247 vboxuser  20   0 2475960 257388 112124 S 136,4   2,6   0:04.22
  22378 vboxuser  20   0 7518200   7,2g   1132 R  90,9  75,4   4:33.13
  20179 vboxuser  20   0 4888984 288824  42444 S  63,6   2,9   1:27.22
      1 root      20   0   23360   9940   5076 S   0,0   0,1   0:05.65
      2 root      20   0       0      0      0 S   0,0   0,0   0:00.07

  25247 vboxuser  20   0 2476060 257388 112124 S 127,3   2,6   0:05.64
  22378 vboxuser  20   0 7542224   7,2g   1132 R 100,0  75,6   4:34.43
  20709 vboxuser  20   0 2719868 144164  24056 S  81,8   1,4   0:15.31
  20179 vboxuser  20   0 4893144 288952  42444 S  63,6   2,9   1:27.96
  25344 vboxuser  20   0   12128   5284   3236 R   9,1   0,1   0:00.01

  25247 vboxuser  20   0 2476072 257388 112124 R 118,2   2,6   0:06.08
  22378 vboxuser  20   0 7578128   7,2g   1132 R 100,0  76,0   4:35.77
  20709 vboxuser  20   0 2728256 144420  24056 S  72,7   1,4   0:15.60
  20179 vboxuser  20   0 4893144 288952  42444 S  63,6   2,9   1:28.40
  15406 root      20   0       0      0      0 I   9,1   0,0   0:03.57

  22378 vboxuser  20   0 7608752   7,2g   1132 R 100,0  76,3   4:37.07
  20179 vboxuser  20   0 4888984 288952  42444 S  45,5   2,9   1:28.91
  25247 vboxuser  20   0 2476088 257388 112124 S  36,4   2,6   0:06.67
  19063 root      20   0       0      0      0 I   9,1   0,0   0:00.23
  25391 vboxuser  20   0   12128   5280   3232 R   9,1   0,1   0:00.01

  22378 vboxuser  20   0 7637396   7,3g   1132 R 100,0  76,6   4:38.37
  25247 vboxuser  20   0 2476088 257388 112124 R  50,0   2,6   0:07.32
  20179 vboxuser  20   0 4893144 288952  42444 S  30,0   2,9   1:29.42
  19063 root      20   0       0      0      0 R  10,0   0,0   0:00.32
  25400 vboxuser  20   0   12128   5284   3236 R  10,0   0,1   0:00.01

  22378 vboxuser  20   0 7669208   7,3g   1132 R 100,0  76,9   4:39.67
   1172 syslog    20   0  220144   2620   1340 S  10,0   0,0   0:01.71
      1 root      20   0   23360   9940   5076 S   0,0   0,1   0:05.65
      2 root      20   0       0      0      0 S   0,0   0,0   0:00.07
      3 root      20   0       0      0      0 S   0,0   0,0   0:00.00

  22378 vboxuser  20   0 7699172   7,3g   1132 R 100,0  77,2   4:40.96
  20179 vboxuser  20   0 4893144 288952  42444 S  20,0   2,9   1:30.27
  19063 root      20   0       0      0      0 I  10,0   0,0   0:00.43
  25247 vboxuser  20   0 2476088 257388 112124 S  10,0   2,6   0:08.52
  25419 vboxuser  20   0   12128   5284   3236 R  10,0   0,1   0:00.01

  22378 vboxuser  20   0 7729268   7,4g   1132 R 100,0  77,5   4:42.25
  25247 vboxuser  20   0 2476088 257388 112124 S  81,8   2,6   0:09.16
  20179 vboxuser  20   0 4888984 288952  42444 S  36,4   2,9   1:30.68
  25427 vboxuser  20   0   12128   5284   3236 R   9,1   0,1   0:00.01
      1 root      20   0   23360   9940   5076 S   0,0   0,1   0:05.65

  22378 vboxuser  20   0 7754744   7,4g   1132 R 100,0  77,7   4:43.57
  25247 vboxuser  20   0 2476088 257388 112124 S  81,8   2,6   0:10.00
  20179 vboxuser  20   0 4893144 288952  42444 S  54,5   2,9   1:31.28
  25435 vboxuser  20   0   12128   5284   3236 R   9,1   0,1   0:00.01
      1 root      20   0   23360   9940   5076 S   0,0   0,1   0:05.65

  22378 vboxuser  20   0 7783520   7,4g   1132 R  90,9  78,0   4:44.88
  20179 vboxuser  20   0 4893144 288952  42444 S  54,5   2,9   1:31.78
  25247 vboxuser  20   0 2476088 257388 112124 S  18,2   2,6   0:10.56
  19063 root      20   0       0      0      0 I   9,1   0,0   0:00.63
  25443 vboxuser  20   0   12128   5284   3236 R   9,1   0,1   0:00.01

  22378 vboxuser  20   0 7817180   7,4g   1132 R 100,0  78,4   4:46.16
  20179 vboxuser  20   0 4888984 288952  42444 S  36,4   2,9   1:32.17
  25247 vboxuser  20   0 2476088 257388 112124 S   9,1   2,6   0:10.73
      1 root      20   0   23360   9940   5076 S   0,0   0,1   0:05.65
      2 root      20   0       0      0      0 S   0,0   0,0   0:00.07

  22378 vboxuser  20   0 7848332   7,5g   1132 R  91,7  78,7   4:47.43
      1 root      20   0   23360   9940   5076 S   0,0   0,1   0:05.65
      2 root      20   0       0      0      0 S   0,0   0,0   0:00.07
      3 root      20   0       0      0      0 S   0,0   0,0   0:00.00
      4 root       0 -20       0      0      0 I   0,0   0,0   0:00.00

  22378 vboxuser  20   0 7887668   7,5g   1132 R  90,9  79,1   4:48.68
  20179 vboxuser  20   0 4893144 288952  42444 S  27,3   2,9   1:33.02
  25247 vboxuser  20   0 2476088 257388 112124 S  18,2   2,6   0:11.37
  25468 vboxuser  20   0   12128   5284   3236 R   9,1   0,1   0:00.01
      1 root      20   0   23360   9940   5076 S   0,0   0,1   0:05.65

  22378 vboxuser  20   0 7930568   7,6g   1132 R  91,7  79,5   4:49.98
      1 root      20   0   23360   9940   5076 S   0,0   0,1   0:05.65
      2 root      20   0       0      0      0 S   0,0   0,0   0:00.07
      3 root      20   0       0      0      0 S   0,0   0,0   0:00.00
      4 root       0 -20       0      0      0 I   0,0   0,0   0:00.00

  22378 vboxuser  20   0 7977428   7,6g   1132 R 100,0  80,0   4:51.25
      1 root      20   0   23360   9940   5076 S   0,0   0,1   0:05.65
      2 root      20   0       0      0      0 S   0,0   0,0   0:00.07
      3 root      20   0       0      0      0 S   0,0   0,0   0:00.00
      4 root       0 -20       0      0      0 I   0,0   0,0   0:00.00

  22378 vboxuser  20   0 8020196   7,6g   1132 R 100,0  80,4   4:52.50
  25496 vboxuser  20   0   12128   5284   3236 R   9,1   0,1   0:00.01
      1 root      20   0   23360   9940   5076 S   0,0   0,1   0:05.65
      2 root      20   0       0      0      0 S   0,0   0,0   0:00.07
      3 root      20   0       0      0      0 S   0,0   0,0   0:00.00

  22378 vboxuser  20   0 8063888   7,7g   1132 R 100,0  80,8   4:53.77
      1 root      20   0   23360   9940   5076 S   0,0   0,1   0:05.65
      2 root      20   0       0      0      0 S   0,0   0,0   0:00.07
      3 root      20   0       0      0      0 S   0,0   0,0   0:00.00
      4 root       0 -20       0      0      0 I   0,0   0,0   0:00.00

  22378 vboxuser  20   0 8100584   7,7g   1132 R 100,0  81,2   4:55.04
  20179 vboxuser  20   0 4888984 288952  42444 S  27,3   2,9   1:33.39
  25247 vboxuser  20   0 2467892 257388 112124 R  18,2   2,6   0:11.63
  19063 root      20   0       0      0      0 I   9,1   0,0   0:00.81
  25512 vboxuser  20   0   12128   5284   3236 R   9,1   0,1   0:00.01

  22378 vboxuser  20   0 8134244   7,7g   1132 R 100,0  81,6   4:56.34
  22360 vboxuser  20   0  549132  28704  18716 S  20,0   0,3   0:05.33
  20179 vboxuser  20   0 4893144 288952  42444 S  10,0   2,9   1:33.60
      1 root      20   0   23360   9940   5076 S   0,0   0,1   0:05.65
      2 root      20   0       0      0      0 S   0,0   0,0   0:00.07

  22378 vboxuser  20   0 8169092   7,8g   1132 R 100,0  81,9   4:57.63
      1 root      20   0   23360   9940   5076 S   0,0   0,1   0:05.65
      2 root      20   0       0      0      0 S   0,0   0,0   0:00.07
      3 root      20   0       0      0      0 S   0,0   0,0   0:00.00
      4 root       0 -20       0      0      0 I   0,0   0,0   0:00.00

  22378 vboxuser  20   0 8208692   7,8g   1132 R 100,0  82,3   4:58.93
      1 root      20   0   23360   9940   5076 S   0,0   0,1   0:05.65
      2 root      20   0       0      0      0 S   0,0   0,0   0:00.07
      3 root      20   0       0      0      0 S   0,0   0,0   0:00.00
      4 root       0 -20       0      0      0 I   0,0   0,0   0:00.00

  22378 vboxuser  20   0 8240900   7,9g   1132 R 100,0  82,6   5:00.21
      1 root      20   0   23360   9940   5076 S   0,0   0,1   0:05.65
      2 root      20   0       0      0      0 S   0,0   0,0   0:00.07
      3 root      20   0       0      0      0 S   0,0   0,0   0:00.00
      4 root       0 -20       0      0      0 I   0,0   0,0   0:00.00

  22378 vboxuser  20   0 8272976   7,9g   1132 R 100,0  82,9   5:01.49
  15406 root      20   0       0      0      0 I   9,1   0,0   0:03.59
  25552 vboxuser  20   0   12128   5284   3236 R   9,1   0,1   0:00.01
      1 root      20   0   23360   9940   5076 S   0,0   0,1   0:05.65
      2 root      20   0       0      0      0 S   0,0   0,0   0:00.07

  22378 vboxuser  20   0 8302544   7,9g   1132 R 100,0  83,2   5:02.79
      1 root      20   0   23360   9940   5076 S   0,0   0,1   0:05.65
      2 root      20   0       0      0      0 S   0,0   0,0   0:00.07
      3 root      20   0       0      0      0 S   0,0   0,0   0:00.00
      4 root       0 -20       0      0      0 I   0,0   0,0   0:00.00

  22378 vboxuser  20   0 8340164   7,9g   1132 R 100,0  83,6   5:04.10
      1 root      20   0   23360   9940   5076 S   0,0   0,1   0:05.65
      2 root      20   0       0      0      0 S   0,0   0,0   0:00.07
      3 root      20   0       0      0      0 S   0,0   0,0   0:00.00
      4 root       0 -20       0      0      0 I   0,0   0,0   0:00.00

  22378 vboxuser  20   0 8382008   8,0g   1132 R 100,0  84,0   5:05.38
      1 root      20   0   23360   9812   4948 S   0,0   0,1   0:05.65
      2 root      20   0       0      0      0 S   0,0   0,0   0:00.07
      3 root      20   0       0      0      0 S   0,0   0,0   0:00.00
      4 root       0 -20       0      0      0 I   0,0   0,0   0:00.00

  22378 vboxuser  20   0 8413952   8,0g   1132 R 100,0  84,4   5:06.69
  25585 vboxuser  20   0   12128   5284   3236 R  18,2   0,1   0:00.02
      1 root      20   0   23360   9812   4948 S   0,0   0,1   0:05.65
      2 root      20   0       0      0      0 S   0,0   0,0   0:00.07
      3 root      20   0       0      0      0 S   0,0   0,0   0:00.00

  22378 vboxuser  20   0 8450648   8,1g   1132 R 100,0  84,7   5:07.98
  20709 vboxuser  20   0 2721980 143524  21624 S   9,1   1,4   0:16.09
  25593 vboxuser  20   0   12128   5284   3236 R   9,1   0,1   0:00.01
      1 root      20   0   23360   9812   4948 S   0,0   0,1   0:05.65
      2 root      20   0       0      0      0 S   0,0   0,0   0:00.07

  22378 vboxuser  20   0 8490512   8,1g   1132 R 100,0  85,1   5:09.24
  25601 vboxuser  20   0   12128   5284   3236 R   9,1   0,1   0:00.01
      1 root      20   0   23360   9812   4948 S   0,0   0,1   0:05.65
      2 root      20   0       0      0      0 S   0,0   0,0   0:00.07
      3 root      20   0       0      0      0 S   0,0   0,0   0:00.00

  22378 vboxuser  20   0 8530508   8,1g   1132 R  90,9  85,5   5:10.54
     76 root      20   0       0      0      0 S  27,3   0,0   0:51.03
  20709 vboxuser  20   0 2721980 141692  19792 S   9,1   1,4   0:16.13
      1 root      20   0   23360   8788   3924 S   0,0   0,1   0:05.65
      2 root      20   0       0      0      0 S   0,0   0,0   0:00.07

  22378 vboxuser  20   0 8570372   8,2g   1132 R 100,0  85,9   5:11.85
     76 root      20   0       0      0      0 S  18,2   0,0   0:51.07
  25617 vboxuser  20   0   12128   5344   3296 R   9,1   0,1   0:00.02
      1 root      20   0   23360   7124   2260 S   0,0   0,1   0:05.65
      2 root      20   0       0      0      0 S   0,0   0,0   0:00.07

     76 root      20   0       0      0      0 R 100,0   0,0   0:51.29
  22378 vboxuser  20   0 8603108   8,2g    664 R  75,0  86,3   5:13.18
  25625 vboxuser  20   0   12128   3588   1540 R   8,3   0,0   0:00.03
      1 root      20   0   23360   4948     84 S   0,0   0,0   0:05.65
      2 root      20   0       0      0      0 S   0,0   0,0   0:00.07

     76 root      20   0       0      0      0 R  52,3   0,0   0:55.46
  22378 vboxuser  20   0 8628848   8,2g    272 R  47,7  86,5   5:17.27
  20709 vboxuser  20   0 2721980 125340   3440 R  32,3   1,3   0:18.65
  21510 vboxuser  20   0   43124  18124      0 R  29,2   0,2   0:01.15
  25633 vboxuser  20   0   12128   2364    572 R  18,5   0,0   0:00.72

     76 root      20   0       0      0      0 R 100,0   0,0   1:03.38
  20709 vboxuser  20   0 2721980 125096   3196 R  67,5   1,3   0:23.39
  25641 vboxuser  20   0   12128   2808    888 R  43,6   0,0   0:02.04
  22378 vboxuser  20   0 8679932   8,3g   1000 R  42,7  87,0   5:24.45
     44 root      20   0       0      0      0 S  20,5   0,0   0:09.39

  20179 vboxuser  20   0 4884824 268172  21812 S  18,2   2,7   1:37.55
      1 root      20   0   23360   8184   3320 S   0,0   0,1   0:05.79
      2 root      20   0       0      0      0 S   0,0   0,0   0:00.07
      3 root      20   0       0      0      0 S   0,0   0,0   0:00.00
      4 root       0 -20       0      0      0 I   0,0   0,0   0:00.00

