  22379 vboxuser  20   0  196952 190552   3416 R 100,0   1,9   0:05.24
  22378 vboxuser  20   0  194312 187772   3196 R 100,0   1,9   0:05.23
  22388 vboxuser  20   0       0      0      0 R  10,0   0,0   0:00.01
      1 root      20   0   23360  10772   5908 S   0,0   0,1   0:05.48
      2 root      20   0       0      0      0 S   0,0   0,0   0:00.07

  22378 vboxuser  20   0  229820 223100   3196 R 100,0   2,2   0:06.53
  22379 vboxuser  20   0  231668 225240   3416 R 100,0   2,3   0:06.54
  20179 vboxuser  20   0 4884812 392232 146328 S  58,3   3,9   0:49.34
  22406 vboxuser  20   0 2496524 237996 112924 S  16,7   2,4   0:00.86
  13712 root      20   0       0      0      0 I   8,3   0,0   0:01.24

  22378 vboxuser  20   0  255692 248956   3196 R 100,0   2,5   0:07.87
  22379 vboxuser  20   0  257012 250584   3416 R 100,0   2,5   0:07.89
  22406 vboxuser  20   0 2460796 241156 112924 S 100,0   2,4   0:01.47
  20179 vboxuser  20   0 4888972 392232 146328 R  36,4   3,9   0:49.84
     17 root      20   0       0      0      0 I   9,1   0,0   0:14.21

  22378 vboxuser  20   0  286580 279932   3196 R 100,0   2,8   0:09.17
  22379 vboxuser  20   0  287504 281048   3416 R  90,9   2,8   0:09.18
  20709 vboxuser  20   0 2720596 238908 117984 S  45,5   2,4   0:06.91
  20179 vboxuser  20   0 4885980 389580 143420 R  27,3   3,9   0:50.18
  13712 root      20   0       0      0      0 I   9,1   0,0   0:01.33

  22378 vboxuser  20   0  320240 313596   3196 R 100,0   3,1   0:10.48
  22379 vboxuser  20   0  321164 314712   3416 R 100,0   3,2   0:10.50
  22502 vboxuser  20   0   12128   5268   3220 R   9,1   0,1   0:00.01
      1 root      20   0   23360  10772   5908 S   0,0   0,1   0:05.48
      2 root      20   0       0      0      0 S   0,0   0,0   0:00.07

  22378 vboxuser  20   0  353636 347004   3196 R 100,0   3,5   0:11.77
  22379 vboxuser  20   0  355484 349016   3416 R  90,9   3,5   0:11.79
  20179 vboxuser  20   0 4885980 389580 143420 S  63,6   3,9   0:50.61
  22360 vboxuser  20   0  548980  51292  41432 S  18,2   0,5   0:00.66
  13712 root      20   0       0      0      0 I   9,1   0,0   0:01.38

  22378 vboxuser  20   0  389408 382716   3196 R 100,0   3,8   0:13.07
  22379 vboxuser  20   0  391256 384856   3416 R 100,0   3,9   0:13.09
  22533 vboxuser  20   0   12128   5268   3220 R   9,1   0,1   0:00.01
  22534 vboxuser  20   0   12128   5584   3536 R   9,1   0,1   0:00.01
      1 root      20   0   23360  10772   5908 S   0,0   0,1   0:05.48

  22378 vboxuser  20   0  424916 418300   3196 R 100,0   4,2   0:14.36
  22379 vboxuser  20   0  426236 419800   3416 R 100,0   4,2   0:14.38
  22549 vboxuser  20   0   12128   5268   3220 R   8,3   0,1   0:00.01
      1 root      20   0   23360  10772   5908 S   0,0   0,1   0:05.48
      2 root      20   0       0      0      0 S   0,0   0,0   0:00.07

  22378 vboxuser  20   0  461216 454652   3196 R  90,9   4,6   0:15.64
  22379 vboxuser  20   0  463064 456664   3416 R  90,9   4,6   0:15.66
  22360 vboxuser  20   0  548980  51292  41432 S   9,1   0,5   0:00.68
  22565 vboxuser  20   0   12128   5268   3220 R   9,1   0,1   0:00.01
      1 root      20   0   23360  10772   5908 S   0,0   0,1   0:05.48

  22378 vboxuser  20   0  493556 486908   3196 R 100,0   4,9   0:16.92
  22379 vboxuser  20   0  495932 489432   3416 R 100,0   4,9   0:16.95
  20179 vboxuser  20   0 4885980 389580 143420 S  20,0   3,9   0:50.83
  22360 vboxuser  20   0  548980  51292  41432 S  10,0   0,5   0:00.71
      1 root      20   0   23360  10772   5908 S   0,0   0,1   0:05.48

  22378 vboxuser  20   0  525896 519164   3196 R  90,9   5,2   0:18.20
  22379 vboxuser  20   0  528668 522200   3416 R  90,9   5,2   0:18.22
      1 root      20   0   23360  10772   5908 S   0,0   0,1   0:05.48
      2 root      20   0       0      0      0 S   0,0   0,0   0:00.07
      3 root      20   0       0      0      0 S   0,0   0,0   0:00.00

  22378 vboxuser  20   0  560480 553852   3196 R  90,9   5,6   0:19.47
  22379 vboxuser  20   0  563120 556760   3416 R  90,9   5,6   0:19.49
  22614 vboxuser  20   0   12128   5268   3220 R   9,1   0,1   0:00.01
      1 root      20   0   23360  10772   5908 S   0,0   0,1   0:05.48
      2 root      20   0       0      0      0 S   0,0   0,0   0:00.07

  22378 vboxuser  20   0  591896 585212   3196 R  90,9   5,9   0:20.73
  22379 vboxuser  20   0  594668 588248   3416 R  90,9   5,9   0:20.75
  20179 vboxuser  20   0 4885980 389444 143420 S   9,1   3,9   0:51.04
      1 root      20   0   23360  10772   5908 S   0,0   0,1   0:05.48
      2 root      20   0       0      0      0 S   0,0   0,0   0:00.07

  22379 vboxuser  20   0  624764 618328   3416 R 100,0   6,2   0:22.03
  22378 vboxuser  20   0  622916 616316   3196 R 100,0   6,2   0:22.00
  20179 vboxuser  20   0 4885980 389444 143420 S  20,0   3,9   0:51.32
  22646 vboxuser  20   0   12128   5260   3212 R  10,0   0,1   0:00.01
      1 root      20   0   23360  10772   5908 S   0,0   0,1   0:05.48

  22379 vboxuser  20   0  656708 650200   3416 R 100,0   6,5   0:23.30
  22378 vboxuser  20   0  654860 648188   3196 R  90,9   6,5   0:23.27
  20179 vboxuser  20   0 4881820 389444 143420 S  18,2   3,9   0:51.50
  22662 vboxuser  20   0   12128   5268   3220 R   9,1   0,1   0:00.01
  22663 vboxuser  20   0   12128   5268   3220 S   9,1   0,1   0:00.01

  22378 vboxuser  20   0  687200 680572   3196 R 100,0   6,8   0:24.56
  22379 vboxuser  20   0  688388 681944   3416 R 100,0   6,8   0:24.57
  20179 vboxuser  20   0 4881820 389444 143420 S   9,1   3,9   0:51.66
  22678 vboxuser  20   0   12128   5268   3220 R   9,1   0,1   0:00.01
      1 root      20   0   23360  10772   5908 S   0,0   0,1   0:05.48

  22378 vboxuser  20   0  719804 713212   3196 R 100,0   7,2   0:25.84
  22379 vboxuser  20   0  720464 713944   3416 R 100,0   7,2   0:25.86
  20179 vboxuser  20   0 4881820 389444 143420 S   9,1   3,9   0:51.81
  22360 vboxuser  20   0  548980  51292  41432 S   9,1   0,5   0:00.90
  22695 vboxuser  20   0   12128   5268   3220 S   9,1   0,1   0:00.01

  22378 vboxuser  20   0  752276 745596   3196 R 100,0   7,5   0:27.13
  22379 vboxuser  20   0  752144 745688   3416 R 100,0   7,5   0:27.14
  22710 vboxuser  20   0   12128   5268   3220 R   9,1   0,1   0:00.01
  22711 vboxuser  20   0   12128   5268   3220 S   9,1   0,1   0:00.01
      1 root      20   0   23360  10772   5908 S   0,0   0,1   0:05.48

  22378 vboxuser  20   0  785804 779132   3196 R 100,0   7,8   0:28.40
  22379 vboxuser  20   0  785540 779224   3416 R 100,0   7,8   0:28.41
  20179 vboxuser  20   0 4881820 389444 143420 S  18,2   3,9   0:51.96
      1 root      20   0   23360  10772   5908 S   0,0   0,1   0:05.48
      2 root      20   0       0      0      0 S   0,0   0,0   0:00.07

  22379 vboxuser  20   0  822104 815704   3416 R 100,0   8,2   0:29.73
  22378 vboxuser  20   0  821972 815356   3196 R  90,9   8,2   0:29.71
  20709 vboxuser  20   0 2720596 238908 117984 S   9,1   2,4   0:07.24
      1 root      20   0   23360  10772   5908 S   0,0   0,1   0:05.48
      2 root      20   0       0      0      0 S   0,0   0,0   0:00.07

  22378 vboxuser  20   0  857612 851068   3196 R 100,0   8,5   0:31.01
  22379 vboxuser  20   0  857348 850904   3416 R 100,0   8,5   0:31.02
  20179 vboxuser  20   0 4881820 389444 143420 S  18,2   3,9   0:52.07
  22759 vboxuser  20   0   12128   5268   3220 R  18,2   0,1   0:00.02
  22360 vboxuser  20   0  548980  51292  41432 R   9,1   0,5   0:00.96

  22378 vboxuser  20   0  891800 885244   3196 R  90,9   8,9   0:32.27
  22379 vboxuser  20   0  891008 884568   3416 R  90,9   8,9   0:32.28
  20179 vboxuser  20   0 4881820 389444 143420 S  18,2   3,9   0:52.20
  22380 vboxuser  20   0   10180   3568   3312 S   9,1   0,0   0:00.08
      1 root      20   0   23360  10772   5908 S   0,0   0,1   0:05.48

  22378 vboxuser  20   0  927044 920444   3196 R 100,0   9,2   0:33.57
  22379 vboxuser  20   0  926516 920152   3416 R 100,0   9,2   0:33.58
  22792 vboxuser  20   0   12128   5268   3220 R   8,3   0,1   0:00.01
      1 root      20   0   23360  10772   5908 S   0,0   0,1   0:05.48
      2 root      20   0       0      0      0 S   0,0   0,0   0:00.07

  22378 vboxuser  20   0  959648 952956   3196 R 100,0   9,6   0:34.85
  22379 vboxuser  20   0  959120 952664   3416 R  90,9   9,6   0:34.85
  20179 vboxuser  20   0 4881820 389444 143420 S   9,1   3,9   0:52.36
  22360 vboxuser  20   0  548980  51292  41432 S   9,1   0,5   0:01.04
  22809 vboxuser  20   0   12128   5260   3212 R   9,1   0,1   0:00.01

  22378 vboxuser  20   0  991460 984828   3196 R 100,0   9,9   0:36.13
  22379 vboxuser  20   0  991064 984664   3416 R 100,0   9,9   0:36.14
  20709 vboxuser  20   0 2720596 238908 117984 S   9,1   2,4   0:07.30
  22825 vboxuser  20   0   12128   5268   3220 R   9,1   0,1   0:00.01
      1 root      20   0   23360  10772   5908 S   0,0   0,1   0:05.48

  22379 vboxuser  20   0 1022348 992,1m   3416 R 100,0  10,2   0:37.42
  22378 vboxuser  20   0 1023272 992,7m   3196 R 100,0  10,2   0:37.41
  20179 vboxuser  20   0 4881820 389444 143420 S  18,2   3,9   0:52.66
  22841 vboxuser  20   0   12128   5268   3220 R   9,1   0,1   0:00.01
      1 root      20   0   23360  10772   5908 S   0,0   0,1   0:05.48

  22379 vboxuser  20   0 1055216   1,0g   3416 R 100,0  10,5   0:38.69
  22378 vboxuser  20   0 1055348   1,0g   3196 R  90,9  10,5   0:38.68
  22360 vboxuser  20   0  548980  51292  41432 S   9,1   0,5   0:01.16
  22859 vboxuser  20   0   12128   5268   3220 R   9,1   0,1   0:00.01
      1 root      20   0   23360  10772   5908 S   0,0   0,1   0:05.48

  22378 vboxuser  20   0 1089404   1,0g   3196 R  91,7  10,9   0:39.97
  22379 vboxuser  20   0 1087688   1,0g   3416 R  91,7  10,9   0:39.97
  20179 vboxuser  20   0 4885980 389444 143420 S  25,0   3,9   0:53.00
  22360 vboxuser  20   0  548980  51292  41432 S  16,7   0,5   0:01.22
  22875 vboxuser  20   0   12128   5268   3220 R  16,7   0,1   0:00.02

  22379 vboxuser  20   0 1120292   1,1g   3416 R 100,0  11,2   0:41.24
  22378 vboxuser  20   0 1122008   1,1g   3196 R  90,9  11,2   0:41.24
  20179 vboxuser  20   0 4885980 389444 143420 S   9,1   3,9   0:53.16
  22360 vboxuser  20   0  548980  51292  41432 S   9,1   0,5   0:01.27
      1 root      20   0   23360  10772   5908 S   0,0   0,1   0:05.48

  22378 vboxuser  20   0 1155800   1,1g   3196 R 100,0  11,5   0:42.51
  22379 vboxuser  20   0 1153820   1,1g   3416 R 100,0  11,5   0:42.51
  20179 vboxuser  20   0 4885980 389444 143420 S   9,1   3,9   0:53.30
  22360 vboxuser  20   0  548980  51292  41432 S   9,1   0,5   0:01.31
  22906 vboxuser  20   0   12128   5268   3220 R   9,1   0,1   0:00.01

  22378 vboxuser  20   0 1188932   1,1g   3196 R 100,0  11,9   0:43.79
  22379 vboxuser  20   0 1186028   1,1g   3416 R 100,0  11,8   0:43.79
  20179 vboxuser  20   0 4881820 389444 143420 S  20,0   3,9   0:53.49
  22922 vboxuser  20   0   12128   5240   3192 R  10,0   0,1   0:00.01
      1 root      20   0   23360  10772   5908 S   0,0   0,1   0:05.48

  22378 vboxuser  20   0 1222064   1,2g   3196 R 100,0  12,2   0:45.07
  22379 vboxuser  20   0 1216256   1,2g   3416 R  90,9  12,1   0:45.07
  20179 vboxuser  20   0 4881820 389444 143420 S  18,2   3,9   0:53.68
  22938 vboxuser  20   0   12128   5268   3220 R   9,1   0,1   0:00.01
      1 root      20   0   23360  10772   5908 S   0,0   0,1   0:05.48

  22378 vboxuser  20   0 1257440   1,2g   3196 R 100,0  12,6   0:46.34
  22379 vboxuser  20   0 1250840   1,2g   3416 R 100,0  12,5   0:46.34
  20179 vboxuser  20   0 4881820 389444 143420 S  20,0   3,9   0:53.82
      1 root      20   0   23360  10772   5908 S   0,0   0,1   0:05.48
      2 root      20   0       0      0      0 S   0,0   0,0   0:00.07

  22379 vboxuser  20   0 1283708   1,2g   3416 R 100,0  12,8   0:47.63
  22378 vboxuser  20   0 1290044   1,2g   3196 R 100,0  12,9   0:47.61
  20179 vboxuser  20   0 4881820 389444 143420 S  10,0   3,9   0:53.91
      1 root      20   0   23360  10772   5908 S   0,0   0,1   0:05.48
      2 root      20   0       0      0      0 S   0,0   0,0   0:00.07

  22378 vboxuser  20   0 1325420   1,3g   3196 R  90,9  13,2   0:48.86
  22379 vboxuser  20   0 1319876   1,3g   3416 R  90,9  13,2   0:48.90
      1 root      20   0   23360  10772   5908 S   0,0   0,1   0:05.48
      2 root      20   0       0      0      0 S   0,0   0,0   0:00.07
      3 root      20   0       0      0      0 S   0,0   0,0   0:00.00

  22378 vboxuser  20   0 1359476   1,3g   3196 R 100,0  13,6   0:50.11
  22379 vboxuser  20   0 1353932   1,3g   3416 R 100,0  13,5   0:50.17
  20179 vboxuser  20   0 4881820 389444 143420 S  20,0   3,9   0:54.14
  23002 vboxuser  20   0   12128   5268   3220 R  10,0   0,1   0:00.01
      1 root      20   0   23360  10772   5908 S   0,0   0,1   0:05.48

  22378 vboxuser  20   0 1391156   1,3g   3196 R 100,0  13,9   0:51.40
  22379 vboxuser  20   0 1385216   1,3g   3416 R 100,0  13,8   0:51.45
  20179 vboxuser  20   0 4881820 389444 143420 S  20,0   3,9   0:54.40
  23018 vboxuser  20   0   12128   5268   3220 R  10,0   0,1   0:00.01
      1 root      20   0   23360  10772   5908 S   0,0   0,1   0:05.48

  22378 vboxuser  20   0 1423364   1,4g   3196 R 100,0  14,2   0:52.68
  22379 vboxuser  20   0 1417160   1,3g   3416 R 100,0  14,2   0:52.74
  20179 vboxuser  20   0 4881820 389444 143420 S  36,4   3,9   0:54.65
  16529 root      20   0       0      0      0 I   9,1   0,0   0:02.49
  22360 vboxuser  20   0  548980  51292  41432 S   9,1   0,5   0:01.61

  22378 vboxuser  20   0 1455968   1,4g   3196 R 100,0  14,5   0:53.98
  22379 vboxuser  20   0 1449500   1,4g   3416 R 100,0  14,5   0:54.02
  20179 vboxuser  20   0 4881820 389444 143420 S  30,0   3,9   0:54.91
      1 root      20   0   23360  10772   5908 S   0,0   0,1   0:05.48
      2 root      20   0       0      0      0 S   0,0   0,0   0:00.07

  22378 vboxuser  20   0 1489628   1,4g   3196 R  90,9  14,9   0:55.26
  22379 vboxuser  20   0 1482500   1,4g   3416 R  90,9  14,8   0:55.31
  20179 vboxuser  20   0 4881820 389444 143420 S  27,3   3,9   0:55.13
  23066 vboxuser  20   0   12128   5268   3220 R   9,1   0,1   0:00.01
      1 root      20   0   23360  10772   5908 S   0,0   0,1   0:05.48

  22379 vboxuser  20   0 1513520   1,4g   3416 R 100,0  15,1   0:56.59
  22378 vboxuser  20   0 1519988   1,4g   3196 R  90,9  15,2   0:56.53
  20179 vboxuser  20   0 4885980 389444 143420 S  45,5   3,9   0:55.29
  22360 vboxuser  20   0  548980  51292  41432 S  18,2   0,5   0:01.74
      1 root      20   0   23360  10772   5908 S   0,0   0,1   0:05.48

  22378 vboxuser  20   0 1545464   1,5g   3196 R 100,0  15,4   0:57.84
  22379 vboxuser  20   0 1539128   1,5g   3416 R  90,9  15,4   0:57.89
  23098 vboxuser  20   0   12128   5268   3220 R  18,2   0,1   0:00.02
  20179 vboxuser  20   0 4881820 389444 143420 S   9,1   3,9   0:55.51
  22360 vboxuser  20   0  548980  51292  41432 S   9,1   0,5   0:01.80

  22379 vboxuser  20   0 1567376   1,5g   3416 R 100,0  15,7   0:59.20
  22378 vboxuser  20   0 1574108   1,5g   3196 R  90,9  15,7   0:59.13
  20179 vboxuser  20   0 4885980 389444 143420 R  45,5   3,9   0:55.80
  22360 vboxuser  20   0  548980  51292  41432 S  18,2   0,5   0:01.87
     49 root      20   0       0      0      0 I   9,1   0,0   0:11.14

  22378 vboxuser  20   0 1607108   1,5g   3196 R 100,0  16,1   1:00.41
  22379 vboxuser  20   0 1601168   1,5g   3416 R 100,0  16,0   1:00.47
  23131 vboxuser  20   0   12128   5268   3220 S   9,1   0,1   0:00.01
      1 root      20   0   23360  10772   5908 S   0,0   0,1   0:05.48
      2 root      20   0       0      0      0 S   0,0   0,0   0:00.07

  22379 vboxuser  20   0 1628624   1,5g   3416 R 100,0  16,3   1:01.75
  22378 vboxuser  20   0 1635884   1,6g   3196 R  90,9  16,4   1:01.69
  20179 vboxuser  20   0 4881820 389444 143420 S  18,2   3,9   0:56.14
     49 root      20   0       0      0      0 I   9,1   0,0   0:11.20
  22360 vboxuser  20   0  548980  51292  41432 S   9,1   0,5   0:01.97

  22379 vboxuser  20   0 1663340   1,6g   3416 R 100,0  16,6   1:03.04
  22378 vboxuser  20   0 1670204   1,6g   3196 R 100,0  16,7   1:02.98
  20179 vboxuser  20   0 4881820 389444 143420 S  20,0   3,9   0:56.32
  23162 vboxuser  20   0   12128   5268   3220 R  10,0   0,1   0:00.01
      1 root      20   0   23360  10772   5908 S   0,0   0,1   0:05.48

  22378 vboxuser  20   0 1701752   1,6g   3196 R 100,0  17,0   1:04.25
  22379 vboxuser  20   0 1695020   1,6g   3416 R  90,9  16,9   1:04.31
  20179 vboxuser  20   0 4881820 389444 143420 S   9,1   3,9   0:56.52
  22360 vboxuser  20   0  548980  51292  41432 S   9,1   0,5   0:02.05
  23178 vboxuser  20   0   12128   5264   3216 R   9,1   0,1   0:00.01

  22379 vboxuser  20   0 1728020   1,6g   3416 R 100,0  17,3   1:05.58
  22378 vboxuser  20   0 1734488   1,6g   3196 R 100,0  17,3   1:05.52
  20179 vboxuser  20   0 4881820 389444 143420 S  20,0   3,9   0:56.65
  22360 vboxuser  20   0  548980  51292  41432 S  10,0   0,5   0:02.08
  23196 vboxuser  20   0   12128   5268   3220 S  10,0   0,1   0:00.01

  22378 vboxuser  20   0 1767884   1,7g   3196 R 100,0  17,7   1:06.80
  22379 vboxuser  20   0 1761152   1,7g   3416 R  90,9  17,6   1:06.85
  20179 vboxuser  20   0 4881820 389444 143420 S  18,2   3,9   0:56.83
  23211 vboxuser  20   0   12128   5264   3216 R   9,1   0,1   0:00.01
  23212 vboxuser  20   0   12128   5268   3220 S   9,1   0,1   0:00.01

  22378 vboxuser  20   0 1801676   1,7g   3196 R 100,0  18,0   1:08.07
  22379 vboxuser  20   0 1794548   1,7g   3416 R  90,9  17,9   1:08.12
  20179 vboxuser  20   0 4881820 389444 143420 S  18,2   3,9   0:57.00
      1 root      20   0   23360  10772   5908 S   0,0   0,1   0:05.48
      2 root      20   0       0      0      0 S   0,0   0,0   0:00.07

  22378 vboxuser  20   0 1836128   1,7g   3196 R 100,0  18,4   1:09.33
  22379 vboxuser  20   0 1828736   1,7g   3416 R 100,0  18,3   1:09.39
  20179 vboxuser  20   0 4881820 389444 143420 S  20,0   3,9   0:57.16
  22360 vboxuser  20   0  548980  51292  41432 S  10,0   0,5   0:02.21
  23243 vboxuser  20   0   12128   5268   3220 R  10,0   0,1   0:00.01

  22378 vboxuser  20   0 1871504   1,8g   3196 R 100,0  18,7   1:10.60
  22379 vboxuser  20   0 1863848   1,8g   3416 R  90,9  18,6   1:10.65
  20179 vboxuser  20   0 4881820 389444 143420 S   9,1   3,9   0:57.27
  22360 vboxuser  20   0  548980  51292  41432 S   9,1   0,5   0:02.24
  22380 vboxuser  20   0   10180   3568   3312 S   9,1   0,0   0:00.21

  22378 vboxuser  20   0 1904636   1,8g   3196 R 100,0  19,1   1:11.87
  22379 vboxuser  20   0 1897508   1,8g   3416 R  90,9  19,0   1:11.92
  23276 vboxuser  20   0   12128   5268   3220 R   9,1   0,1   0:00.01
      1 root      20   0   23360  10772   5908 S   0,0   0,1   0:05.48
      2 root      20   0       0      0      0 S   0,0   0,0   0:00.07

  22378 vboxuser  20   0 1941068   1,8g   3196 R 100,0  19,4   1:13.13
  22379 vboxuser  20   0 1934600   1,8g   3416 R 100,0  19,4   1:13.19
  20179 vboxuser  20   0 4881820 389444 143420 S   9,1   3,9   0:57.46
      1 root      20   0   23360  10772   5908 S   0,0   0,1   0:05.48
      2 root      20   0       0      0      0 S   0,0   0,0   0:00.07

  22378 vboxuser  20   0 1975256   1,9g   3196 R 100,0  19,8   1:14.40
  22379 vboxuser  20   0 1968788   1,9g   3416 R  90,9  19,7   1:14.45
  20179 vboxuser  20   0 4881820 389316 143420 S  18,2   3,9   0:57.61
      1 root      20   0   23360  10772   5908 S   0,0   0,1   0:05.48
      2 root      20   0       0      0      0 S   0,0   0,0   0:00.07

  22379 vboxuser  20   0 2002712   1,9g   3416 R 100,0  20,0   1:15.73
  22378 vboxuser  20   0 2009312   1,9g   3196 R 100,0  20,1   1:15.66
  20179 vboxuser  20   0 4881820 389316 143420 S  10,0   3,9   0:57.74
  22360 vboxuser  20   0  548980  51292  41432 S  10,0   0,5   0:02.34
  23324 vboxuser  20   0   12128   5268   3220 R  10,0   0,1   0:00.01

  22378 vboxuser  20   0 2043632   1,9g   3196 R 100,0  20,4   1:16.94
  22379 vboxuser  20   0 2036636   1,9g   3416 R 100,0  20,4   1:16.99
  20179 vboxuser  20   0 4881820 389316 143420 S  10,0   3,9   0:57.92
  20709 vboxuser  20   0 2720596 238908 117984 S  10,0   2,4   0:07.77
  23340 vboxuser  20   0   12128   5268   3220 R  10,0   0,1   0:00.01

  22378 vboxuser  20   0 2079800   2,0g   3196 R 100,0  20,8   1:18.20
  22379 vboxuser  20   0 2073068   2,0g   3416 R 100,0  20,7   1:18.26
  23356 vboxuser  20   0   12128   5268   3220 R  10,0   0,1   0:00.01
      1 root      20   0   23360  10772   5908 S   0,0   0,1   0:05.48
      2 root      20   0       0      0      0 S   0,0   0,0   0:00.07

  22378 vboxuser  20   0 2115176   2,0g   3196 R 100,0  21,2   1:19.47
  22379 vboxuser  20   0 2108312   2,0g   3416 R  90,9  21,1   1:19.52
  20179 vboxuser  20   0 4881820 389316 143420 S  18,2   3,9   0:58.10
      1 root      20   0   23360  10772   5908 S   0,0   0,1   0:05.48
      2 root      20   0       0      0      0 S   0,0   0,0   0:00.07

  22378 vboxuser  20   0 2149496   2,0g   3196 R 100,0  21,5   1:20.74
  22379 vboxuser  20   0 2141840   2,0g   3416 R  90,9  21,4   1:20.79
     17 root      20   0       0      0      0 I   9,1   0,0   0:14.27
  23388 vboxuser  20   0   12128   5268   3220 R   9,1   0,1   0:00.01
      1 root      20   0   23360  10772   5908 S   0,0   0,1   0:05.48

  22378 vboxuser  20   0 2182628   2,1g   3196 R 100,0  21,8   1:22.00
  22379 vboxuser  20   0 2174444   2,1g   3416 R 100,0  21,8   1:22.05
  20179 vboxuser  20   0 4881820 389316 143420 S  10,0   3,9   0:58.43
  22360 vboxuser  20   0  548980  51292  41432 S  10,0   0,5   0:02.48
      1 root      20   0   23360  10772   5908 S   0,0   0,1   0:05.48

  22378 vboxuser  20   0 2215892   2,1g   3196 R  90,9  22,2   1:23.28
  22379 vboxuser  20   0 2207180   2,1g   3416 R  90,9  22,1   1:23.34
  20179 vboxuser  20   0 4881820 389316 143420 S   9,1   3,9   0:58.62
  23420 vboxuser  20   0   12128   5268   3220 R   9,1   0,1   0:00.01
      1 root      20   0   23360  10772   5908 S   0,0   0,1   0:05.48

  22378 vboxuser  20   0 2249684   2,1g   3196 R 100,0  22,5   1:24.54
  22379 vboxuser  20   0 2241632   2,1g   3416 R 100,0  22,4   1:24.59
  23436 vboxuser  20   0   12128   5268   3220 R  10,0   0,1   0:00.01
      1 root      20   0   23360  10772   5908 S   0,0   0,1   0:05.48
      2 root      20   0       0      0      0 S   0,0   0,0   0:00.07

  22379 vboxuser  20   0 2277008   2,2g   3416 R 100,0  22,8   1:25.87
  22378 vboxuser  20   0 2285192   2,2g   3196 R 100,0  22,9   1:25.81
  20179 vboxuser  20   0 4881820 389316 143420 S   9,1   3,9   0:58.84
  22360 vboxuser  20   0  548980  51292  41432 S   9,1   0,5   0:02.57
  23452 vboxuser  20   0   12128   5260   3212 R   9,1   0,1   0:00.01

  22379 vboxuser  20   0 2310536   2,2g   3416 R 100,0  23,1   1:27.15
  22378 vboxuser  20   0 2319512   2,2g   3196 R  90,9  23,2   1:27.09
  20179 vboxuser  20   0 4881820 389316 143420 S  18,2   3,9   0:59.00
  23468 vboxuser  20   0   12128   5184   3136 R   9,1   0,1   0:00.01
      1 root      20   0   23360  10772   5908 S   0,0   0,1   0:05.48

  22378 vboxuser  20   0 2353568   2,2g   3196 R  90,9  23,6   1:28.36
  22379 vboxuser  20   0 2344196   2,2g   3416 R  90,9  23,5   1:28.41
  20179 vboxuser  20   0 4881820 389316 143420 S   9,1   3,9   0:59.16
  22360 vboxuser  20   0  548980  51292  41432 S   9,1   0,5   0:02.64
      1 root      20   0   23360  10772   5908 S   0,0   0,1   0:05.48

  22378 vboxuser  20   0 2387096   2,3g   3196 R  90,9  23,9   1:29.64
  22379 vboxuser  20   0 2378252   2,3g   3416 R  90,9  23,8   1:29.70
  20179 vboxuser  20   0 4881820 389316 143420 S  27,3   3,9   0:59.34
  22360 vboxuser  20   0  548980  51292  41432 S   9,1   0,5   0:02.67
  23500 vboxuser  20   0   12128   5264   3216 R   9,1   0,1   0:00.01

  22379 vboxuser  20   0 2410988   2,3g   3416 R 100,0  24,1   1:30.98
  22378 vboxuser  20   0 2420228   2,3g   3196 R 100,0  24,2   1:30.92
  20179 vboxuser  20   0 4881820 389316 143420 S  20,0   3,9   0:59.52
  22360 vboxuser  20   0  548980  51292  41432 S  20,0   0,5   0:02.71
      1 root      20   0   23360  10772   5908 S   0,0   0,1   0:05.48

  22378 vboxuser  20   0 2454152   2,3g   3196 R  91,7  24,6   1:32.21
  22379 vboxuser  20   0 2445176   2,3g   3416 R  91,7  24,5   1:32.26
      1 root      20   0   23360  10772   5908 S   0,0   0,1   0:05.48
      2 root      20   0       0      0      0 S   0,0   0,0   0:00.07
      3 root      20   0       0      0      0 S   0,0   0,0   0:00.00

  22379 vboxuser  20   0 2481608   2,4g   3416 R 100,0  24,8   1:33.54
  22378 vboxuser  20   0 2489924   2,4g   3196 R 100,0  24,9   1:33.48
  23549 vboxuser  20   0   12128   5268   3220 R   9,1   0,1   0:00.01
      1 root      20   0   23360  10772   5908 S   0,0   0,1   0:05.48
      2 root      20   0       0      0      0 S   0,0   0,0   0:00.07

  22378 vboxuser  20   0 2521340   2,4g   3196 R 100,0  25,2   1:34.76
  22379 vboxuser  20   0 2513288   2,4g   3416 R 100,0  25,2   1:34.82
  20179 vboxuser  20   0 4881820 389316 143420 S  10,0   3,9   0:59.88
  23565 vboxuser  20   0   12128   5204   3156 R  10,0   0,1   0:00.01
      1 root      20   0   23360  10772   5908 S   0,0   0,1   0:05.48

  22378 vboxuser  20   0 2556056   2,4g   3196 R 100,0  25,6   1:36.05
  22379 vboxuser  20   0 2547080   2,4g   3416 R 100,0  25,5   1:36.11
  20179 vboxuser  20   0 4881820 389316 143420 S   9,1   3,9   1:00.03
  22360 vboxuser  20   0  548980  51292  41432 S   9,1   0,5   0:02.81
  23581 vboxuser  20   0   12128   5268   3220 R   9,1   0,1   0:00.01

  22378 vboxuser  20   0 2592620   2,5g   3196 R 100,0  26,0   1:37.33
  22379 vboxuser  20   0 2583512   2,5g   3416 R 100,0  25,9   1:37.39
  20709 vboxuser  20   0 2720596 238908 117984 S   9,1   2,4   0:08.03
  23597 vboxuser  20   0   12128   5268   3220 R   9,1   0,1   0:00.01
      1 root      20   0   23360  10772   5908 S   0,0   0,1   0:05.48

  22378 vboxuser  20   0 2629580   2,5g   3196 R 100,0  26,3   1:38.60
  22379 vboxuser  20   0 2621132   2,5g   3416 R  90,9  26,2   1:38.65
      1 root      20   0   23360  10772   5908 S   0,0   0,1   0:05.48
      2 root      20   0       0      0      0 S   0,0   0,0   0:00.07
      3 root      20   0       0      0      0 S   0,0   0,0   0:00.00

  22378 vboxuser  20   0 2667068   2,5g   3196 R 100,0  26,7   1:39.87
  22379 vboxuser  20   0 2660072   2,5g   3416 R 100,0  26,6   1:39.92
  23629 vboxuser  20   0   12128   5268   3220 R   9,1   0,1   0:00.01
      1 root      20   0   23360  10772   5908 S   0,0   0,1   0:05.48
      2 root      20   0       0      0      0 S   0,0   0,0   0:00.07

  22378 vboxuser  20   0 2704820   2,6g   3196 R  90,9  27,1   1:41.13
  22379 vboxuser  20   0 2699012   2,6g   3416 R  90,9  27,0   1:41.18
      1 root      20   0   23360  10772   5908 S   0,0   0,1   0:05.48
      2 root      20   0       0      0      0 S   0,0   0,0   0:00.07
      3 root      20   0       0      0      0 S   0,0   0,0   0:00.00

  22378 vboxuser  20   0 2741780   2,6g   3196 R 100,0  27,5   1:42.40
  22379 vboxuser  20   0 2736368   2,6g   3416 R 100,0  27,4   1:42.45
  20179 vboxuser  20   0 4881820 389316 143420 S  10,0   3,9   1:00.12
      1 root      20   0   23360  10772   5908 S   0,0   0,1   0:05.48
      2 root      20   0       0      0      0 S   0,0   0,0   0:00.07

  22379 vboxuser  20   0 2770556   2,6g   3416 R 100,0  27,7   1:43.71
  22378 vboxuser  20   0 2775704   2,6g   3196 R  90,9  27,8   1:43.65
  20179 vboxuser  20   0 4881820 389316 143420 S   9,1   3,9   1:00.24
  23677 vboxuser  20   0   12128   5268   3220 R   9,1   0,1   0:00.01
      1 root      20   0   23360  10772   5908 S   0,0   0,1   0:05.48

  22378 vboxuser  20   0 2809628   2,7g   3196 R  90,9  28,1   1:44.92
  22379 vboxuser  20   0 2804876   2,7g   3416 R  90,9  28,1   1:44.98
      1 root      20   0   23360  10772   5908 S   0,0   0,1   0:05.48
      2 root      20   0       0      0      0 S   0,0   0,0   0:00.07
      3 root      20   0       0      0      0 S   0,0   0,0   0:00.00

  22378 vboxuser  20   0 2847512   2,7g   3196 R 100,0  28,5   1:46.21
  22379 vboxuser  20   0 2843288   2,7g   3416 R 100,0  28,5   1:46.27
      1 root      20   0   23360  10772   5908 S   0,0   0,1   0:05.48
      2 root      20   0       0      0      0 S   0,0   0,0   0:00.07
      3 root      20   0       0      0      0 S   0,0   0,0   0:00.00

  22379 vboxuser  20   0 2878400   2,7g   3416 R 100,0  28,8   1:47.53
  22378 vboxuser  20   0 2882360   2,7g   3196 R  90,9  28,9   1:47.47
      1 root      20   0   23360  10772   5908 S   0,0   0,1   0:05.48
      2 root      20   0       0      0      0 S   0,0   0,0   0:00.07
      3 root      20   0       0      0      0 S   0,0   0,0   0:00.00

  22378 vboxuser  20   0 2919056   2,8g   3196 R 100,0  29,2   1:48.74
  22379 vboxuser  20   0 2916152   2,8g   3416 R  90,9  29,2   1:48.79
  23741 vboxuser  20   0   12128   5268   3220 R   9,1   0,1   0:00.01
      1 root      20   0   23360  10772   5908 S   0,0   0,1   0:05.48
      2 root      20   0       0      0      0 S   0,0   0,0   0:00.07

  22378 vboxuser  20   0 2954432   2,8g   3196 R 100,0  29,6   1:50.01
  22379 vboxuser  20   0 2952320   2,8g   3416 R 100,0  29,6   1:50.05
  23757 vboxuser  20   0   12128   5268   3220 R   9,1   0,1   0:00.01
      1 root      20   0   23360  10772   5908 S   0,0   0,1   0:05.48
      2 root      20   0       0      0      0 S   0,0   0,0   0:00.07

  22378 vboxuser  20   0 2990204   2,8g   3196 R 100,0  29,9   1:51.28
  22379 vboxuser  20   0 2988752   2,8g   3416 R 100,0  29,9   1:51.31
  20179 vboxuser  20   0 4881820 389316 143420 S  10,0   3,9   1:00.53
      1 root      20   0   23360  10772   5908 S   0,0   0,1   0:05.48
      2 root      20   0       0      0      0 S   0,0   0,0   0:00.07

  22378 vboxuser  20   0 3024788   2,9g   3196 R 100,0  30,3   1:52.54
  22379 vboxuser  20   0 3023996   2,9g   3416 R 100,0  30,3   1:52.58
  23789 vboxuser  20   0   12128   5268   3220 R   9,1   0,1   0:00.01
      1 root      20   0   23360  10772   5908 S   0,0   0,1   0:05.48
      2 root      20   0       0      0      0 S   0,0   0,0   0:00.07

  22378 vboxuser  20   0 3060164   2,9g   3196 R 100,0  30,6   1:53.80
  22379 vboxuser  20   0 3060296   2,9g   3416 R 100,0  30,7   1:53.84
      1 root      20   0   23360  10772   5908 S   0,0   0,1   0:05.48
      2 root      20   0       0      0      0 S   0,0   0,0   0:00.07
      3 root      20   0       0      0      0 S   0,0   0,0   0:00.00

  22378 vboxuser  20   0 3095672   2,9g   3196 R  90,9  31,0   1:55.06
  22379 vboxuser  20   0 3097388   2,9g   3416 R  90,9  31,0   1:55.10
  20709 vboxuser  20   0 2720596 238908 117984 S   9,1   2,4   0:08.23
  23821 vboxuser  20   0   12128   5260   3212 R   9,1   0,1   0:00.01
      1 root      20   0   23360  10772   5908 S   0,0   0,1   0:05.48

  22379 vboxuser  20   0 3132104   3,0g   3416 R 100,0  31,4   1:56.38
  22378 vboxuser  20   0 3129464   3,0g   3196 R 100,0  31,3   1:56.33
     17 root      20   0       0      0      0 I   9,1   0,0   0:14.32
  23837 vboxuser  20   0   12128   5268   3220 R   9,1   0,1   0:00.01
      1 root      20   0   23360  10772   5908 S   0,0   0,1   0:05.48

  22378 vboxuser  20   0 3161276   3,0g   3196 R 100,0  31,7   1:57.61
  22379 vboxuser  20   0 3164444   3,0g   3416 R 100,0  31,7   1:57.65
      1 root      20   0   23360  10772   5908 S   0,0   0,1   0:05.48
      2 root      20   0       0      0      0 S   0,0   0,0   0:00.07
      3 root      20   0       0      0      0 S   0,0   0,0   0:00.00

  22378 vboxuser  20   0 3187280   3,0g   3196 R  90,9  31,9   1:58.88
  22379 vboxuser  20   0 3190712   3,0g   3416 R  90,9  32,0   1:58.93
  20179 vboxuser  20   0 4881820 389316 143420 S   9,1   3,9   1:00.69
  23869 vboxuser  20   0   12128   5264   3216 R   9,1   0,1   0:00.01
      1 root      20   0   23360  10772   5908 S   0,0   0,1   0:05.48

  22378 vboxuser  20   0 3218696   3,1g   3196 R 100,0  32,2   2:00.16
  22379 vboxuser  20   0 3222788   3,1g   3416 R  90,9  32,3   2:00.20
  23885 vboxuser  20   0   12128   5268   3220 R   9,1   0,1   0:00.01
      1 root      20   0   23360  10772   5908 S   0,0   0,1   0:05.48
      2 root      20   0       0      0      0 S   0,0   0,0   0:00.07

  22378 vboxuser  20   0 3253808   3,1g   3196 R 100,0  32,6   2:01.44
  22379 vboxuser  20   0 3258560   3,1g   3416 R  90,9  32,6   2:01.48
  23902 vboxuser  20   0   12128   5268   3220 R   9,1   0,1   0:00.01
      1 root      20   0   23360  10772   5908 S   0,0   0,1   0:05.48
      2 root      20   0       0      0      0 S   0,0   0,0   0:00.07

  22378 vboxuser  20   0 3287996   3,1g   3196 R 100,0  32,9   2:02.71
  22379 vboxuser  20   0 3293276   3,1g   3416 R  90,9  33,0   2:02.75
  20179 vboxuser  20   0 4881820 389316 143420 S   9,1   3,9   1:00.81
  22360 vboxuser  20   0  548980  51292  41432 S   9,1   0,5   0:03.04
      1 root      20   0   23360  10772   5908 S   0,0   0,1   0:05.48

  22378 vboxuser  20   0 3321260   3,2g   3196 R 100,0  33,3   2:03.99
  22379 vboxuser  20   0 3326144   3,2g   3416 R 100,0  33,3   2:04.03
  23934 vboxuser  20   0   12128   5268   3220 R   9,1   0,1   0:00.01
      1 root      20   0   23360  10772   5908 S   0,0   0,1   0:05.48
      2 root      20   0       0      0      0 S   0,0   0,0   0:00.07

  22379 vboxuser  20   0 3358352   3,2g   3416 R 100,0  33,6   2:05.30
  22378 vboxuser  20   0 3353864   3,2g   3196 R  90,9  33,6   2:05.25
  23950 vboxuser  20   0   12128   5260   3212 R   9,1   0,1   0:00.01
      1 root      20   0   23360  10772   5908 S   0,0   0,1   0:05.48
      2 root      20   0       0      0      0 S   0,0   0,0   0:00.07

  22378 vboxuser  20   0 3443888   3,3g   3196 R 100,0  34,5   2:08.12
  22379 vboxuser  20   0 3450752   3,3g   3416 R  90,9  34,6   2:08.16
  20709 vboxuser  20   0 2720596 238908 117984 S   9,1   2,4   0:08.36
  23966 vboxuser  20   0   12128   5188   3140 R   9,1   0,1   0:00.01
      1 root      20   0   23360  10772   5908 S   0,0   0,1   0:05.48

  22379 vboxuser  20   0 3485468   3,3g   3416 R 100,0  34,9   2:09.42
  22378 vboxuser  20   0 3477944   3,3g   3196 R  90,9  34,8   2:09.35
      1 root      20   0   23360  10772   5908 S   0,0   0,1   0:05.48
      2 root      20   0       0      0      0 S   0,0   0,0   0:00.07
      3 root      20   0       0      0      0 S   0,0   0,0   0:00.00

  22378 vboxuser  20   0 3514508   3,3g   3196 R  90,9  35,2   2:10.62
  22379 vboxuser  20   0 3522824   3,4g   3416 R  90,9  35,3   2:10.69
      1 root      20   0   23360  10772   5908 S   0,0   0,1   0:05.48
      2 root      20   0       0      0      0 S   0,0   0,0   0:00.07
      3 root      20   0       0      0      0 S   0,0   0,0   0:00.00

  22379 vboxuser  20   0 3558860   3,4g   3416 R 100,0  35,7   2:11.96
  22378 vboxuser  20   0 3549488   3,4g   3196 R  90,9  35,6   2:11.87
  20179 vboxuser  20   0 4881820 389316 143420 S   9,1   3,9   1:01.29
  24014 vboxuser  20   0   12128   5268   3220 R   9,1   0,1   0:00.01
      1 root      20   0   23360  10772   5908 S   0,0   0,1   0:05.48

  22378 vboxuser  20   0 3581432   3,4g   3196 R 100,0  35,9   2:13.11
  22379 vboxuser  20   0 3592388   3,4g   3416 R 100,0  36,0   2:13.22
  20179 vboxuser  20   0 4881820 389316 143420 S  10,0   3,9   1:01.42
      1 root      20   0   23360  10772   5908 S   0,0   0,1   0:05.48
      2 root      20   0       0      0      0 S   0,0   0,0   0:00.07

  22379 vboxuser  20   0 3628424   3,5g   3416 R 100,0  36,4   2:14.48
  22378 vboxuser  20   0 3616148   3,4g   3196 R 100,0  36,2   2:14.37
  24046 vboxuser  20   0   12128   5260   3212 R  10,0   0,1   0:00.01
      1 root      20   0   23360  10772   5908 S   0,0   0,1   0:05.48
      2 root      20   0       0      0      0 S   0,0   0,0   0:00.07

  22378 vboxuser  20   0 3651656   3,5g   3196 R 100,0  36,6   2:15.64
  22379 vboxuser  20   0 3664064   3,5g   3416 R  90,9  36,7   2:15.75
  20179 vboxuser  20   0 4881820 389316 143420 R  18,2   3,9   1:01.49
      1 root      20   0   23360  10772   5908 S   0,0   0,1   0:05.48
      2 root      20   0       0      0      0 S   0,0   0,0   0:00.07

  22378 vboxuser  20   0 3685316   3,5g   3196 R 100,0  36,9   2:16.91
  22379 vboxuser  20   0 3697988   3,5g   3416 R 100,0  37,1   2:17.01
  20709 vboxuser  20   0 2720596 238908 117984 S   9,1   2,4   0:08.47
      1 root      20   0   23360  10772   5908 S   0,0   0,1   0:05.48
      2 root      20   0       0      0      0 S   0,0   0,0   0:00.07

  22378 vboxuser  20   0 3719240   3,5g   3196 R 100,0  37,3   2:18.17
  22379 vboxuser  20   0 3732968   3,6g   3416 R 100,0  37,4   2:18.28
  20179 vboxuser  20   0 4881820 389316 143420 S   9,1   3,9   1:01.65
  22360 vboxuser  20   0  548980  51292  41432 S   9,1   0,5   0:03.27
  24097 vboxuser  20   0   12128   5240   3192 R   9,1   0,1   0:00.01

  22378 vboxuser  20   0 3752768   3,6g   3196 R 100,0  37,6   2:19.44
  22379 vboxuser  20   0 3767816   3,6g   3416 R 100,0  37,8   2:19.54
     76 root      20   0       0      0      0 S  10,0   0,0   0:44.89
  20179 vboxuser  20   0 4881820 389316 143420 S  10,0   3,9   1:01.72
  22360 vboxuser  20   0  548980  51292  41432 R  10,0   0,5   0:03.29

  22378 vboxuser  20   0 3786824   3,6g   3196 R 100,0  37,9   2:20.72
  22379 vboxuser  20   0 3801608   3,6g   3416 R 100,0  38,1   2:20.83
     76 root      20   0       0      0      0 S  10,0   0,0   0:44.92
  20179 vboxuser  20   0 4881820 389316 143420 S  10,0   3,9   1:01.83
      1 root      20   0   23360  10772   5908 S   0,0   0,1   0:05.48

  22378 vboxuser  20   0 3835532   3,7g   3196 R 100,0  38,4   2:22.39
  22379 vboxuser  20   0 3851240   3,7g   3416 R  90,9  38,6   2:22.50
  20179 vboxuser  20   0 4881820 389316 143420 R   9,1   3,9   1:01.92
      1 root      20   0   23360  10772   5908 S   0,0   0,1   0:05.48
      2 root      20   0       0      0      0 S   0,0   0,0   0:00.07

  22378 vboxuser  20   0 3869852   3,7g   3196 R 100,0  38,8   2:23.65
  22379 vboxuser  20   0 3885164   3,7g   3416 R  90,9  38,9   2:23.77
     76 root      20   0       0      0      0 S   9,1   0,0   0:44.95
  20179 vboxuser  20   0 4881820 389316 143420 S   9,1   3,9   1:02.06
  22360 vboxuser  20   0  548980  51292  41432 S   9,1   0,5   0:03.38

  22378 vboxuser  20   0 3903380   3,7g   3196 R 100,0  39,1   2:24.92
  22379 vboxuser  20   0 3918824   3,7g   3416 R 100,0  39,3   2:25.05
  20179 vboxuser  20   0 4881820 388164 142268 S  36,4   3,9   1:02.18
  24177 vboxuser  20   0   12128   5264   3216 R   9,1   0,1   0:00.01
      1 root      20   0   23360  10772   5908 S   0,0   0,1   0:05.48

  22378 vboxuser  20   0 3937304   3,7g   3196 R 100,0  39,5   2:26.20
  22379 vboxuser  20   0 3951956   3,8g   3416 R 100,0  39,6   2:26.33
  20179 vboxuser  20   0 4881820 387652 141756 S  20,0   3,9   1:02.31
  22360 vboxuser  20   0  548980  51292  41432 S  10,0   0,5   0:03.44
      1 root      20   0   23360  10772   5908 S   0,0   0,1   0:05.48

  22378 vboxuser  20   0 3969248   3,8g   3196 R 100,0  39,8   2:27.49
  22379 vboxuser  20   0 3983636   3,8g   3416 R 100,0  39,9   2:27.61
  20179 vboxuser  20   0 4881820 387652 141756 R  18,2   3,9   1:02.46
  24209 vboxuser  20   0   12128   5268   3220 R   9,1   0,1   0:00.01
      1 root      20   0   23360  10772   5908 S   0,0   0,1   0:05.48

  22379 vboxuser  20   0 4016900   3,8g   3416 R 100,0  40,3   2:28.89
  22378 vboxuser  20   0 4003436   3,8g   3196 R 100,0  40,1   2:28.76
  20179 vboxuser  20   0 4881820 387396 141500 S  20,0   3,9   1:02.63
      1 root      20   0   23360  10772   5908 S   0,0   0,1   0:05.48
      2 root      20   0       0      0      0 S   0,0   0,0   0:00.07

  22379 vboxuser  20   0 4051088   3,9g   3416 R 100,0  40,6   2:30.17
  22378 vboxuser  20   0 4038416   3,8g   3196 R 100,0  40,5   2:30.04
  22380 vboxuser  20   0   10180   3568   3312 S   9,1   0,0   0:00.46
  24241 vboxuser  20   0   12128   5268   3220 R   9,1   0,1   0:00.01
      1 root      20   0   23360  10772   5908 S   0,0   0,1   0:05.48

  22378 vboxuser  20   0 4069436   3,9g   3196 R  90,9  40,8   2:31.31
  22379 vboxuser  20   0 4081448   3,9g   3416 R  90,9  40,9   2:31.43
  20179 vboxuser  20   0 4881820 384324 138428 S   9,1   3,9   1:02.89
  24257 vboxuser  20   0   12128   5172   3124 R   9,1   0,1   0:00.01
      1 root      20   0   23360  10772   5908 S   0,0   0,1   0:05.48

  22378 vboxuser  20   0 4102568   3,9g   3196 R  90,9  41,1   2:32.59
  22379 vboxuser  20   0 4114316   3,9g   3416 R  90,9  41,2   2:32.71
  20179 vboxuser  20   0 4881820 384324 138428 S  18,2   3,9   1:03.04
      1 root      20   0   23360  10772   5908 S   0,0   0,1   0:05.48
      2 root      20   0       0      0      0 S   0,0   0,0   0:00.07

  22378 vboxuser  20   0 4135304   3,9g   3196 R 100,0  41,4   2:33.87
  22379 vboxuser  20   0 4146920   3,9g   3416 R 100,0  41,6   2:33.99
  20179 vboxuser  20   0 4881820 384196 138300 S  20,0   3,9   1:03.19
  22360 vboxuser  20   0  548980  49500  39640 S  10,0   0,5   0:03.66
      1 root      20   0   23360  10772   5908 S   0,0   0,1   0:05.48

  22379 vboxuser  20   0 4177280   4,0g   3288 R 100,0  41,9   2:35.29
  22378 vboxuser  20   0 4166060   4,0g   3068 R  83,3  41,7   2:35.16
  20179 vboxuser  20   0 4881820 349452 103556 S  41,7   3,5   1:03.54
  24305 vboxuser  20   0   12128   5268   3220 R   8,3   0,1   0:00.01
      1 root      20   0   23360   9748   4884 S   0,0   0,1   0:05.48

  22378 vboxuser  20   0 4196552   4,0g   3068 R 100,0  42,1   2:36.47
  22379 vboxuser  20   0 4207376   4,0g   3288 R 100,0  42,2   2:36.59
     76 root      20   0       0      0      0 S  18,2   0,0   0:45.18
  20179 vboxuser  20   0 4885980 335532  89636 S   9,1   3,4   1:04.00
  22360 vboxuser  20   0  548980  41820  31960 S   9,1   0,4   0:03.80

  22378 vboxuser  20   0 4229684   4,0g   3068 R  90,9  42,4   2:37.76
  22379 vboxuser  20   0 4240640   4,0g   3288 R  90,9  42,5   2:37.89
  20179 vboxuser  20   0 4881820 301356  55460 R   9,1   3,0   1:04.27
  22360 vboxuser  20   0  548980  32988  23128 S   9,1   0,3   0:03.83
      1 root      20   0   23360   9108   4244 S   0,0   0,1   0:05.48

  22378 vboxuser  20   0 4262684   4,1g   3068 R 100,0  42,7   2:39.05
  22379 vboxuser  20   0 4274168   4,1g   3288 R 100,0  42,8   2:39.17
  24354 vboxuser  20   0   12128   5268   3220 R   9,1   0,1   0:00.01
      1 root      20   0   23360   8980   4116 S   0,0   0,1   0:05.48
      2 root      20   0       0      0      0 S   0,0   0,0   0:00.07

  22378 vboxuser  20   0 4296476   4,1g   3068 R 100,0  43,1   2:40.36
  22379 vboxuser  20   0 4307828   4,1g   3288 R 100,0  43,2   2:40.49
  20179 vboxuser  20   0 4890156 279084  33188 S  36,4   2,8   1:04.76
      1 root      20   0   23360   8852   3988 S   0,0   0,1   0:05.48
      2 root      20   0       0      0      0 S   0,0   0,0   0:00.07

  22378 vboxuser  20   0 4330796   4,1g   2172 R 100,0  43,4   2:41.75
  22379 vboxuser  20   0 4342544   4,1g   2264 R  90,9  43,5   2:41.87
     76 root      20   0       0      0      0 R   9,1   0,0   0:45.43
  20179 vboxuser  20   0 4885980 272976  27080 S   9,1   2,7   1:05.02
  22360 vboxuser  20   0  548980  18740   8880 S   9,1   0,2   0:03.98

  22378 vboxuser  20   0 4362740   4,2g    508 R 100,0  43,7   2:43.29
  22379 vboxuser  20   0 4375544   4,2g    728 R 100,0  43,8   2:43.41
     76 root      20   0       0      0      0 R  61,5   0,0   0:45.94
  20179 vboxuser  20   0 4885980 256332  10436 R  61,5   2,6   1:05.56
  24402 vboxuser  20   0   12128   2784    864 R  15,4   0,0   0:00.06

  22378 vboxuser  20   0 4407884   4,2g    676 R  93,3  44,2   2:47.21
     76 root      20   0       0      0      0 R  86,7   0,0   0:50.02
  22379 vboxuser  20   0 4424384   4,2g    732 R  80,0  44,3   2:47.09
  20709 vboxuser  20   0 2720596 125352   4428 S  46,7   1,3   0:10.97
  20179 vboxuser  20   0 4886012 258180  12284 R  40,0   2,6   1:09.43

  22378 vboxuser  20   0 4460552   4,2g    632 R  90,9  44,7   2:49.52
  20179 vboxuser  20   0 4881820 276480  30584 S   9,1   2,8   1:10.35
  22360 vboxuser  20   0  548980  17040   7180 S   9,1   0,2   0:04.40
  24435 vboxuser  20   0   12128   5268   3220 R   9,1   0,1   0:00.01
      1 root      20   0   23360   8076   3212 S   0,0   0,1   0:05.61

